#
# A fatal error has been detected by the Java Runtime Environment:
#
#  EXCEPTION_ACCESS_VIOLATION (0xc0000005) at pc=0x00007fff43456587, pid=3236, tid=17204
#
# JRE version: Java(TM) SE Runtime Environment (21.0.2+13) (build 21.0.2+13-LTS-58)
# Java VM: Java HotSpot(TM) 64-Bit Server VM (21.0.2+13-LTS-58, mixed mode, sharing, tiered, compressed oops, compressed class ptrs, g1 gc, windows-amd64)
# Problematic frame:
# C  [glass.dll+0x26587]
#
# No core dump will be written. Minidumps are not enabled by default on client versions of Windows
#
# If you would like to submit a bug report, please visit:
#   https://bugreport.java.com/bugreport/crash.jsp
#

---------------  S U M M A R Y ------------

Command Line: -javaagent:C:\Program Files\JetBrains\IntelliJ IDEA 2023.3.5\lib\idea_rt.jar=53087:C:\Program Files\JetBrains\IntelliJ IDEA 2023.3.5\bin -Dfile.encoding=UTF-8 -Dsun.stdout.encoding=UTF-8 -Dsun.stderr.encoding=UTF-8 --module-path=C:\Users\adria\.m2\repository\org\openjfx\javafx-controls\21\javafx-controls-21-win.jar;C:\Program Files\Java\javalibs\javafx-sdk-21.0.2\lib\javafx.controls.jar;C:\Users\adria\.m2\repository\org\openjfx\javafx-fxml\21\javafx-fxml-21-win.jar;C:\Program Files\Java\javalibs\javafx-sdk-21.0.2\lib\javafx.fxml.jar;C:\Users\adria\.m2\repository\com\dlsc\formsfx\formsfx-core\11.6.0\formsfx-core-11.6.0.jar;C:\Users\adria\.m2\repository\net\synedra\validatorfx\0.4.0\validatorfx-0.4.0.jar;C:\Users\adria\.m2\repository\org\openjfx\javafx-graphics\21\javafx-graphics-21-win.jar;C:\Program Files\Java\javalibs\javafx-sdk-21.0.2\lib\javafx.graphics.jar;C:\Users\adria\Documents\GitHub\EasyScheduleDesk\target\classes;C:\Program Files\Java\javalibs\javafx-sdk-21.0.2\lib\javafx.media.jar;C:\Users\adria\.m2\repository\org\openjfx\javafx-base\21\javafx-base-21-win.jar;C:\Program Files\Java\javalibs\javafx-sdk-21.0.2\lib\javafx.base.jar;C:\Users\adria\.m2\repository\org\kordamp\ikonli\ikonli-core\12.3.1\ikonli-core-12.3.1.jar;C:\Users\adria\.m2\repository\org\kordamp\ikonli\ikonli-javafx\12.3.1\ikonli-javafx-12.3.1.jar;C:\Users\adria\.m2\repository\org\controlsfx\controlsfx\11.1.2\controlsfx-11.1.2.jar -Djdk.module.main=main.java.easyschedule main.java.easyschedule/App.App --module-path C:\Program Files\Java\javalibs\javafx-sdk-21.0.2\lib --add-modules=javafx.controls

Host: Intel(R) Core(TM) i5-10300H CPU @ 2.50GHz, 8 cores, 31G,  Windows 11 , 64 bit Build 22621 (10.0.22621.3672)
Time: Tue Jun 18 15:06:52 2024 Hora Padrão Brasil Central elapsed time: 101.247200 seconds (0d 0h 1m 41s)

---------------  T H R E A D  ---------------

Current thread (0x000001a74a40e3e0):  VMThread "VM Thread"          [id=17204, stack(0x0000000551200000,0x0000000551300000) (1024K)]

Stack: [0x0000000551200000,0x0000000551300000],  sp=0x00000005512ff390,  free space=1020k
Native frames: (J=compiled Java code, j=interpreted, Vv=VM code, C=native code)
C  [glass.dll+0x26587]


siginfo: EXCEPTION_ACCESS_VIOLATION (0xc0000005), reading address 0x0000000000000000


Registers:
RAX=0x0000000000000000, RBX=0x000001a74a419452, RCX=0x000001a74a40e3e0, RDX=0x00000005512ff390
RSP=0x00000005512ff390, RBP=0x000001a790ab5528, RSI=0x00000005512ff498, RDI=0x000001a790ab5500
R8 =0x0000000000010002, R9 =0x000001a790ab5500, R10=0x85f13e9656da4870, R11=0x00000005512ff320
R12=0x00007fff43453ed0, R13=0x00007ffee8ca4720, R14=0x000090d209729d00, R15=0x000001a790ab5500
RIP=0x00007fff43456587, EFLAGS=0x0000000000010206


Register to memory mapping:

RAX=0x0 is null
RBX=0x000001a74a419452 is a global jni handle
RCX=0x000001a74a40e3e0 points into unknown readable memory: 0x00007ffee8ab6038 | 38 60 ab e8 fe 7f 00 00
RDX=0x00000005512ff390 points into unknown readable memory: 0x0000000000000000 | 00 00 00 00 00 00 00 00
RSP=0x00000005512ff390 points into unknown readable memory: 0x0000000000000000 | 00 00 00 00 00 00 00 00
RBP=0x000001a790ab5528 points into unknown readable memory: 0x000090d209729d00 | 00 9d 72 09 d2 90 00 00
RSI=0x00000005512ff498 points into unknown readable memory: 0x00000005512ff480 | 80 f4 2f 51 05 00 00 00
RDI=0x000001a790ab5500 points into unknown readable memory: 0x0000ef2d4a37a4e8 | e8 a4 37 4a 2d ef 00 00
R8 =0x0000000000010002 is an unknown value
R9 =0x000001a790ab5500 points into unknown readable memory: 0x0000ef2d4a37a4e8 | e8 a4 37 4a 2d ef 00 00
R10=0x85f13e9656da4870 is an unknown value
R11=0x00000005512ff320 points into unknown readable memory: 0x000001a790ab5500 | 00 55 ab 90 a7 01 00 00
R12=0x00007fff43453ed0 glass.dll
R13=0x00007ffee8ca4720 jvm.dll
R14=0x000090d209729d00 is an unknown value
R15=0x000001a790ab5500 points into unknown readable memory: 0x0000ef2d4a37a4e8 | e8 a4 37 4a 2d ef 00 00

Top of Stack: (sp=0x00000005512ff390)
0x00000005512ff390:   0000000000000000 00000005512ff498
0x00000005512ff3a0:   00007ffee8ca4720 00007fff43453ed0
0x00000005512ff3b0:   000001a790ab5508 00007fff87d33a93
0x00000005512ff3c0:   000001a790ab5500 000001a700000000
0x00000005512ff3d0:   000001a790ab5528 00000005512ff498
0x00000005512ff3e0:   fffffffffffffffe 0000000000000000
0x00000005512ff3f0:   0000000000000001 00007fff43430000
0x00000005512ff400:   00000005512ff488 00007fff87d0042e
0x00000005512ff410:   0000000000000000 00000005512ff498
0x00000005512ff420:   00000005512ff780 0000000000000001
0x00000005512ff430:   0000000000000001 00007fff87cfdddd
0x00000005512ff440:   0000000000000000 00007fff434536c9
0x00000005512ff450:   0000000000000000 00000005512ff488
0x00000005512ff460:   fffffffffffffffe 0000000500000000
0x00000005512ff470:   0000000000000001 00007fff43453d5d
0x00000005512ff480:   00007fff4346a008 00007fff00000002
0x00000005512ff490:   0000000000000002 00000005512ff480
0x00000005512ff4a0:   0000000000000000 00007fff8a118ae3
0x00000005512ff4b0:   0000000000000000 00007fff43453e82
0x00000005512ff4c0:   0000000000000001 0000000000000000
0x00000005512ff4d0:   0000000000000001 0000000000000000
0x00000005512ff4e0:   0000000000000001 00007fff86c32223
0x00000005512ff4f0:   00007fff00000001 0000000000000000
0x00000005512ff500:   00007fff43430000 000000007ffe0384
0x00000005512ff510:   0000000000000000 00007fff8a118b7f
0x00000005512ff520:   00007fff43430000 0000000000000000
0x00000005512ff530:   0000000000000001 000000007ffe0385
0x00000005512ff540:   00007fff8a227940 00007fff68e68c20
0x00000005512ff550:   000073fac1a35f00 00007fff67d50000
0x00000005512ff560:   00007fff43453ed0 0000000000000000
0x00000005512ff570:   0000000000000000 0000000550690000
0x00000005512ff580:   000001a790ab3930 00007fff8a141586 

Instructions: (pc=0x00007fff43456587)
0x00007fff43456487:   8b 4d 58 e8 8d cf ff ff 48 8b 4d 60 e8 84 cf ff
0x00007fff43456497:   ff 48 8b 95 80 00 00 00 48 8b 8d 18 01 00 00 e8
0x00007fff434564a7:   76 c4 ff ff 33 d2 33 c9 e8 cc e1 ff ff 90 48 89
0x00007fff434564b7:   54 24 10 55 48 83 ec 20 48 8b ea 48 b8 00 00 00
0x00007fff434564c7:   00 00 00 00 00 48 83 c4 20 5d c3 cc 40 55 48 8b
0x00007fff434564d7:   ea 48 8b 01 33 c9 81 38 05 00 00 c0 0f 94 c1 8b
0x00007fff434564e7:   c1 5d c3 cc 40 55 48 83 ec 20 48 8b ea 8a 4d 40
0x00007fff434564f7:   48 83 c4 20 5d e9 73 d3 ff ff cc 40 55 48 83 ec
0x00007fff43456507:   20 48 8b ea 8a 4d 20 e8 61 d3 ff ff 90 48 83 c4
0x00007fff43456517:   20 5d c3 cc 40 55 48 83 ec 20 48 8b ea 48 83 c4
0x00007fff43456527:   20 5d e9 c2 d1 ff ff cc 40 55 48 83 ec 30 48 8b
0x00007fff43456537:   ea 48 8b 01 8b 10 48 89 4c 24 28 89 54 24 20 4c
0x00007fff43456547:   8d 0d 63 d6 ff ff 4c 8b 45 70 8b 55 68 48 8b 4d
0x00007fff43456557:   60 e8 03 d1 ff ff 90 48 83 c4 30 5d c3 cc cc cc
0x00007fff43456567:   cc cc cc cc cc cc cc cc cc 40 53 48 83 ec 20 48
0x00007fff43456577:   8b 1d 8b 34 01 00 48 85 db 74 16 e8 89 8f ff ff
0x00007fff43456587:   4c 8b 00 48 8b d3 48 8b c8 41 ff 90 b0 00 00 00
0x00007fff43456597:   90 48 83 c4 20 5b c3 cc cc 40 53 48 83 ec 20 48
0x00007fff434565a7:   8b 1d fb 35 01 00 48 85 db 74 57 b8 ff ff ff ff
0x00007fff434565b7:   f0 0f c1 43 10 83 f8 01 75 3d 48 85 db 74 38 48
0x00007fff434565c7:   8b 0b 48 85 c9 74 0d ff 15 d4 0c 00 00 48 c7 03
0x00007fff434565d7:   00 00 00 00 48 8b 4b 08 48 85 c9 74 0d e8 33 ce
0x00007fff434565e7:   ff ff 48 c7 43 08 00 00 00 00 ba 18 00 00 00 48
0x00007fff434565f7:   8b cb e8 1e ce ff ff 48 c7 05 9f 35 01 00 00 00
0x00007fff43456607:   00 00 48 83 c4 20 5b c3 cc 40 53 48 83 ec 20 48
0x00007fff43456617:   8b 1d 6b 35 01 00 48 85 db 74 57 b8 ff ff ff ff
0x00007fff43456627:   f0 0f c1 43 10 83 f8 01 75 3d 48 85 db 74 38 48
0x00007fff43456637:   8b 0b 48 85 c9 74 0d ff 15 64 0c 00 00 48 c7 03
0x00007fff43456647:   00 00 00 00 48 8b 4b 08 48 85 c9 74 0d e8 c3 cd
0x00007fff43456657:   ff ff 48 c7 43 08 00 00 00 00 ba 18 00 00 00 48
0x00007fff43456667:   8b cb e8 ae cd ff ff 48 c7 05 0f 35 01 00 00 00
0x00007fff43456677:   00 00 48 83 c4 20 5b c3 cc 40 53 48 83 ec 20 48 


Stack slot to memory mapping:

stack at sp + 0 slots: 0x0 is null
stack at sp + 1 slots: 0x00000005512ff498 points into unknown readable memory: 0x00000005512ff480 | 80 f4 2f 51 05 00 00 00
stack at sp + 2 slots: 0x00007ffee8ca4720 jvm.dll
stack at sp + 3 slots: 0x00007fff43453ed0 glass.dll
stack at sp + 4 slots: 0x000001a790ab5508 points into unknown readable memory: 0x000090d209729d00 | 00 9d 72 09 d2 90 00 00
stack at sp + 5 slots: 0x00007fff87d33a93 ucrtbase.dll
stack at sp + 6 slots: 0x000001a790ab5500 points into unknown readable memory: 0x0000ef2d4a37a4e8 | e8 a4 37 4a 2d ef 00 00
stack at sp + 7 slots: 0x000001a700000000 is an unknown value

VM_Operation (0x00000005508feea0): Exit, mode: safepoint, requested by thread 0x000001a790fa5d40


---------------  P R O C E S S  ---------------

Threads class SMR info:
_java_thread_list=0x000001a79009c6c0, length=20, elements={
0x000001a724672890, 0x000001a74a42d970, 0x000001a74a42e780, 0x000001a74aaa6140,
0x000001a74aaab4b0, 0x000001a74aaaa790, 0x000001a74aaafe40, 0x000001a74aab08e0,
0x000001a74aaaae20, 0x000001a74aaac1d0, 0x000001a74aaabb40, 0x000001a74aaac860,
0x000001a74aaa93e0, 0x000001a74aaa9a70, 0x000001a74aaaa100, 0x000001a790fabfb0,
0x000001a790fa84a0, 0x000001a790fa70f0, 0x000001a790fa7e10, 0x000001a790fa5d40
}

Java Threads: ( => current thread )
  0x000001a724672890 JavaThread "main"                              [_thread_blocked, id=18060, stack(0x0000000550b00000,0x0000000550c00000) (1024K)]
  0x000001a74a42d970 JavaThread "Reference Handler"          daemon [_thread_blocked, id=15860, stack(0x0000000551300000,0x0000000551400000) (1024K)]
  0x000001a74a42e780 JavaThread "Finalizer"                  daemon [_thread_blocked, id=18336, stack(0x0000000551400000,0x0000000551500000) (1024K)]
  0x000001a74aaa6140 JavaThread "Attach Listener"            daemon [_thread_blocked, id=6160, stack(0x0000000551600000,0x0000000551700000) (1024K)]
  0x000001a74aaab4b0 JavaThread "Service Thread"             daemon [_thread_blocked, id=8952, stack(0x0000000551700000,0x0000000551800000) (1024K)]
  0x000001a74aaaa790 JavaThread "Monitor Deflation Thread"   daemon [_thread_blocked, id=5140, stack(0x0000000551800000,0x0000000551900000) (1024K)]
  0x000001a74aaafe40 JavaThread "C2 CompilerThread0"         daemon [_thread_blocked, id=11152, stack(0x0000000551900000,0x0000000551a00000) (1024K)]
  0x000001a74aab08e0 JavaThread "C1 CompilerThread0"         daemon [_thread_blocked, id=6128, stack(0x0000000551a00000,0x0000000551b00000) (1024K)]
  0x000001a74aaaae20 JavaThread "Common-Cleaner"             daemon [_thread_blocked, id=4944, stack(0x0000000551b00000,0x0000000551c00000) (1024K)]
  0x000001a74aaac1d0 JavaThread "Monitor Ctrl-Break"         daemon [_thread_in_native, id=22408, stack(0x0000000551e00000,0x0000000551f00000) (1024K)]
  0x000001a74aaabb40 JavaThread "Notification Thread"        daemon [_thread_blocked, id=14960, stack(0x0000000551f00000,0x0000000552000000) (1024K)]
  0x000001a74aaac860 JavaThread "QuantumRenderer-0"          daemon [_thread_blocked, id=20180, stack(0x0000000552000000,0x0000000552100000) (1024K)]
  0x000001a74aaa93e0 JavaThread "InvokeLaterDispatcher"      daemon [_thread_blocked, id=8484, stack(0x0000000551d00000,0x0000000551e00000) (1024K)]
  0x000001a74aaa9a70 JavaThread "JavaFX Application Thread"         [_thread_in_native, id=12608, stack(0x0000000552100000,0x0000000552200000) (1024K)]
  0x000001a74aaaa100 JavaThread "Thread-1"                   daemon [_thread_in_native, id=4208, stack(0x0000000552c00000,0x0000000552d00000) (1024K)]
  0x000001a790fabfb0 JavaThread "JavaFX-Launcher"                   [_thread_blocked, id=20964, stack(0x0000000552d00000,0x0000000552e00000) (1024K)]
  0x000001a790fa84a0 JavaThread "Prism Font Disposer"        daemon [_thread_blocked, id=10056, stack(0x0000000553200000,0x0000000553300000) (1024K)]
  0x000001a790fa70f0 JavaThread "Cleaner-0"                  daemon [_thread_blocked, id=3724, stack(0x0000000553300000,0x0000000553400000) (1024K)]
  0x000001a790fa7e10 JavaThread "mysql-cj-abandoned-connection-cleanup" daemon [_thread_blocked, id=21728, stack(0x0000000551c00000,0x0000000551d00000) (1024K)]
  0x000001a790fa5d40 JavaThread "SIGINT handler"             daemon [_thread_blocked, id=8444, stack(0x0000000550800000,0x0000000550900000) (1024K)]
Total: 20

Other Threads:
=>0x000001a74a40e3e0 VMThread "VM Thread"                           [id=17204, stack(0x0000000551200000,0x0000000551300000) (1024K)]
  0x000001a7268d0d80 WorkerThread "GC Thread#0"                     [id=23272, stack(0x0000000550c00000,0x0000000550d00000) (1024K)]
  0x000001a790517580 WorkerThread "GC Thread#1"                     [id=4256, stack(0x0000000552500000,0x0000000552600000) (1024K)]
  0x000001a7904dd670 WorkerThread "GC Thread#2"                     [id=6684, stack(0x0000000552600000,0x0000000552700000) (1024K)]
  0x000001a7904dde10 WorkerThread "GC Thread#3"                     [id=13820, stack(0x0000000552700000,0x0000000552800000) (1024K)]
  0x000001a7911ae410 WorkerThread "GC Thread#4"                     [id=18644, stack(0x0000000552800000,0x0000000552900000) (1024K)]
  0x000001a7911af9d0 WorkerThread "GC Thread#5"                     [id=11976, stack(0x0000000552900000,0x0000000552a00000) (1024K)]
  0x000001a7911ae7b0 WorkerThread "GC Thread#6"                     [id=20508, stack(0x0000000552a00000,0x0000000552b00000) (1024K)]
  0x000001a7911af630 WorkerThread "GC Thread#7"                     [id=23292, stack(0x0000000552b00000,0x0000000552c00000) (1024K)]
  0x000001a7268e1dd0 ConcurrentGCThread "G1 Main Marker"            terminated
  0x000001a7268e3070 WorkerThread "G1 Conc#0"                       [id=3444, stack(0x0000000550e00000,0x0000000550f00000) (1024K)]
  0x000001a79166eff0 WorkerThread "G1 Conc#1"                       [id=14284, stack(0x0000000553400000,0x0000000553500000) (1024K)]
  0x000001a74a2b6aa0 ConcurrentGCThread "G1 Refine#0"               terminated
  0x000001a74a2b7610 ConcurrentGCThread "G1 Service"                terminated
Total: 14

Threads with active compile tasks:
Total: 0

VM state: at safepoint (shutting down)

VM Mutex/Monitor currently owned by a thread:  ([mutex/lock_event])
[0x00007ffee8c7cd68] Threads_lock - owner thread: 0x000001a74a40e3e0
[0x00007ffee8c7ce68] Heap_lock - owner thread: 0x000001a790fa5d40

Heap address: 0x0000000602800000, size: 8152 MB, Compressed Oops mode: Zero based, Oop shift amount: 3

CDS archive(s) mapped at: [0x000001a74b000000-0x000001a74bc90000-0x000001a74bc90000), size 13172736, SharedBaseAddress: 0x000001a74b000000, ArchiveRelocationMode: 1.
Compressed class space mapped at: 0x000001a74c000000-0x000001a78c000000, reserved size: 1073741824
Narrow klass base: 0x000001a74b000000, Narrow klass shift: 0, Narrow klass range: 0x100000000

GC Precious Log:
 CardTable entry size: 512
 Card Set container configuration: InlinePtr #cards 4 size 8 Array Of Cards #cards 32 size 80 Howl #buckets 8 coarsen threshold 7372 Howl Bitmap #cards 1024 size 144 coarsen threshold 921 Card regions per heap region 1 cards per card region 8192
 CPUs: 8 total, 8 available
 Memory: 32599M
 Large Page Support: Disabled
 NUMA Support: Disabled
 Compressed Oops: Enabled (Zero based)
 Heap Region Size: 4M
 Heap Min Capacity: 8M
 Heap Initial Capacity: 512M
 Heap Max Capacity: 8152M
 Pre-touch: Disabled
 Parallel Workers: 8
 Concurrent Workers: 2
 Concurrent Refinement Workers: 8
 Periodic GC: Disabled

Heap:
 garbage-first heap   total 69632K, used 32086K [0x0000000602800000, 0x0000000800000000)
  region size 4096K, 7 young (28672K), 2 survivors (8192K)
 Metaspace       used 27956K, committed 28288K, reserved 1114112K
  class space    used 3854K, committed 4032K, reserved 1048576K

Heap Regions: E=young(eden), S=young(survivor), O=old, HS=humongous(starts), HC=humongous(continues), CS=collection set, F=free, TAMS=top-at-mark-start, PB=parsable bottom
|   0|0x0000000602800000, 0x0000000602a98460, 0x0000000602c00000| 64%| O|Cm|TAMS 0x0000000602800000| PB 0x0000000602800000| Complete 
|   1|0x0000000602c00000, 0x0000000603000000, 0x0000000603000000|100%| O|  |TAMS 0x0000000602c00000| PB 0x0000000602c00000| Untracked 
|   2|0x0000000603000000, 0x00000006031c7ce0, 0x0000000603400000| 44%| O|  |TAMS 0x0000000603000000| PB 0x0000000603000000| Untracked 
|   3|0x0000000603400000, 0x0000000603400000, 0x0000000603800000|  0%| F|  |TAMS 0x0000000603400000| PB 0x0000000603400000| Untracked 
|   4|0x0000000603800000, 0x0000000603800000, 0x0000000603c00000|  0%| F|  |TAMS 0x0000000603800000| PB 0x0000000603800000| Untracked 
|   5|0x0000000603c00000, 0x0000000603ef5960, 0x0000000604000000| 73%| S|CS|TAMS 0x0000000603c00000| PB 0x0000000603c00000| Complete 
|   6|0x0000000604000000, 0x0000000604400000, 0x0000000604400000|100%| S|CS|TAMS 0x0000000604000000| PB 0x0000000604000000| Complete 
|   7|0x0000000604400000, 0x0000000604400000, 0x0000000604800000|  0%| F|  |TAMS 0x0000000604400000| PB 0x0000000604400000| Untracked 
|   8|0x0000000604800000, 0x0000000604800000, 0x0000000604c00000|  0%| F|  |TAMS 0x0000000604800000| PB 0x0000000604800000| Untracked 
|   9|0x0000000604c00000, 0x0000000604c00000, 0x0000000605000000|  0%| F|  |TAMS 0x0000000604c00000| PB 0x0000000604c00000| Untracked 
|  10|0x0000000605000000, 0x0000000605000000, 0x0000000605400000|  0%| F|  |TAMS 0x0000000605000000| PB 0x0000000605000000| Untracked 
|  11|0x0000000605400000, 0x0000000605400000, 0x0000000605800000|  0%| F|  |TAMS 0x0000000605400000| PB 0x0000000605400000| Untracked 
|  12|0x0000000605800000, 0x0000000605961340, 0x0000000605c00000| 34%| E|  |TAMS 0x0000000605800000| PB 0x0000000605800000| Complete 
| 120|0x0000000620800000, 0x0000000620c00000, 0x0000000620c00000|100%| E|CS|TAMS 0x0000000620800000| PB 0x0000000620800000| Complete 
| 121|0x0000000620c00000, 0x0000000621000000, 0x0000000621000000|100%| E|CS|TAMS 0x0000000620c00000| PB 0x0000000620c00000| Complete 
| 122|0x0000000621000000, 0x0000000621400000, 0x0000000621400000|100%| E|CS|TAMS 0x0000000621000000| PB 0x0000000621000000| Complete 
| 127|0x0000000622400000, 0x0000000622800000, 0x0000000622800000|100%| E|CS|TAMS 0x0000000622400000| PB 0x0000000622400000| Complete 

Card table byte_map: [0x000001a73efb0000,0x000001a73ffa0000] _byte_map_base: 0x000001a73bf9c000

Marking Bits: (CMBitMap*) 0x000001a7268d1480
 Bits: [0x000001a73ffa0000, 0x000001a747f00000)

Polling page: 0x000001a724630000

Metaspace:

Usage:
  Non-class:     23.54 MB used.
      Class:      3.76 MB used.
       Both:     27.30 MB used.

Virtual space:
  Non-class space:       64.00 MB reserved,      23.69 MB ( 37%) committed,  1 nodes.
      Class space:        1.00 GB reserved,       3.94 MB ( <1%) committed,  1 nodes.
             Both:        1.06 GB reserved,      27.62 MB (  3%) committed. 

Chunk freelists:
   Non-Class:  7.62 MB
       Class:  12.08 MB
        Both:  19.70 MB

MaxMetaspaceSize: unlimited
CompressedClassSpaceSize: 1.00 GB
Initial GC threshold: 21.00 MB
Current GC threshold: 35.31 MB
CDS: on
 - commit_granule_bytes: 65536.
 - commit_granule_words: 8192.
 - virtual_space_node_default_size: 8388608.
 - enlarge_chunks_in_place: 1.
 - use_allocation_guard: 0.


Internal statistics:

num_allocs_failed_limit: 3.
num_arena_births: 422.
num_arena_deaths: 0.
num_vsnodes_births: 2.
num_vsnodes_deaths: 0.
num_space_committed: 442.
num_space_uncommitted: 0.
num_chunks_returned_to_freelist: 3.
num_chunks_taken_from_freelist: 1247.
num_chunk_merges: 3.
num_chunk_splits: 842.
num_chunks_enlarged: 617.
num_inconsistent_stats: 0.

CodeHeap 'non-profiled nmethods': size=120000Kb used=2302Kb max_used=2302Kb free=117697Kb
 bounds [0x000001a736760000, 0x000001a7369d0000, 0x000001a73dc90000]
CodeHeap 'profiled nmethods': size=120000Kb used=9945Kb max_used=9945Kb free=110054Kb
 bounds [0x000001a72ec90000, 0x000001a72f650000, 0x000001a7361c0000]
CodeHeap 'non-nmethods': size=5760Kb used=1921Kb max_used=2011Kb free=3838Kb
 bounds [0x000001a7361c0000, 0x000001a736430000, 0x000001a736760000]
 total_blobs=5832 nmethods=4924 adapters=810
 compilation: enabled
              stopped_count=0, restarted_count=0
 full_count=0

Compilation events (20 events):
Event: 34.955 Thread 0x000001a74aaafe40 4917       4       java.util.ArrayList::clear (43 bytes)
Event: 34.956 Thread 0x000001a74aaafe40 nmethod 4917 0x000001a73699e290 code [0x000001a73699e420, 0x000001a73699e598]
Event: 35.011 Thread 0x000001a74aab08e0 4918       3       java.util.ArrayDeque::removeFirst (19 bytes)
Event: 35.011 Thread 0x000001a74aab08e0 nmethod 4918 0x000001a72f642910 code [0x000001a72f642ae0, 0x000001a72f642d48]
Event: 35.267 Thread 0x000001a74aab08e0 4919       3       com.sun.javafx.geom.Vec3d::normalize (38 bytes)
Event: 35.267 Thread 0x000001a74aab08e0 nmethod 4919 0x000001a72f642e90 code [0x000001a72f643060, 0x000001a72f6431e8]
Event: 35.267 Thread 0x000001a74aab08e0 4921       3       com.sun.javafx.scene.input.PickResultChooser::toPickResult (41 bytes)
Event: 35.267 Thread 0x000001a74aab08e0 nmethod 4921 0x000001a72f643290 code [0x000001a72f643440, 0x000001a72f643698]
Event: 35.267 Thread 0x000001a74aab08e0 4920       3       com.sun.javafx.scene.input.PickResultChooser::processOffer (146 bytes)
Event: 35.268 Thread 0x000001a74aab08e0 nmethod 4920 0x000001a72f643790 code [0x000001a72f6439e0, 0x000001a72f6446c0]
Event: 35.307 Thread 0x000001a74aab08e0 4922   !   3       com.sun.javafx.event.EventQueue::fire (66 bytes)
Event: 35.307 Thread 0x000001a74aab08e0 nmethod 4922 0x000001a72f644b10 code [0x000001a72f644d60, 0x000001a72f6455a0]
Event: 85.926 Thread 0x000001a74aaafe40 4923       4       com.sun.javafx.tk.quantum.QuantumToolkit::postPulse (133 bytes)
Event: 85.928 Thread 0x000001a74aaafe40 nmethod 4923 0x000001a73699e690 code [0x000001a73699e860, 0x000001a73699eb38]
Event: 86.534 Thread 0x000001a74aaafe40 4924       4       com.sun.javafx.tk.quantum.QuantumToolkit$$Lambda/0x000001a74c03df20::run (8 bytes)
Event: 86.537 Thread 0x000001a74aaafe40 nmethod 4924 0x000001a73699ee10 code [0x000001a73699f000, 0x000001a73699f358]
Event: 89.931 Thread 0x000001a74aab08e0 4925       3       jdk.internal.module.Resources::toPackageName (39 bytes)
Event: 89.931 Thread 0x000001a74aab08e0 nmethod 4925 0x000001a72f645990 code [0x000001a72f645bc0, 0x000001a72f646250]
Event: 100.738 Thread 0x000001a74aab08e0 4926       1       java.util.logging.LogManager$LoggerContext::getOwner (5 bytes)
Event: 100.738 Thread 0x000001a74aab08e0 nmethod 4926 0x000001a73699f690 code [0x000001a73699f820, 0x000001a73699f8f0]

GC Heap History (8 events):
Event: 0.494 GC heap before
{Heap before GC invocations=0 (full 0):
 garbage-first heap   total 524288K, used 24576K [0x0000000602800000, 0x0000000800000000)
  region size 4096K, 6 young (24576K), 0 survivors (0K)
 Metaspace       used 3641K, committed 3776K, reserved 1114112K
  class space    used 377K, committed 448K, reserved 1048576K
}
Event: 0.496 GC heap after
{Heap after GC invocations=1 (full 0):
 garbage-first heap   total 524288K, used 2221K [0x0000000602800000, 0x0000000800000000)
  region size 4096K, 1 young (4096K), 1 survivors (4096K)
 Metaspace       used 3641K, committed 3776K, reserved 1114112K
  class space    used 377K, committed 448K, reserved 1048576K
}
Event: 1.794 GC heap before
{Heap before GC invocations=1 (full 0):
 garbage-first heap   total 524288K, used 47277K [0x0000000602800000, 0x0000000800000000)
  region size 4096K, 13 young (53248K), 1 survivors (4096K)
 Metaspace       used 14453K, committed 14784K, reserved 1114112K
  class space    used 2021K, committed 2176K, reserved 1048576K
}
Event: 1.798 GC heap after
{Heap after GC invocations=2 (full 0):
 garbage-first heap   total 524288K, used 9308K [0x0000000602800000, 0x0000000800000000)
  region size 4096K, 2 young (8192K), 2 survivors (8192K)
 Metaspace       used 14453K, committed 14784K, reserved 1114112K
  class space    used 2021K, committed 2176K, reserved 1048576K
}
Event: 7.244 GC heap before
{Heap before GC invocations=2 (full 0):
 garbage-first heap   total 524288K, used 25692K [0x0000000602800000, 0x0000000800000000)
  region size 4096K, 7 young (28672K), 2 survivors (8192K)
 Metaspace       used 21132K, committed 21504K, reserved 1114112K
  class space    used 2904K, committed 3072K, reserved 1048576K
}
Event: 7.247 GC heap after
{Heap after GC invocations=3 (full 0):
 garbage-first heap   total 524288K, used 11347K [0x0000000602800000, 0x0000000800000000)
  region size 4096K, 3 young (12288K), 3 survivors (12288K)
 Metaspace       used 21132K, committed 21504K, reserved 1114112K
  class space    used 2904K, committed 3072K, reserved 1048576K
}
Event: 9.827 GC heap before
{Heap before GC invocations=4 (full 0):
 garbage-first heap   total 69632K, used 40019K [0x0000000602800000, 0x0000000800000000)
  region size 4096K, 10 young (40960K), 3 survivors (12288K)
 Metaspace       used 26838K, committed 27264K, reserved 1114112K
  class space    used 3694K, committed 3904K, reserved 1048576K
}
Event: 9.832 GC heap after
{Heap after GC invocations=5 (full 0):
 garbage-first heap   total 69632K, used 15702K [0x0000000602800000, 0x0000000800000000)
  region size 4096K, 2 young (8192K), 2 survivors (8192K)
 Metaspace       used 26838K, committed 27264K, reserved 1114112K
  class space    used 3694K, committed 3904K, reserved 1048576K
}

Dll operation events (20 events):
Event: 0.356 Loaded shared library C:\Users\adria\.openjfx\cache\21+31\amd64\api-ms-win-crt-math-l1-1-0.dll
Event: 0.359 Loaded shared library C:\Users\adria\.openjfx\cache\21+31\amd64\api-ms-win-crt-multibyte-l1-1-0.dll
Event: 0.362 Loaded shared library C:\Users\adria\.openjfx\cache\21+31\amd64\api-ms-win-crt-private-l1-1-0.dll
Event: 0.365 Loaded shared library C:\Users\adria\.openjfx\cache\21+31\amd64\api-ms-win-crt-process-l1-1-0.dll
Event: 0.368 Loaded shared library C:\Users\adria\.openjfx\cache\21+31\amd64\api-ms-win-crt-runtime-l1-1-0.dll
Event: 0.371 Loaded shared library C:\Users\adria\.openjfx\cache\21+31\amd64\api-ms-win-crt-stdio-l1-1-0.dll
Event: 0.373 Loaded shared library C:\Users\adria\.openjfx\cache\21+31\amd64\api-ms-win-crt-string-l1-1-0.dll
Event: 0.375 Loaded shared library C:\Users\adria\.openjfx\cache\21+31\amd64\api-ms-win-crt-time-l1-1-0.dll
Event: 0.378 Loaded shared library C:\Users\adria\.openjfx\cache\21+31\amd64\api-ms-win-crt-utility-l1-1-0.dll
Event: 0.389 Loaded shared library C:\Users\adria\.openjfx\cache\21+31\amd64\ucrtbase.dll
Event: 0.393 Loaded shared library C:\Users\adria\.openjfx\cache\21+31\amd64\vcruntime140.dll
Event: 0.396 Loaded shared library C:\Users\adria\.openjfx\cache\21+31\amd64\vcruntime140_1.dll
Event: 0.403 Loaded shared library C:\Users\adria\.openjfx\cache\21+31\amd64\msvcp140.dll
Event: 0.406 Loaded shared library C:\Users\adria\.openjfx\cache\21+31\amd64\msvcp140_1.dll
Event: 0.410 Loaded shared library C:\Users\adria\.openjfx\cache\21+31\amd64\msvcp140_2.dll
Event: 0.435 Loaded shared library C:\Users\adria\.openjfx\cache\21+31\amd64\prism_d3d.dll
Event: 0.472 Loaded shared library C:\Users\adria\.openjfx\cache\21+31\amd64\glass.dll
Event: 0.549 Loaded shared library C:\Program Files\Java\jdk-21\bin\jimage.dll
Event: 0.645 Loaded shared library C:\Users\adria\.openjfx\cache\21+31\amd64\javafx_font.dll
Event: 7.233 Loaded shared library C:\Program Files\Java\jdk-21\bin\sunmscapi.dll

Deoptimization events (20 events):
Event: 11.132 Thread 0x000001a74aaa9a70 Uncommon trap: trap_request=0xffffffd6 fr.pc=0x000001a736977ac4 relative=0x0000000000000544
Event: 11.132 Thread 0x000001a74aaa9a70 Uncommon trap: reason=array_check action=maybe_recompile pc=0x000001a736977ac4 method=com.sun.javafx.css.StyleCacheEntry$Key.<init>([Ljava/util/Set;Ljavafx/scene/text/Font;)V @ 39 c2
Event: 11.132 Thread 0x000001a74aaa9a70 DEOPT PACKING pc=0x000001a736977ac4 sp=0x00000005521f61e0
Event: 11.132 Thread 0x000001a74aaa9a70 DEOPT UNPACKING pc=0x000001a7362146a2 sp=0x00000005521f61a0 mode 2
Event: 11.132 Thread 0x000001a74aaa9a70 Uncommon trap: trap_request=0xffffffd6 fr.pc=0x000001a736977ac4 relative=0x0000000000000544
Event: 11.132 Thread 0x000001a74aaa9a70 Uncommon trap: reason=array_check action=maybe_recompile pc=0x000001a736977ac4 method=com.sun.javafx.css.StyleCacheEntry$Key.<init>([Ljava/util/Set;Ljavafx/scene/text/Font;)V @ 39 c2
Event: 11.132 Thread 0x000001a74aaa9a70 DEOPT PACKING pc=0x000001a736977ac4 sp=0x00000005521f5ae0
Event: 11.132 Thread 0x000001a74aaa9a70 DEOPT UNPACKING pc=0x000001a7362146a2 sp=0x00000005521f5aa0 mode 2
Event: 11.132 Thread 0x000001a74aaa9a70 Uncommon trap: trap_request=0xffffffd6 fr.pc=0x000001a736977ac4 relative=0x0000000000000544
Event: 11.132 Thread 0x000001a74aaa9a70 Uncommon trap: reason=array_check action=maybe_recompile pc=0x000001a736977ac4 method=com.sun.javafx.css.StyleCacheEntry$Key.<init>([Ljava/util/Set;Ljavafx/scene/text/Font;)V @ 39 c2
Event: 11.132 Thread 0x000001a74aaa9a70 DEOPT PACKING pc=0x000001a736977ac4 sp=0x00000005521f5500
Event: 11.132 Thread 0x000001a74aaa9a70 DEOPT UNPACKING pc=0x000001a7362146a2 sp=0x00000005521f54c0 mode 2
Event: 11.132 Thread 0x000001a74aaa9a70 Uncommon trap: trap_request=0xffffffd6 fr.pc=0x000001a736977ac4 relative=0x0000000000000544
Event: 11.132 Thread 0x000001a74aaa9a70 Uncommon trap: reason=array_check action=maybe_recompile pc=0x000001a736977ac4 method=com.sun.javafx.css.StyleCacheEntry$Key.<init>([Ljava/util/Set;Ljavafx/scene/text/Font;)V @ 39 c2
Event: 11.132 Thread 0x000001a74aaa9a70 DEOPT PACKING pc=0x000001a736977ac4 sp=0x00000005521f5fa0
Event: 11.132 Thread 0x000001a74aaa9a70 DEOPT UNPACKING pc=0x000001a7362146a2 sp=0x00000005521f5f60 mode 2
Event: 100.738 Thread 0x000001a74aaaa100 Uncommon trap: trap_request=0xffffff45 fr.pc=0x000001a73699f1d0 relative=0x00000000000001d0
Event: 100.738 Thread 0x000001a74aaaa100 Uncommon trap: reason=unstable_if action=reinterpret pc=0x000001a73699f1d0 method=com.sun.javafx.tk.quantum.QuantumToolkit.postPulse()V @ 7 c2
Event: 100.738 Thread 0x000001a74aaaa100 DEOPT PACKING pc=0x000001a73699f1d0 sp=0x0000000552cff550
Event: 100.739 Thread 0x000001a74aaaa100 DEOPT UNPACKING pc=0x000001a7362146a2 sp=0x0000000552cff420 mode 2

Classes loaded (20 events):
Event: 9.826 Loading class java/util/Formatter$DateTime
Event: 9.826 Loading class java/util/Formatter$DateTime done
Event: 9.826 Loading class java/util/Formatter$FixedString
Event: 9.826 Loading class java/util/Formatter$FixedString done
Event: 9.826 Loading class java/time/ZonedDateTime$1
Event: 9.826 Loading class java/time/ZonedDateTime$1 done
Event: 9.833 Loading class sun/util/resources/LocaleData$CommonResourceBundleProvider
Event: 9.833 Loading class sun/util/resources/LocaleData$LocaleDataResourceBundleProvider
Event: 9.833 Loading class java/util/spi/ResourceBundleProvider
Event: 9.833 Loading class java/util/spi/ResourceBundleProvider done
Event: 9.833 Loading class sun/util/resources/LocaleData$LocaleDataResourceBundleProvider done
Event: 9.833 Loading class sun/util/resources/LocaleData$CommonResourceBundleProvider done
Event: 9.833 Loading class sun/util/resources/Bundles$2
Event: 9.833 Loading class sun/util/resources/Bundles$2 done
Event: 9.843 Loading class java/time/format/FormatStyle
Event: 9.843 Loading class java/time/format/FormatStyle done
Event: 9.890 Loading class java/util/BitSet$1BitSetSpliterator
Event: 9.890 Loading class java/util/BitSet$1BitSetSpliterator done
Event: 100.737 Loading class jdk/internal/misc/Signal$1
Event: 100.738 Loading class jdk/internal/misc/Signal$1 done

Classes unloaded (0 events):
No events

Classes redefined (0 events):
No events

Internal exceptions (20 events):
Event: 7.162 Thread 0x000001a74aaa9a70 Exception <a 'sun/nio/fs/WindowsException'{0x0000000621b24a60}> (0x0000000621b24a60) 
thrown [s\open\src\hotspot\share\prims\jni.cpp, line 520]
Event: 7.186 Thread 0x000001a74aaa9a70 Exception <a 'sun/nio/fs/WindowsException'{0x000000062142d038}> (0x000000062142d038) 
thrown [s\open\src\hotspot\share\prims\jni.cpp, line 520]
Event: 7.190 Thread 0x000001a74aaa9a70 Exception <a 'sun/nio/fs/WindowsException'{0x000000062143da98}> (0x000000062143da98) 
thrown [s\open\src\hotspot\share\prims\jni.cpp, line 520]
Event: 7.210 Thread 0x000001a74aaa9a70 Exception <a 'java/lang/NoSuchMethodError'{0x00000006214da730}: 'java.lang.Object java.lang.invoke.DirectMethodHandle$Holder.invokeStaticInit(java.lang.Object, int, int, int, int)'> (0x00000006214da730) 
thrown [s\open\src\hotspot\share\interpreter\linkResolver.cpp, line 773]
Event: 7.223 Thread 0x000001a74aaa9a70 Exception <a 'java/lang/NoSuchMethodError'{0x0000000621587790}: 'java.lang.Object java.lang.invoke.DirectMethodHandle$Holder.invokeStaticInit(java.lang.Object, java.lang.Object, int, int, int, int)'> (0x0000000621587790) 
thrown [s\open\src\hotspot\share\interpreter\linkResolver.cpp, line 773]
Event: 7.350 Thread 0x000001a74aaa9a70 Exception <a 'java/lang/NoSuchMethodError'{0x000000062274ad40}: 'void java.lang.invoke.DirectMethodHandle$Holder.invokeInterface(java.lang.Object, java.lang.Object, java.lang.Object, java.lang.Object)'> (0x000000062274ad40) 
thrown [s\open\src\hotspot\share\interpreter\linkResolver.cpp, line 773]
Event: 7.406 Thread 0x000001a74aaa9a70 Exception <a 'java/io/IOException'{0x000000060592bdc0}> (0x000000060592bdc0) 
thrown [s\open\src\hotspot\share\prims\jni.cpp, line 520]
Event: 7.407 Thread 0x000001a74aaa9a70 Exception <a 'java/lang/NoSuchMethodError'{0x000000060592fa18}: 'void java.lang.invoke.DirectMethodHandle$Holder.invokeInterface(java.lang.Object, java.lang.Object)'> (0x000000060592fa18) 
thrown [s\open\src\hotspot\share\interpreter\linkResolver.cpp, line 773]
Event: 7.408 Thread 0x000001a74aaa9a70 Exception <a 'java/io/IOException'{0x0000000605936928}> (0x0000000605936928) 
thrown [s\open\src\hotspot\share\prims\jni.cpp, line 520]
Event: 7.459 Thread 0x000001a74aaa9a70 Exception <a 'java/io/IOException'{0x00000006054e4ca8}> (0x00000006054e4ca8) 
thrown [s\open\src\hotspot\share\prims\jni.cpp, line 520]
Event: 7.524 Thread 0x000001a74aaa9a70 Exception <a 'java/lang/NoSuchMethodError'{0x0000000605168478}: 'int java.lang.invoke.DirectMethodHandle$Holder.invokeVirtual(java.lang.Object, java.lang.Object)'> (0x0000000605168478) 
thrown [s\open\src\hotspot\share\interpreter\linkResolver.cpp, line 773]
Event: 7.526 Thread 0x000001a74aaa9a70 Exception <a 'java/lang/NoSuchMethodError'{0x0000000605176550}: 'double java.lang.invoke.DirectMethodHandle$Holder.invokeVirtual(java.lang.Object, java.lang.Object)'> (0x0000000605176550) 
thrown [s\open\src\hotspot\share\interpreter\linkResolver.cpp, line 773]
Event: 7.526 Thread 0x000001a74aaa9a70 Exception <a 'java/lang/NoSuchMethodError'{0x000000060517a4e8}: 'double java.lang.invoke.DelegatingMethodHandle$Holder.reinvoke_L(java.lang.Object, java.lang.Object)'> (0x000000060517a4e8) 
thrown [s\open\src\hotspot\share\interpreter\linkResolver.cpp, line 773]
Event: 7.714 Thread 0x000001a74aaac860 Exception <a 'java/lang/NoSuchMethodError'{0x0000000605567080}: 'java.lang.Object java.lang.invoke.DirectMethodHandle$Holder.invokeStaticInit(java.lang.Object, int)'> (0x0000000605567080) 
thrown [s\open\src\hotspot\share\interpreter\linkResolver.cpp, line 773]
Event: 9.133 Thread 0x000001a74aaa9a70 Exception <a 'java/lang/NoSuchMethodError'{0x00000006045400f0}: 'void java.lang.invoke.DirectMethodHandle$Holder.invokeVirtual(java.lang.Object, java.lang.Object, int)'> (0x00000006045400f0) 
thrown [s\open\src\hotspot\share\interpreter\linkResolver.cpp, line 773]
Event: 9.825 Thread 0x000001a74aaa9a70 Exception <a 'java/lang/ClassNotFoundException'{0x00000006047e9dd0}: sun/util/logging/resources/spi/loggingProvider> (0x00000006047e9dd0) 
thrown [s\open\src\hotspot\share\classfile\systemDictionary.cpp, line 312]
Event: 9.868 Thread 0x000001a74aaa9a70 Exception <a 'java/lang/ClassNotFoundException'{0x0000000622704058}: com/sun/javafx/scene/control/skin/resources/controls-nt> (0x0000000622704058) 
thrown [s\open\src\hotspot\share\prims\jni.cpp, line 539]
Event: 9.868 Thread 0x000001a74aaa9a70 Exception <a 'java/lang/ClassNotFoundException'{0x000000062270cc30}: com/sun/javafx/scene/control/skin/resources/controls-nt_pt> (0x000000062270cc30) 
thrown [s\open\src\hotspot\share\prims\jni.cpp, line 539]
Event: 9.868 Thread 0x000001a74aaa9a70 Exception <a 'java/lang/ClassNotFoundException'{0x000000062270e428}: com/sun/javafx/scene/control/skin/resources/controls-nt_pt_BR> (0x000000062270e428) 
thrown [s\open\src\hotspot\share\prims\jni.cpp, line 539]
Event: 11.048 Thread 0x000001a74aaa9a70 Exception <a 'java/io/IOException'{0x0000000620d6fed8}> (0x0000000620d6fed8) 
thrown [s\open\src\hotspot\share\prims\jni.cpp, line 520]

ZGC Phase Switch (0 events):
No events

VM Operations (20 events):
Event: 9.832 Executing VM operation: G1CollectForAllocation (G1 Evacuation Pause) done
Event: 9.836 Executing VM operation: HandshakeAllThreads (Deoptimize)
Event: 9.836 Executing VM operation: HandshakeAllThreads (Deoptimize) done
Event: 9.876 Executing VM operation: HandshakeAllThreads (Deoptimize)
Event: 9.876 Executing VM operation: HandshakeAllThreads (Deoptimize) done
Event: 9.878 Executing VM operation: HandshakeAllThreads (Deoptimize)
Event: 9.878 Executing VM operation: HandshakeAllThreads (Deoptimize) done
Event: 10.878 Executing VM operation: Cleanup
Event: 10.878 Executing VM operation: Cleanup done
Event: 11.879 Executing VM operation: Cleanup
Event: 11.879 Executing VM operation: Cleanup done
Event: 12.879 Executing VM operation: Cleanup
Event: 12.879 Executing VM operation: Cleanup done
Event: 35.894 Executing VM operation: Cleanup
Event: 35.894 Executing VM operation: Cleanup done
Event: 60.211 Executing VM operation: HandshakeAllThreads (HandshakeForDeflation)
Event: 60.211 Executing VM operation: HandshakeAllThreads (HandshakeForDeflation) done
Event: 60.211 Executing VM operation: RendezvousGCThreads
Event: 60.211 Executing VM operation: RendezvousGCThreads done
Event: 100.739 Executing VM operation: Exit

Events (20 events):
Event: 1.347 Thread 0x000001a74aca99e0 Thread exited: 0x000001a74aca99e0
Event: 1.751 Thread 0x000001a7913c6490 Thread added: 0x000001a7913c6490
Event: 1.963 Thread 0x000001a7913c6490 Thread exited: 0x000001a7913c6490
Event: 7.058 Thread 0x000001a790fa7e10 Thread added: 0x000001a790fa7e10
Event: 7.078 Thread 0x000001a7913c56f0 Thread added: 0x000001a7913c56f0
Event: 7.276 Thread 0x000001a7913caf80 Thread added: 0x000001a7913caf80
Event: 8.003 Thread 0x000001a7913caf80 Thread exited: 0x000001a7913caf80
Event: 8.211 Thread 0x000001a7913c56f0 Thread exited: 0x000001a7913c56f0
Event: 9.764 Thread 0x000001a7913c9b10 Thread added: 0x000001a7913c9b10
Event: 10.595 Thread 0x000001a7913c9b10 Thread exited: 0x000001a7913c9b10
Event: 11.082 Thread 0x000001a7913ca8b0 Thread added: 0x000001a7913ca8b0
Event: 11.131 Thread 0x000001a7913c6b60 Thread added: 0x000001a7913c6b60
Event: 11.403 Thread 0x000001a7913c6b60 Thread exited: 0x000001a7913c6b60
Event: 11.411 Thread 0x000001a7913ca8b0 Thread exited: 0x000001a7913ca8b0
Event: 100.738 Thread 0x000001a790fa5d40 Thread added: 0x000001a790fa5d40
Event: 100.738 Thread 0x000001a790fa7780 Thread added: 0x000001a790fa7780
Event: 100.738 Thread 0x000001a790fa9850 Thread added: 0x000001a790fa9850
Event: 100.739 Thread 0x000001a790fa9850 Thread exited: 0x000001a790fa9850
Event: 100.739 Thread 0x000001a790fa7780 Thread exited: 0x000001a790fa7780
Event: 100.739 Thread 0x000001a74aaa3010 Thread exited: 0x000001a74aaa3010


Dynamic libraries:
0x00007ff6e3b20000 - 0x00007ff6e3b30000 	C:\Program Files\Java\jdk-21\bin\java.exe
0x00007fff8a0f0000 - 0x00007fff8a307000 	C:\WINDOWS\SYSTEM32\ntdll.dll
0x00007fff897f0000 - 0x00007fff898b4000 	C:\WINDOWS\System32\KERNEL32.DLL
0x00007fff87580000 - 0x00007fff8792c000 	C:\WINDOWS\System32\KERNELBASE.dll
0x00007fff87ce0000 - 0x00007fff87df1000 	C:\WINDOWS\System32\ucrtbase.dll
0x00007fff43320000 - 0x00007fff43339000 	C:\Program Files\Java\jdk-21\bin\jli.dll
0x00007fff43340000 - 0x00007fff4335b000 	C:\Program Files\Java\jdk-21\bin\VCRUNTIME140.dll
0x00007fff882b0000 - 0x00007fff88362000 	C:\WINDOWS\System32\ADVAPI32.dll
0x00007fff888c0000 - 0x00007fff88967000 	C:\WINDOWS\System32\msvcrt.dll
0x00007fff8a000000 - 0x00007fff8a0aa000 	C:\WINDOWS\System32\sechost.dll
0x00007fff87cb0000 - 0x00007fff87cd8000 	C:\WINDOWS\System32\bcrypt.dll
0x00007fff89e30000 - 0x00007fff89f45000 	C:\WINDOWS\System32\RPCRT4.dll
0x00007fff885b0000 - 0x00007fff8875e000 	C:\WINDOWS\System32\USER32.dll
0x00007fff87e00000 - 0x00007fff87e26000 	C:\WINDOWS\System32\win32u.dll
0x00007fff89f50000 - 0x00007fff89f79000 	C:\WINDOWS\System32\GDI32.dll
0x00007fff6b820000 - 0x00007fff6bab3000 	C:\WINDOWS\WinSxS\amd64_microsoft.windows.common-controls_6595b64144ccf1df_6.0.22621.3672_none_2713b9d173822955\COMCTL32.dll
0x00007fff87b20000 - 0x00007fff87c39000 	C:\WINDOWS\System32\gdi32full.dll
0x00007fff87420000 - 0x00007fff874ba000 	C:\WINDOWS\System32\msvcp_win.dll
0x00007fff7f2c0000 - 0x00007fff7f2ca000 	C:\WINDOWS\SYSTEM32\VERSION.dll
0x00007fff88860000 - 0x00007fff88891000 	C:\WINDOWS\System32\IMM32.DLL
0x00007fff5b240000 - 0x00007fff5b24c000 	C:\Program Files\Java\jdk-21\bin\vcruntime140_1.dll
0x00007fff41ab0000 - 0x00007fff41b3e000 	C:\Program Files\Java\jdk-21\bin\msvcp140.dll
0x00007ffee8040000 - 0x00007ffee8d57000 	C:\Program Files\Java\jdk-21\bin\server\jvm.dll
0x00007fff887e0000 - 0x00007fff88851000 	C:\WINDOWS\System32\WS2_32.dll
0x00007fff86510000 - 0x00007fff8655d000 	C:\WINDOWS\SYSTEM32\POWRPROF.dll
0x00007fff817a0000 - 0x00007fff817d4000 	C:\WINDOWS\SYSTEM32\WINMM.dll
0x00007fff86470000 - 0x00007fff86483000 	C:\WINDOWS\SYSTEM32\UMPDC.dll
0x00007fff864f0000 - 0x00007fff86508000 	C:\WINDOWS\SYSTEM32\kernel.appcore.dll
0x00007fff5ae20000 - 0x00007fff5ae2a000 	C:\Program Files\Java\jdk-21\bin\jimage.dll
0x00007fff848a0000 - 0x00007fff84ad2000 	C:\WINDOWS\SYSTEM32\DBGHELP.DLL
0x00007fff88c00000 - 0x00007fff88f88000 	C:\WINDOWS\System32\combase.dll
0x00007fff88970000 - 0x00007fff88a47000 	C:\WINDOWS\System32\OLEAUT32.dll
0x00007fff7ed60000 - 0x00007fff7ed92000 	C:\WINDOWS\SYSTEM32\dbgcore.DLL
0x00007fff87aa0000 - 0x00007fff87b1b000 	C:\WINDOWS\System32\bcryptPrimitives.dll
0x00007fff82d60000 - 0x00007fff82d6f000 	C:\Program Files\Java\jdk-21\bin\instrument.dll
0x00007fff432c0000 - 0x00007fff432df000 	C:\Program Files\Java\jdk-21\bin\java.dll
0x00007fff88f90000 - 0x00007fff897ec000 	C:\WINDOWS\System32\SHELL32.dll
0x00007fff85370000 - 0x00007fff85c67000 	C:\WINDOWS\SYSTEM32\windows.storage.dll
0x00007fff85230000 - 0x00007fff8536f000 	C:\WINDOWS\SYSTEM32\wintypes.dll
0x00007fff89930000 - 0x00007fff89a24000 	C:\WINDOWS\System32\SHCORE.dll
0x00007fff89b90000 - 0x00007fff89bee000 	C:\WINDOWS\System32\shlwapi.dll
0x00007fff87350000 - 0x00007fff87371000 	C:\WINDOWS\SYSTEM32\profapi.dll
0x00007fff419d0000 - 0x00007fff41aa7000 	C:\Program Files\Java\jdk-21\bin\jsvml.dll
0x00007fff5a9f0000 - 0x00007fff5aa00000 	C:\Program Files\Java\jdk-21\bin\net.dll
0x00007fff82700000 - 0x00007fff82836000 	C:\WINDOWS\SYSTEM32\WINHTTP.dll
0x00007fff869b0000 - 0x00007fff86a19000 	C:\WINDOWS\system32\mswsock.dll
0x00007fff419b0000 - 0x00007fff419c6000 	C:\Program Files\Java\jdk-21\bin\nio.dll
0x00007fff41990000 - 0x00007fff419a8000 	C:\Program Files\Java\jdk-21\bin\zip.dll
0x00007fff7f5c0000 - 0x00007fff7f5da000 	C:\Program Files\JetBrains\IntelliJ IDEA 2023.3.5\bin\breakgen64.dll
0x000001a74aea0000 - 0x000001a74aea3000 	C:\Users\adria\.openjfx\cache\21+31\amd64\api-ms-win-core-console-l1-1-0.dll
0x000001a74aeb0000 - 0x000001a74aeb3000 	C:\Users\adria\.openjfx\cache\21+31\amd64\api-ms-win-core-console-l1-2-0.dll
0x000001a74aec0000 - 0x000001a74aec3000 	C:\Users\adria\.openjfx\cache\21+31\amd64\api-ms-win-core-datetime-l1-1-0.dll
0x000001a74aed0000 - 0x000001a74aed3000 	C:\Users\adria\.openjfx\cache\21+31\amd64\api-ms-win-core-debug-l1-1-0.dll
0x000001a74aee0000 - 0x000001a74aee3000 	C:\Users\adria\.openjfx\cache\21+31\amd64\api-ms-win-core-errorhandling-l1-1-0.dll
0x000001a74aef0000 - 0x000001a74aef4000 	C:\Users\adria\.openjfx\cache\21+31\amd64\api-ms-win-core-file-l1-1-0.dll
0x000001a74af00000 - 0x000001a74af03000 	C:\Users\adria\.openjfx\cache\21+31\amd64\api-ms-win-core-file-l1-2-0.dll
0x000001a74af10000 - 0x000001a74af13000 	C:\Users\adria\.openjfx\cache\21+31\amd64\api-ms-win-core-file-l2-1-0.dll
0x000001a74af20000 - 0x000001a74af23000 	C:\Users\adria\.openjfx\cache\21+31\amd64\api-ms-win-core-handle-l1-1-0.dll
0x000001a74af30000 - 0x000001a74af33000 	C:\Users\adria\.openjfx\cache\21+31\amd64\api-ms-win-core-heap-l1-1-0.dll
0x000001a74af40000 - 0x000001a74af43000 	C:\Users\adria\.openjfx\cache\21+31\amd64\api-ms-win-core-interlocked-l1-1-0.dll
0x000001a74af50000 - 0x000001a74af53000 	C:\Users\adria\.openjfx\cache\21+31\amd64\api-ms-win-core-libraryloader-l1-1-0.dll
0x000001a74af60000 - 0x000001a74af63000 	C:\Users\adria\.openjfx\cache\21+31\amd64\api-ms-win-core-localization-l1-2-0.dll
0x000001a74af70000 - 0x000001a74af73000 	C:\Users\adria\.openjfx\cache\21+31\amd64\api-ms-win-core-memory-l1-1-0.dll
0x000001a74af80000 - 0x000001a74af83000 	C:\Users\adria\.openjfx\cache\21+31\amd64\api-ms-win-core-namedpipe-l1-1-0.dll
0x000001a74af90000 - 0x000001a74af93000 	C:\Users\adria\.openjfx\cache\21+31\amd64\api-ms-win-core-processenvironment-l1-1-0.dll
0x000001a74afa0000 - 0x000001a74afa3000 	C:\Users\adria\.openjfx\cache\21+31\amd64\api-ms-win-core-processthreads-l1-1-0.dll
0x000001a74afb0000 - 0x000001a74afb3000 	C:\Users\adria\.openjfx\cache\21+31\amd64\api-ms-win-core-processthreads-l1-1-1.dll
0x000001a74afc0000 - 0x000001a74afc3000 	C:\Users\adria\.openjfx\cache\21+31\amd64\api-ms-win-core-profile-l1-1-0.dll
0x000001a74afd0000 - 0x000001a74afd3000 	C:\Users\adria\.openjfx\cache\21+31\amd64\api-ms-win-core-rtlsupport-l1-1-0.dll
0x000001a74afe0000 - 0x000001a74afe3000 	C:\Users\adria\.openjfx\cache\21+31\amd64\api-ms-win-core-string-l1-1-0.dll
0x000001a74aff0000 - 0x000001a74aff3000 	C:\Users\adria\.openjfx\cache\21+31\amd64\api-ms-win-core-synch-l1-1-0.dll
0x000001a7918f0000 - 0x000001a7918f3000 	C:\Users\adria\.openjfx\cache\21+31\amd64\api-ms-win-core-synch-l1-2-0.dll
0x000001a791900000 - 0x000001a791903000 	C:\Users\adria\.openjfx\cache\21+31\amd64\api-ms-win-core-sysinfo-l1-1-0.dll
0x000001a7917d0000 - 0x000001a7917d3000 	C:\Users\adria\.openjfx\cache\21+31\amd64\api-ms-win-core-timezone-l1-1-0.dll
0x000001a7917e0000 - 0x000001a7917e3000 	C:\Users\adria\.openjfx\cache\21+31\amd64\api-ms-win-core-util-l1-1-0.dll
0x000001a7917f0000 - 0x000001a7917f3000 	C:\Users\adria\.openjfx\cache\21+31\amd64\api-ms-win-crt-conio-l1-1-0.dll
0x000001a791800000 - 0x000001a791804000 	C:\Users\adria\.openjfx\cache\21+31\amd64\api-ms-win-crt-convert-l1-1-0.dll
0x000001a791810000 - 0x000001a791813000 	C:\Users\adria\.openjfx\cache\21+31\amd64\api-ms-win-crt-environment-l1-1-0.dll
0x000001a791820000 - 0x000001a791823000 	C:\Users\adria\.openjfx\cache\21+31\amd64\api-ms-win-crt-filesystem-l1-1-0.dll
0x000001a791830000 - 0x000001a791833000 	C:\Users\adria\.openjfx\cache\21+31\amd64\api-ms-win-crt-heap-l1-1-0.dll
0x000001a791840000 - 0x000001a791843000 	C:\Users\adria\.openjfx\cache\21+31\amd64\api-ms-win-crt-locale-l1-1-0.dll
0x000001a791850000 - 0x000001a791855000 	C:\Users\adria\.openjfx\cache\21+31\amd64\api-ms-win-crt-math-l1-1-0.dll
0x000001a791860000 - 0x000001a791865000 	C:\Users\adria\.openjfx\cache\21+31\amd64\api-ms-win-crt-multibyte-l1-1-0.dll
0x000001a791870000 - 0x000001a791880000 	C:\Users\adria\.openjfx\cache\21+31\amd64\api-ms-win-crt-private-l1-1-0.dll
0x000001a791880000 - 0x000001a791883000 	C:\Users\adria\.openjfx\cache\21+31\amd64\api-ms-win-crt-process-l1-1-0.dll
0x000001a791890000 - 0x000001a791894000 	C:\Users\adria\.openjfx\cache\21+31\amd64\api-ms-win-crt-runtime-l1-1-0.dll
0x000001a7918a0000 - 0x000001a7918a4000 	C:\Users\adria\.openjfx\cache\21+31\amd64\api-ms-win-crt-stdio-l1-1-0.dll
0x000001a7918b0000 - 0x000001a7918b4000 	C:\Users\adria\.openjfx\cache\21+31\amd64\api-ms-win-crt-string-l1-1-0.dll
0x000001a7918c0000 - 0x000001a7918c3000 	C:\Users\adria\.openjfx\cache\21+31\amd64\api-ms-win-crt-time-l1-1-0.dll
0x000001a7918d0000 - 0x000001a7918d3000 	C:\Users\adria\.openjfx\cache\21+31\amd64\api-ms-win-crt-utility-l1-1-0.dll
0x00007fff14910000 - 0x00007fff14a0c000 	C:\Users\adria\.openjfx\cache\21+31\amd64\ucrtbase.dll
0x00007fff7ea80000 - 0x00007fff7ea9b000 	C:\Users\adria\.openjfx\cache\21+31\amd64\vcruntime140.dll
0x00007fff7ea70000 - 0x00007fff7ea7c000 	C:\Users\adria\.openjfx\cache\21+31\amd64\vcruntime140_1.dll
0x00007fff44ac0000 - 0x00007fff44b4e000 	C:\Users\adria\.openjfx\cache\21+31\amd64\msvcp140.dll
0x00007fff89bf0000 - 0x00007fff89d95000 	C:\WINDOWS\System32\ole32.dll
0x00007fff7ea60000 - 0x00007fff7ea69000 	C:\Users\adria\.openjfx\cache\21+31\amd64\msvcp140_1.dll
0x00007fff73630000 - 0x00007fff7365f000 	C:\Users\adria\.openjfx\cache\21+31\amd64\msvcp140_2.dll
0x00007fff5d930000 - 0x00007fff5d95f000 	C:\Users\adria\.openjfx\cache\21+31\amd64\prism_d3d.dll
0x00007fff56810000 - 0x00007fff569b8000 	C:\WINDOWS\system32\d3d9.dll
0x00007fff84be0000 - 0x00007fff84c0b000 	C:\WINDOWS\SYSTEM32\dwmapi.dll
0x00007fff84750000 - 0x00007fff84789000 	C:\WINDOWS\SYSTEM32\dxcore.dll
0x00007fff84540000 - 0x00007fff845ea000 	C:\WINDOWS\system32\uxtheme.dll
0x00007ffef8e50000 - 0x00007ffef8fad000 	C:\WINDOWS\System32\DriverStore\FileRepository\iigd_dch.inf_amd64_2b7bcff446ea567f\igdumdim64.dll
0x00007ffed2330000 - 0x00007ffed5c02000 	C:\WINDOWS\System32\DriverStore\FileRepository\iigd_dch.inf_amd64_2b7bcff446ea567f\igd9dxva64.dll
0x00007fff87e30000 - 0x00007fff882a4000 	C:\WINDOWS\System32\SETUPAPI.dll
0x00007fff87100000 - 0x00007fff8714e000 	C:\WINDOWS\SYSTEM32\cfgmgr32.dll
0x00007fff6b4f0000 - 0x00007fff6b695000 	C:\WINDOWS\System32\DriverStore\FileRepository\iigd_dch.inf_amd64_2b7bcff446ea567f\igdgmm64.dll
0x00007fff79760000 - 0x00007fff797a9000 	C:\WINDOWS\SYSTEM32\directxdatabasehelper.dll
0x00007fff43430000 - 0x00007fff43472000 	C:\Users\adria\.openjfx\cache\21+31\amd64\glass.dll
0x00007fff88b00000 - 0x00007fff88bf6000 	C:\WINDOWS\System32\COMDLG32.dll
0x00007fff89a30000 - 0x00007fff89b83000 	C:\WINDOWS\System32\MSCTF.dll
0x00007fff59de0000 - 0x00007fff59e06000 	C:\WINDOWS\System32\DriverStore\FileRepository\iigd_dch.inf_amd64_2b7bcff446ea567f\igdinfo64.dll
0x00007fff67d50000 - 0x00007fff6a806000 	C:\WINDOWS\System32\DriverStore\FileRepository\iigd_dch.inf_amd64_2b7bcff446ea567f\igc64.dll
0x00007fff50520000 - 0x00007fff50534000 	C:\Users\adria\.openjfx\cache\21+31\amd64\javafx_font.dll
0x00007fff7fee0000 - 0x00007fff80153000 	C:\WINDOWS\SYSTEM32\dwrite.dll
0x00007fff88a50000 - 0x00007fff88b00000 	C:\WINDOWS\System32\clbcatq.dll
0x00007fff842e0000 - 0x00007fff84490000 	C:\WINDOWS\SYSTEM32\WindowsCodecs.dll
0x00007fff6fe40000 - 0x00007fff6fe9e000 	C:\WINDOWS\system32\dataexchange.dll
0x00007fff80e00000 - 0x00007fff8108a000 	C:\WINDOWS\system32\twinapi.appcore.dll
0x00007fff433f0000 - 0x00007fff43422000 	C:\Program Files\Common Files\Microsoft Shared\Ink\rtscom.dll
0x00007fff63d50000 - 0x00007fff63e9d000 	C:\WINDOWS\SYSTEM32\textinputframework.dll
0x00007fff814b0000 - 0x00007fff815e3000 	C:\WINDOWS\SYSTEM32\CoreMessaging.dll
0x00007fff788a0000 - 0x00007fff78c0d000 	C:\WINDOWS\SYSTEM32\CoreUIComponents.dll
0x00007fff86c30000 - 0x00007fff86c3c000 	C:\WINDOWS\SYSTEM32\CRYPTBASE.DLL
0x00007fff85f90000 - 0x00007fff86088000 	C:\WINDOWS\SYSTEM32\DNSAPI.dll
0x00007fff85f10000 - 0x00007fff85f3d000 	C:\WINDOWS\SYSTEM32\IPHLPAPI.DLL
0x00007fff888b0000 - 0x00007fff888b9000 	C:\WINDOWS\System32\NSI.dll
0x00007fff7f2d0000 - 0x00007fff7f2da000 	C:\Windows\System32\rasadhlp.dll

dbghelp: loaded successfully - version: 4.0.5 - missing functions: none
symbol engine: initialized successfully - sym options: 0x614 - pdb path: .;C:\Program Files\Java\jdk-21\bin;C:\WINDOWS\SYSTEM32;C:\WINDOWS\WinSxS\amd64_microsoft.windows.common-controls_6595b64144ccf1df_6.0.22621.3672_none_2713b9d173822955;C:\Program Files\Java\jdk-21\bin\server;C:\Program Files\JetBrains\IntelliJ IDEA 2023.3.5\bin;C:\Users\adria\.openjfx\cache\21+31\amd64;C:\WINDOWS\System32\DriverStore\FileRepository\iigd_dch.inf_amd64_2b7bcff446ea567f;C:\Program Files\Common Files\Microsoft Shared\Ink

VM Arguments:
jvm_args: -javaagent:C:\Program Files\JetBrains\IntelliJ IDEA 2023.3.5\lib\idea_rt.jar=53087:C:\Program Files\JetBrains\IntelliJ IDEA 2023.3.5\bin -Dfile.encoding=UTF-8 -Dsun.stdout.encoding=UTF-8 -Dsun.stderr.encoding=UTF-8 --module-path=C:\Users\adria\.m2\repository\org\openjfx\javafx-controls\21\javafx-controls-21-win.jar;C:\Program Files\Java\javalibs\javafx-sdk-21.0.2\lib\javafx.controls.jar;C:\Users\adria\.m2\repository\org\openjfx\javafx-fxml\21\javafx-fxml-21-win.jar;C:\Program Files\Java\javalibs\javafx-sdk-21.0.2\lib\javafx.fxml.jar;C:\Users\adria\.m2\repository\com\dlsc\formsfx\formsfx-core\11.6.0\formsfx-core-11.6.0.jar;C:\Users\adria\.m2\repository\net\synedra\validatorfx\0.4.0\validatorfx-0.4.0.jar;C:\Users\adria\.m2\repository\org\openjfx\javafx-graphics\21\javafx-graphics-21-win.jar;C:\Program Files\Java\javalibs\javafx-sdk-21.0.2\lib\javafx.graphics.jar;C:\Users\adria\Documents\GitHub\EasyScheduleDesk\target\classes;C:\Program Files\Java\javalibs\javafx-sdk-21.0.2\lib\javafx.media.jar;C:\Users\adria\.m2\repository\org\openjfx\javafx-base\21\javafx-base-21-win.jar;C:\Program Files\Java\javalibs\javafx-sdk-21.0.2\lib\javafx.base.jar;C:\Users\adria\.m2\repository\org\kordamp\ikonli\ikonli-core\12.3.1\ikonli-core-12.3.1.jar;C:\Users\adria\.m2\repository\org\kordamp\ikonli\ikonli-javafx\12.3.1\ikonli-javafx-12.3.1.jar;C:\Users\adria\.m2\repository\org\controlsfx\controlsfx\11.1.2\controlsfx-11.1.2.jar -Djdk.module.main=main.java.easyschedule 
java_command: main.java.easyschedule/App.App --module-path C:\Program Files\Java\javalibs\javafx-sdk-21.0.2\lib --add-modules=javafx.controls
java_class_path (initial): C:\Users\adria\.m2\repository\org\openjfx\javafx-controls\21\javafx-controls-21.jar;C:\Users\adria\.m2\repository\org\openjfx\javafx-graphics\21\javafx-graphics-21.jar;C:\Users\adria\.m2\repository\org\openjfx\javafx-base\21\javafx-base-21.jar;C:\Users\adria\.m2\repository\org\openjfx\javafx-fxml\21\javafx-fxml-21.jar;C:\Program Files\Java\javalibs\javafx-sdk-21.0.2\lib\javafx-swt.jar;C:\Program Files\Java\javalibs\javafx-sdk-21.0.2\lib\javafx.web.jar;C:\Program Files\Java\javalibs\javafx-sdk-21.0.2\lib\javafx.swing.jar;C:\Program Files\Java\javalibs\mysql-connector-j-8.4.0\mysql-connector-j-8.4.0.jar
Launcher Type: SUN_STANDARD

[Global flags]
     intx CICompilerCount                          = 4                                         {product} {ergonomic}
     uint ConcGCThreads                            = 2                                         {product} {ergonomic}
     uint G1ConcRefinementThreads                  = 8                                         {product} {ergonomic}
   size_t G1HeapRegionSize                         = 4194304                                   {product} {ergonomic}
    uintx GCDrainStackTargetSize                   = 64                                        {product} {ergonomic}
   size_t InitialHeapSize                          = 536870912                                 {product} {ergonomic}
   size_t MarkStackSize                            = 4194304                                   {product} {ergonomic}
   size_t MaxHeapSize                              = 8547991552                                {product} {ergonomic}
   size_t MaxNewSize                               = 5125439488                                {product} {ergonomic}
   size_t MinHeapDeltaBytes                        = 4194304                                   {product} {ergonomic}
   size_t MinHeapSize                              = 8388608                                   {product} {ergonomic}
    uintx NonNMethodCodeHeapSize                   = 5839372                                {pd product} {ergonomic}
    uintx NonProfiledCodeHeapSize                  = 122909434                              {pd product} {ergonomic}
    uintx ProfiledCodeHeapSize                     = 122909434                              {pd product} {ergonomic}
    uintx ReservedCodeCacheSize                    = 251658240                              {pd product} {ergonomic}
     bool SegmentedCodeCache                       = true                                      {product} {ergonomic}
   size_t SoftMaxHeapSize                          = 8547991552                             {manageable} {ergonomic}
     bool UseCompressedOops                        = true                           {product lp64_product} {ergonomic}
     bool UseG1GC                                  = true                                      {product} {ergonomic}
     bool UseLargePagesIndividualAllocation        = false                                  {pd product} {ergonomic}

Logging:
Log output configuration:
 #0: stdout all=off uptime,level,tags foldmultilines=false
 #1: stderr all=off uptime,level,tags foldmultilines=false

Environment Variables:
PATH=C:\Program Files\Common Files\Oracle\Java\javapath;C:\ProgramData\Oracle\Java\javapath;C:\Windows\system32;C:\Windows;C:\Windows\System32\Wbem;C:\Windows\System32\WindowsPowerShell\v1.0\;C:\Windows\System32\OpenSSH\;C:\Program Files (x86)\NVIDIA Corporation\PhysX\Common;C:\Program Files\NVIDIA Corporation\NVIDIA NvDLISR;C:\WINDOWS\system32;C:\WINDOWS;C:\WINDOWS\System32\Wbem;C:\WINDOWS\System32\WindowsPowerShell\v1.0\;C:\WINDOWS\System32\OpenSSH\;C:\MinGW\bin;C:\Program Files\dotnet\;C:\Program Files\Git\cmd;C:\Program Files\MySQL\MySQL Shell 8.0\bin\;C:\Users\adria\AppData\Local\Microsoft\WindowsApps;C:\Users\adria\AppData\Local\Programs\Microsoft VS Code\bin;C:\Users\adria\AppData\Local\GitHubDesktop\bin;C:\Program Files\Java\jdk-21\bin;C:\Program Files\JetBrains\IntelliJ IDEA 2023.3.5\bin;;C:\Program Files\Java\javalibs\javafx-sdk-21.0.2\bin;
USERNAME=adria
OS=Windows_NT
PROCESSOR_IDENTIFIER=Intel64 Family 6 Model 165 Stepping 2, GenuineIntel
TMP=C:\Users\adria\AppData\Local\Temp
TEMP=C:\Users\adria\AppData\Local\Temp




Periodic native trim disabled

---------------  S Y S T E M  ---------------

OS:
 Windows 11 , 64 bit Build 22621 (10.0.22621.3672)
OS uptime: 5 days 6:03 hours

CPU: total 8 (initial active 8) (4 cores per cpu, 2 threads per core) family 6 model 165 stepping 2 microcode 0xea, cx8, cmov, fxsr, ht, mmx, 3dnowpref, sse, sse2, sse3, ssse3, sse4.1, sse4.2, popcnt, lzcnt, tsc, tscinvbit, avx, avx2, aes, erms, clmul, bmi1, bmi2, adx, fma, vzeroupper, clflush, clflushopt, rdtscp, f16c, pku
Processor Information for all 8 processors :
  Max Mhz: 2496, Current Mhz: 2496, Mhz Limit: 2496

Memory: 4k page, system-wide physical 32599M (18807M free)
TotalPageFile size 37463M (AvailPageFile size 22649M)
current process WorkingSet (physical memory assigned to process): 196M, peak: 235M
current process commit charge ("private bytes"): 244M, peak: 687M

vm_info: Java HotSpot(TM) 64-Bit Server VM (21.0.2+13-LTS-58) for windows-amd64 JRE (21.0.2+13-LTS-58), built on 2024-01-05T18:32:24Z by "mach5one" with MS VC++ 17.1 (VS2022)

END.
