#
# A fatal error has been detected by the Java Runtime Environment:
#
#  EXCEPTION_ACCESS_VIOLATION (0xc0000005) at pc=0x00007fff21ea6587, pid=9448, tid=13984
#
# JRE version: Java(TM) SE Runtime Environment (21.0.2+13) (build 21.0.2+13-LTS-58)
# Java VM: Java HotSpot(TM) 64-Bit Server VM (21.0.2+13-LTS-58, mixed mode, sharing, tiered, compressed oops, compressed class ptrs, g1 gc, windows-amd64)
# Problematic frame:
# C  [glass.dll+0x26587]
#
# No core dump will be written. Minidumps are not enabled by default on client versions of Windows
#
# If you would like to submit a bug report, please visit:
#   https://bugreport.java.com/bugreport/crash.jsp
#

---------------  S U M M A R Y ------------

Command Line: -javaagent:C:\Program Files\JetBrains\IntelliJ IDEA 2023.3.5\lib\idea_rt.jar=52946:C:\Program Files\JetBrains\IntelliJ IDEA 2023.3.5\bin -Dfile.encoding=UTF-8 -Dsun.stdout.encoding=UTF-8 -Dsun.stderr.encoding=UTF-8 --module-path=C:\Users\adria\.m2\repository\org\openjfx\javafx-controls\21\javafx-controls-21-win.jar;C:\Program Files\Java\javalibs\javafx-sdk-21.0.2\lib\javafx.controls.jar;C:\Users\adria\.m2\repository\org\openjfx\javafx-fxml\21\javafx-fxml-21-win.jar;C:\Program Files\Java\javalibs\javafx-sdk-21.0.2\lib\javafx.fxml.jar;C:\Users\adria\.m2\repository\com\dlsc\formsfx\formsfx-core\11.6.0\formsfx-core-11.6.0.jar;C:\Users\adria\.m2\repository\net\synedra\validatorfx\0.4.0\validatorfx-0.4.0.jar;C:\Users\adria\.m2\repository\org\openjfx\javafx-graphics\21\javafx-graphics-21-win.jar;C:\Program Files\Java\javalibs\javafx-sdk-21.0.2\lib\javafx.graphics.jar;C:\Users\adria\Documents\GitHub\EasyScheduleDesk\target\classes;C:\Program Files\Java\javalibs\javafx-sdk-21.0.2\lib\javafx.media.jar;C:\Users\adria\.m2\repository\org\openjfx\javafx-base\21\javafx-base-21-win.jar;C:\Program Files\Java\javalibs\javafx-sdk-21.0.2\lib\javafx.base.jar;C:\Users\adria\.m2\repository\org\kordamp\ikonli\ikonli-core\12.3.1\ikonli-core-12.3.1.jar;C:\Users\adria\.m2\repository\org\kordamp\ikonli\ikonli-javafx\12.3.1\ikonli-javafx-12.3.1.jar;C:\Users\adria\.m2\repository\org\controlsfx\controlsfx\11.1.2\controlsfx-11.1.2.jar -Djdk.module.main=main.java.easyschedule main.java.easyschedule/App.App --module-path C:\Program Files\Java\javalibs\javafx-sdk-21.0.2\lib --add-modules=javafx.controls

Host: Intel(R) Core(TM) i5-10300H CPU @ 2.50GHz, 8 cores, 31G,  Windows 11 , 64 bit Build 22621 (10.0.22621.3672)
Time: Tue Jun 18 14:59:56 2024 Hora Padrão Brasil Central elapsed time: 171.079570 seconds (0d 0h 2m 51s)

---------------  T H R E A D  ---------------

Current thread (0x000001ac7273f980):  VMThread "VM Thread"          [id=13984, stack(0x00000052b7600000,0x00000052b7700000) (1024K)]

Stack: [0x00000052b7600000,0x00000052b7700000],  sp=0x00000052b76ff390,  free space=1020k
Native frames: (J=compiled Java code, j=interpreted, Vv=VM code, C=native code)
C  [glass.dll+0x26587]


siginfo: EXCEPTION_ACCESS_VIOLATION (0xc0000005), reading address 0x0000000000000000


Registers:
RAX=0x0000000000000000, RBX=0x000001ac7274ac9a, RCX=0x000001ac7273f980, RDX=0x00000052b76ff390
RSP=0x00000052b76ff390, RBP=0x000001ac79dd6368, RSI=0x00000052b76ff498, RDI=0x000001ac79dd6340
R8 =0x0000000000010002, R9 =0x000001ac79dd6340, R10=0x85f13e9656da4870, R11=0x00000052b76ff320
R12=0x00007fff21ea3ed0, R13=0x00007ffee8ca4720, R14=0x0000f2216541da10, R15=0x000001ac79dd6340
RIP=0x00007fff21ea6587, EFLAGS=0x0000000000010206


Register to memory mapping:

RAX=0x0 is null
RBX=0x000001ac7274ac9a is a global jni handle
RCX=0x000001ac7273f980 points into unknown readable memory: 0x00007ffee8ab6038 | 38 60 ab e8 fe 7f 00 00
RDX=0x00000052b76ff390 points into unknown readable memory: 0x0000000000000000 | 00 00 00 00 00 00 00 00
RSP=0x00000052b76ff390 points into unknown readable memory: 0x0000000000000000 | 00 00 00 00 00 00 00 00
RBP=0x000001ac79dd6368 points into unknown readable memory: 0x0000f2216541da10 | 10 da 41 65 21 f2 00 00
RSI=0x00000052b76ff498 points into unknown readable memory: 0x00000052b76ff480 | 80 f4 6f b7 52 00 00 00
RDI=0x000001ac79dd6340 points into unknown readable memory: 0x7fffd3cb5ca9da10 | 10 da a9 5c cb d3 ff 7f
R8 =0x0000000000010002 is an unknown value
R9 =0x000001ac79dd6340 points into unknown readable memory: 0x7fffd3cb5ca9da10 | 10 da a9 5c cb d3 ff 7f
R10=0x85f13e9656da4870 is an unknown value
R11=0x00000052b76ff320 points into unknown readable memory: 0x000001ac79dd6340 | 40 63 dd 79 ac 01 00 00
R12=0x00007fff21ea3ed0 glass.dll
R13=0x00007ffee8ca4720 jvm.dll
R14=0x0000f2216541da10 is an unknown value
R15=0x000001ac79dd6340 points into unknown readable memory: 0x7fffd3cb5ca9da10 | 10 da a9 5c cb d3 ff 7f

Top of Stack: (sp=0x00000052b76ff390)
0x00000052b76ff390:   0000000000000000 00000052b76ff498
0x00000052b76ff3a0:   00007ffee8ca4720 00007fff21ea3ed0
0x00000052b76ff3b0:   000001ac79dd6348 00007fff87d33a93
0x00000052b76ff3c0:   000001ac79dd6340 000001ac00000000
0x00000052b76ff3d0:   000001ac79dd6368 00000052b76ff498
0x00000052b76ff3e0:   fffffffffffffffe 0000000000000000
0x00000052b76ff3f0:   0000000000000001 00007fff21e80000
0x00000052b76ff400:   00000052b76ff488 00007fff87d0042e
0x00000052b76ff410:   0000000000000000 00000052b76ff498
0x00000052b76ff420:   00000052b76ff780 0000000000000001
0x00000052b76ff430:   0000000000000001 00007fff87cfdddd
0x00000052b76ff440:   0000000000000000 00007fff21ea36c9
0x00000052b76ff450:   0000000000000000 00000052b76ff488
0x00000052b76ff460:   fffffffffffffffe 0000005200000000
0x00000052b76ff470:   0000000000000001 00007fff21ea3d5d
0x00000052b76ff480:   00007fff21eba008 00007fff00000002
0x00000052b76ff490:   0000000000000002 00000052b76ff480
0x00000052b76ff4a0:   0000000000000000 00007fff8a118ae3
0x00000052b76ff4b0:   0000000000000000 00007fff21ea3e82
0x00000052b76ff4c0:   0000000000000001 0000000000000000
0x00000052b76ff4d0:   0000000000000001 0000000000000000
0x00000052b76ff4e0:   0000000000000001 00007fff86c32223
0x00000052b76ff4f0:   00007fff00000001 0000000000000000
0x00000052b76ff500:   00007fff21e80000 000000007ffe0384
0x00000052b76ff510:   0000000000000000 00007fff8a118b7f
0x00000052b76ff520:   00007fff21e80000 0000000000000000
0x00000052b76ff530:   0000000000000001 000000007ffe0385
0x00000052b76ff540:   00007fff8a227940 00007fff68e68c20
0x00000052b76ff550:   00005e505aba7c00 00007fff67d50000
0x00000052b76ff560:   00007fff21ea3ed0 0000000000000000
0x00000052b76ff570:   0000000000000000 00000052b6bcc000
0x00000052b76ff580:   000001ac79dd0740 00007fff8a141586 

Instructions: (pc=0x00007fff21ea6587)
0x00007fff21ea6487:   8b 4d 58 e8 8d cf ff ff 48 8b 4d 60 e8 84 cf ff
0x00007fff21ea6497:   ff 48 8b 95 80 00 00 00 48 8b 8d 18 01 00 00 e8
0x00007fff21ea64a7:   76 c4 ff ff 33 d2 33 c9 e8 cc e1 ff ff 90 48 89
0x00007fff21ea64b7:   54 24 10 55 48 83 ec 20 48 8b ea 48 b8 00 00 00
0x00007fff21ea64c7:   00 00 00 00 00 48 83 c4 20 5d c3 cc 40 55 48 8b
0x00007fff21ea64d7:   ea 48 8b 01 33 c9 81 38 05 00 00 c0 0f 94 c1 8b
0x00007fff21ea64e7:   c1 5d c3 cc 40 55 48 83 ec 20 48 8b ea 8a 4d 40
0x00007fff21ea64f7:   48 83 c4 20 5d e9 73 d3 ff ff cc 40 55 48 83 ec
0x00007fff21ea6507:   20 48 8b ea 8a 4d 20 e8 61 d3 ff ff 90 48 83 c4
0x00007fff21ea6517:   20 5d c3 cc 40 55 48 83 ec 20 48 8b ea 48 83 c4
0x00007fff21ea6527:   20 5d e9 c2 d1 ff ff cc 40 55 48 83 ec 30 48 8b
0x00007fff21ea6537:   ea 48 8b 01 8b 10 48 89 4c 24 28 89 54 24 20 4c
0x00007fff21ea6547:   8d 0d 63 d6 ff ff 4c 8b 45 70 8b 55 68 48 8b 4d
0x00007fff21ea6557:   60 e8 03 d1 ff ff 90 48 83 c4 30 5d c3 cc cc cc
0x00007fff21ea6567:   cc cc cc cc cc cc cc cc cc 40 53 48 83 ec 20 48
0x00007fff21ea6577:   8b 1d 8b 34 01 00 48 85 db 74 16 e8 89 8f ff ff
0x00007fff21ea6587:   4c 8b 00 48 8b d3 48 8b c8 41 ff 90 b0 00 00 00
0x00007fff21ea6597:   90 48 83 c4 20 5b c3 cc cc 40 53 48 83 ec 20 48
0x00007fff21ea65a7:   8b 1d fb 35 01 00 48 85 db 74 57 b8 ff ff ff ff
0x00007fff21ea65b7:   f0 0f c1 43 10 83 f8 01 75 3d 48 85 db 74 38 48
0x00007fff21ea65c7:   8b 0b 48 85 c9 74 0d ff 15 d4 0c 00 00 48 c7 03
0x00007fff21ea65d7:   00 00 00 00 48 8b 4b 08 48 85 c9 74 0d e8 33 ce
0x00007fff21ea65e7:   ff ff 48 c7 43 08 00 00 00 00 ba 18 00 00 00 48
0x00007fff21ea65f7:   8b cb e8 1e ce ff ff 48 c7 05 9f 35 01 00 00 00
0x00007fff21ea6607:   00 00 48 83 c4 20 5b c3 cc 40 53 48 83 ec 20 48
0x00007fff21ea6617:   8b 1d 6b 35 01 00 48 85 db 74 57 b8 ff ff ff ff
0x00007fff21ea6627:   f0 0f c1 43 10 83 f8 01 75 3d 48 85 db 74 38 48
0x00007fff21ea6637:   8b 0b 48 85 c9 74 0d ff 15 64 0c 00 00 48 c7 03
0x00007fff21ea6647:   00 00 00 00 48 8b 4b 08 48 85 c9 74 0d e8 c3 cd
0x00007fff21ea6657:   ff ff 48 c7 43 08 00 00 00 00 ba 18 00 00 00 48
0x00007fff21ea6667:   8b cb e8 ae cd ff ff 48 c7 05 0f 35 01 00 00 00
0x00007fff21ea6677:   00 00 48 83 c4 20 5b c3 cc 40 53 48 83 ec 20 48 


Stack slot to memory mapping:

stack at sp + 0 slots: 0x0 is null
stack at sp + 1 slots: 0x00000052b76ff498 points into unknown readable memory: 0x00000052b76ff480 | 80 f4 6f b7 52 00 00 00
stack at sp + 2 slots: 0x00007ffee8ca4720 jvm.dll
stack at sp + 3 slots: 0x00007fff21ea3ed0 glass.dll
stack at sp + 4 slots: 0x000001ac79dd6348 points into unknown readable memory: 0x0000f2216541da10 | 10 da 41 65 21 f2 00 00
stack at sp + 5 slots: 0x00007fff87d33a93 ucrtbase.dll
stack at sp + 6 slots: 0x000001ac79dd6340 points into unknown readable memory: 0x7fffd3cb5ca9da10 | 10 da a9 5c cb d3 ff 7f
stack at sp + 7 slots: 0x000001ac00000000 is pointing into metadata

VM_Operation (0x00000052b6cff370): Exit, mode: safepoint, requested by thread 0x000001ac410151b0


---------------  P R O C E S S  ---------------

Threads class SMR info:
_java_thread_list=0x000001ac412b4d40, length=20, elements={
0x000001ac4ecb1bb0, 0x000001ac7275d250, 0x000001ac7275deb0, 0x000001ac791240e0,
0x000001ac79124c70, 0x000001ac791256d0, 0x000001ac7912dbe0, 0x000001ac7912f7c0,
0x000001ac72725320, 0x000001ac79f4e9b0, 0x000001ac79db2210, 0x000001ac7a18f500,
0x000001ac7a2cf7f0, 0x000001ac79b9bd20, 0x000001ac7a676c60, 0x000001ac7a746800,
0x000001ac41013770, 0x000001ac41012a50, 0x000001ac41014b20, 0x000001ac410151b0
}

Java Threads: ( => current thread )
  0x000001ac4ecb1bb0 JavaThread "main"                              [_thread_blocked, id=3500, stack(0x00000052b6f00000,0x00000052b7000000) (1024K)]
  0x000001ac7275d250 JavaThread "Reference Handler"          daemon [_thread_blocked, id=13624, stack(0x00000052b7700000,0x00000052b7800000) (1024K)]
  0x000001ac7275deb0 JavaThread "Finalizer"                  daemon [_thread_blocked, id=21468, stack(0x00000052b7800000,0x00000052b7900000) (1024K)]
  0x000001ac791240e0 JavaThread "Attach Listener"            daemon [_thread_blocked, id=20928, stack(0x00000052b7a00000,0x00000052b7b00000) (1024K)]
  0x000001ac79124c70 JavaThread "Service Thread"             daemon [_thread_blocked, id=19828, stack(0x00000052b7b00000,0x00000052b7c00000) (1024K)]
  0x000001ac791256d0 JavaThread "Monitor Deflation Thread"   daemon [_thread_blocked, id=20808, stack(0x00000052b7c00000,0x00000052b7d00000) (1024K)]
  0x000001ac7912dbe0 JavaThread "C2 CompilerThread0"         daemon [_thread_blocked, id=18772, stack(0x00000052b7d00000,0x00000052b7e00000) (1024K)]
  0x000001ac7912f7c0 JavaThread "C1 CompilerThread0"         daemon [_thread_blocked, id=8516, stack(0x00000052b7e00000,0x00000052b7f00000) (1024K)]
  0x000001ac72725320 JavaThread "Common-Cleaner"             daemon [_thread_blocked, id=6684, stack(0x00000052b7f00000,0x00000052b8000000) (1024K)]
  0x000001ac79f4e9b0 JavaThread "Monitor Ctrl-Break"         daemon [_thread_in_native, id=5304, stack(0x00000052b8200000,0x00000052b8300000) (1024K)]
  0x000001ac79db2210 JavaThread "Notification Thread"        daemon [_thread_blocked, id=17980, stack(0x00000052b8300000,0x00000052b8400000) (1024K)]
  0x000001ac7a18f500 JavaThread "QuantumRenderer-0"          daemon [_thread_blocked, id=8996, stack(0x00000052b8400000,0x00000052b8500000) (1024K)]
  0x000001ac7a2cf7f0 JavaThread "InvokeLaterDispatcher"      daemon [_thread_blocked, id=11896, stack(0x00000052b8500000,0x00000052b8600000) (1024K)]
  0x000001ac79b9bd20 JavaThread "JavaFX Application Thread"         [_thread_in_native, id=13220, stack(0x00000052b8600000,0x00000052b8700000) (1024K)]
  0x000001ac7a676c60 JavaThread "JavaFX-Launcher"                   [_thread_blocked, id=9664, stack(0x00000052b9200000,0x00000052b9300000) (1024K)]
  0x000001ac7a746800 JavaThread "Thread-2"                   daemon [_thread_in_native, id=18200, stack(0x00000052b9100000,0x00000052b9200000) (1024K)]
  0x000001ac41013770 JavaThread "Prism Font Disposer"        daemon [_thread_blocked, id=17392, stack(0x00000052b9600000,0x00000052b9700000) (1024K)]
  0x000001ac41012a50 JavaThread "Cleaner-0"                  daemon [_thread_blocked, id=7276, stack(0x00000052b9700000,0x00000052b9800000) (1024K)]
  0x000001ac41014b20 JavaThread "mysql-cj-abandoned-connection-cleanup" daemon [_thread_blocked, id=13820, stack(0x00000052b8000000,0x00000052b8100000) (1024K)]
  0x000001ac410151b0 JavaThread "SIGINT handler"             daemon [_thread_blocked, id=1424, stack(0x00000052b6c00000,0x00000052b6d00000) (1024K)]
Total: 20

Other Threads:
=>0x000001ac7273f980 VMThread "VM Thread"                           [id=13984, stack(0x00000052b7600000,0x00000052b7700000) (1024K)]
  0x000001ac725a0c10 WorkerThread "GC Thread#0"                     [id=4256, stack(0x00000052b7000000,0x00000052b7100000) (1024K)]
  0x000001ac7a6ac3f0 WorkerThread "GC Thread#1"                     [id=11976, stack(0x00000052b8a00000,0x00000052b8b00000) (1024K)]
  0x000001ac7a6cdfe0 WorkerThread "GC Thread#2"                     [id=13532, stack(0x00000052b8b00000,0x00000052b8c00000) (1024K)]
  0x000001ac7a6f23b0 WorkerThread "GC Thread#3"                     [id=7512, stack(0x00000052b8c00000,0x00000052b8d00000) (1024K)]
  0x000001ac7a6f3710 WorkerThread "GC Thread#4"                     [id=10980, stack(0x00000052b8d00000,0x00000052b8e00000) (1024K)]
  0x000001ac7a6fe5f0 WorkerThread "GC Thread#5"                     [id=21500, stack(0x00000052b8e00000,0x00000052b8f00000) (1024K)]
  0x000001ac7a702e20 WorkerThread "GC Thread#6"                     [id=11140, stack(0x00000052b8f00000,0x00000052b9000000) (1024K)]
  0x000001ac7a7039e0 WorkerThread "GC Thread#7"                     [id=5300, stack(0x00000052b9000000,0x00000052b9100000) (1024K)]
  0x000001ac50f07350 ConcurrentGCThread "G1 Main Marker"            terminated
  0x000001ac50f085f0 WorkerThread "G1 Conc#0"                       [id=2992, stack(0x00000052b7200000,0x00000052b7300000) (1024K)]
  0x000001ac7a8a6640 WorkerThread "G1 Conc#1"                       [id=20876, stack(0x00000052b9800000,0x00000052b9900000) (1024K)]
  0x000001ac50f4e9e0 ConcurrentGCThread "G1 Refine#0"               terminated
  0x000001ac725e8a90 ConcurrentGCThread "G1 Service"                terminated
Total: 14

Threads with active compile tasks:
Total: 0

VM state: at safepoint (shutting down)

VM Mutex/Monitor currently owned by a thread:  ([mutex/lock_event])
[0x00007ffee8c7cd68] Threads_lock - owner thread: 0x000001ac7273f980
[0x00007ffee8c7ce68] Heap_lock - owner thread: 0x000001ac410151b0

Heap address: 0x0000000602800000, size: 8152 MB, Compressed Oops mode: Zero based, Oop shift amount: 3

CDS archive(s) mapped at: [0x000001ac00000000-0x000001ac00c90000-0x000001ac00c90000), size 13172736, SharedBaseAddress: 0x000001ac00000000, ArchiveRelocationMode: 1.
Compressed class space mapped at: 0x000001ac01000000-0x000001ac41000000, reserved size: 1073741824
Narrow klass base: 0x000001ac00000000, Narrow klass shift: 0, Narrow klass range: 0x100000000

GC Precious Log:
 CardTable entry size: 512
 Card Set container configuration: InlinePtr #cards 4 size 8 Array Of Cards #cards 32 size 80 Howl #buckets 8 coarsen threshold 7372 Howl Bitmap #cards 1024 size 144 coarsen threshold 921 Card regions per heap region 1 cards per card region 8192
 CPUs: 8 total, 8 available
 Memory: 32599M
 Large Page Support: Disabled
 NUMA Support: Disabled
 Compressed Oops: Enabled (Zero based)
 Heap Region Size: 4M
 Heap Min Capacity: 8M
 Heap Initial Capacity: 512M
 Heap Max Capacity: 8152M
 Pre-touch: Disabled
 Parallel Workers: 8
 Concurrent Workers: 2
 Concurrent Refinement Workers: 8
 Periodic GC: Disabled

Heap:
 garbage-first heap   total 69632K, used 52793K [0x0000000602800000, 0x0000000800000000)
  region size 4096K, 12 young (49152K), 1 survivors (4096K)
 Metaspace       used 29160K, committed 29568K, reserved 1114112K
  class space    used 3992K, committed 4160K, reserved 1048576K

Heap Regions: E=young(eden), S=young(survivor), O=old, HS=humongous(starts), HC=humongous(continues), CS=collection set, F=free, TAMS=top-at-mark-start, PB=parsable bottom
|   0|0x0000000602800000, 0x0000000602c00000, 0x0000000602c00000|100%| O|  |TAMS 0x0000000602800000| PB 0x0000000602800000| Untracked 
|   1|0x0000000602c00000, 0x0000000603000000, 0x0000000603000000|100%| O|  |TAMS 0x0000000602c00000| PB 0x0000000602c00000| Untracked 
|   2|0x0000000603000000, 0x0000000603039520, 0x0000000603400000|  5%| O|Cm|TAMS 0x0000000603000000| PB 0x0000000603000000| Complete 
|   3|0x0000000603400000, 0x0000000603400000, 0x0000000603800000|  0%| F|  |TAMS 0x0000000603400000| PB 0x0000000603400000| Untracked 
|   4|0x0000000603800000, 0x0000000603800000, 0x0000000603c00000|  0%| F|  |TAMS 0x0000000603800000| PB 0x0000000603800000| Untracked 
|   5|0x0000000603c00000, 0x0000000603eeea08, 0x0000000604000000| 73%| E|  |TAMS 0x0000000603c00000| PB 0x0000000603c00000| Complete 
|   6|0x0000000604000000, 0x0000000604400000, 0x0000000604400000|100%| E|CS|TAMS 0x0000000604000000| PB 0x0000000604000000| Complete 
|   7|0x0000000604400000, 0x0000000604800000, 0x0000000604800000|100%| E|CS|TAMS 0x0000000604400000| PB 0x0000000604400000| Complete 
|   8|0x0000000604800000, 0x0000000604c00000, 0x0000000604c00000|100%| E|CS|TAMS 0x0000000604800000| PB 0x0000000604800000| Complete 
|   9|0x0000000604c00000, 0x0000000605000000, 0x0000000605000000|100%| E|CS|TAMS 0x0000000604c00000| PB 0x0000000604c00000| Complete 
|  10|0x0000000605000000, 0x0000000605400000, 0x0000000605400000|100%| E|CS|TAMS 0x0000000605000000| PB 0x0000000605000000| Complete 
|  11|0x0000000605400000, 0x0000000605800000, 0x0000000605800000|100%| E|CS|TAMS 0x0000000605400000| PB 0x0000000605400000| Complete 
|  12|0x0000000605800000, 0x0000000605c00000, 0x0000000605c00000|100%| E|CS|TAMS 0x0000000605800000| PB 0x0000000605800000| Complete 
|  13|0x0000000605c00000, 0x0000000606000000, 0x0000000606000000|100%| E|CS|TAMS 0x0000000605c00000| PB 0x0000000605c00000| Complete 
|  14|0x0000000606000000, 0x0000000606400000, 0x0000000606400000|100%| E|CS|TAMS 0x0000000606000000| PB 0x0000000606000000| Complete 
| 118|0x0000000620000000, 0x00000006203550b8, 0x0000000620400000| 83%| S|CS|TAMS 0x0000000620000000| PB 0x0000000620000000| Complete 
| 127|0x0000000622400000, 0x0000000622800000, 0x0000000622800000|100%| E|CS|TAMS 0x0000000622400000| PB 0x0000000622400000| Complete 

Card table byte_map: [0x000001ac69610000,0x000001ac6a600000] _byte_map_base: 0x000001ac665fc000

Marking Bits: (CMBitMap*) 0x000001ac50ef6a00
 Bits: [0x000001ac6a600000, 0x000001ac72560000)

Polling page: 0x000001ac4f020000

Metaspace:

Usage:
  Non-class:     24.58 MB used.
      Class:      3.90 MB used.
       Both:     28.48 MB used.

Virtual space:
  Non-class space:       64.00 MB reserved,      24.81 MB ( 39%) committed,  1 nodes.
      Class space:        1.00 GB reserved,       4.06 MB ( <1%) committed,  1 nodes.
             Both:        1.06 GB reserved,      28.88 MB (  3%) committed. 

Chunk freelists:
   Non-Class:  6.66 MB
       Class:  11.88 MB
        Both:  18.53 MB

MaxMetaspaceSize: unlimited
CompressedClassSpaceSize: 1.00 GB
Initial GC threshold: 21.00 MB
Current GC threshold: 35.12 MB
CDS: on
 - commit_granule_bytes: 65536.
 - commit_granule_words: 8192.
 - virtual_space_node_default_size: 8388608.
 - enlarge_chunks_in_place: 1.
 - use_allocation_guard: 0.


Internal statistics:

num_allocs_failed_limit: 3.
num_arena_births: 454.
num_arena_deaths: 0.
num_vsnodes_births: 2.
num_vsnodes_deaths: 0.
num_space_committed: 462.
num_space_uncommitted: 0.
num_chunks_returned_to_freelist: 3.
num_chunks_taken_from_freelist: 1347.
num_chunk_merges: 0.
num_chunk_splits: 896.
num_chunks_enlarged: 647.
num_inconsistent_stats: 0.

CodeHeap 'non-profiled nmethods': size=120000Kb used=2953Kb max_used=2953Kb free=117046Kb
 bounds [0x000001ac60dc0000, 0x000001ac610b0000, 0x000001ac682f0000]
CodeHeap 'profiled nmethods': size=120000Kb used=12093Kb max_used=12093Kb free=107906Kb
 bounds [0x000001ac592f0000, 0x000001ac59ec0000, 0x000001ac60820000]
CodeHeap 'non-nmethods': size=5760Kb used=1925Kb max_used=2016Kb free=3834Kb
 bounds [0x000001ac60820000, 0x000001ac60a90000, 0x000001ac60dc0000]
 total_blobs=6700 nmethods=5788 adapters=814
 compilation: enabled
              stopped_count=0, restarted_count=0
 full_count=0

Compilation events (20 events):
Event: 43.273 Thread 0x000001ac7912f7c0 nmethod 5781 0x000001ac59ebde10 code [0x000001ac59ebdfc0, 0x000001ac59ebe188]
Event: 43.441 Thread 0x000001ac7912dbe0 nmethod 5613 0x000001ac61089b10 code [0x000001ac6108a760, 0x000001ac61095ff0]
Event: 48.707 Thread 0x000001ac7912f7c0 5782       3       java.util.ArrayList$ArrayListSpliterator::estimateSize (11 bytes)
Event: 48.708 Thread 0x000001ac7912f7c0 nmethod 5782 0x000001ac59ebe290 code [0x000001ac59ebe440, 0x000001ac59ebe600]
Event: 83.834 Thread 0x000001ac7912dbe0 5783       4       com.sun.javafx.tk.quantum.QuantumToolkit::postPulse (133 bytes)
Event: 83.849 Thread 0x000001ac7912dbe0 nmethod 5783 0x000001ac6109ca90 code [0x000001ac6109cd40, 0x000001ac6109e190]
Event: 86.534 Thread 0x000001ac7912dbe0 5784       4       com.sun.javafx.tk.quantum.QuantumToolkit$$Lambda/0x000001ac0103db30::run (8 bytes)
Event: 86.535 Thread 0x000001ac7912dbe0 nmethod 5784 0x000001ac6109eb10 code [0x000001ac6109ecc0, 0x000001ac6109edd0]
Event: 88.758 Thread 0x000001ac7912f7c0 5785       3       jdk.internal.module.Resources::toPackageName (39 bytes)
Event: 88.758 Thread 0x000001ac7912f7c0 nmethod 5785 0x000001ac59ebe710 code [0x000001ac59ebe940, 0x000001ac59ebefd0]
Event: 93.772 Thread 0x000001ac7912dbe0 5786       4       java.util.zip.ZipFile$Source::getEntryPos (164 bytes)
Event: 93.781 Thread 0x000001ac7912dbe0 nmethod 5786 0x000001ac6109ef10 code [0x000001ac6109f180, 0x000001ac610a0128]
Event: 103.792 Thread 0x000001ac7912f7c0 5787       3       jdk.internal.loader.BuiltinClassLoader::hasClassPath (13 bytes)
Event: 103.792 Thread 0x000001ac7912f7c0 nmethod 5787 0x000001ac59ebf290 code [0x000001ac59ebf420, 0x000001ac59ebf590]
Event: 108.799 Thread 0x000001ac7912dbe0 5788   !   4       java.util.zip.ZipFile::getEntry (59 bytes)
Event: 108.801 Thread 0x000001ac7912dbe0 nmethod 5788 0x000001ac610a0c10 code [0x000001ac610a0dc0, 0x000001ac610a1168]
Event: 113.809 Thread 0x000001ac7912dbe0 5789       4       java.util.jar.JarFile::getEntry (35 bytes)
Event: 113.813 Thread 0x000001ac7912dbe0 nmethod 5789 0x000001ac610a1390 code [0x000001ac610a15a0, 0x000001ac610a1f18]
Event: 170.561 Thread 0x000001ac7912f7c0 5790       1       java.util.logging.LogManager$LoggerContext::getOwner (5 bytes)
Event: 170.561 Thread 0x000001ac7912f7c0 nmethod 5790 0x000001ac610a2390 code [0x000001ac610a2520, 0x000001ac610a25f0]

GC Heap History (6 events):
Event: 0.481 GC heap before
{Heap before GC invocations=0 (full 0):
 garbage-first heap   total 524288K, used 24576K [0x0000000602800000, 0x0000000800000000)
  region size 4096K, 6 young (24576K), 0 survivors (0K)
 Metaspace       used 3646K, committed 3776K, reserved 1114112K
  class space    used 377K, committed 448K, reserved 1048576K
}
Event: 0.483 GC heap after
{Heap after GC invocations=1 (full 0):
 garbage-first heap   total 524288K, used 2285K [0x0000000602800000, 0x0000000800000000)
  region size 4096K, 1 young (4096K), 1 survivors (4096K)
 Metaspace       used 3646K, committed 3776K, reserved 1114112K
  class space    used 377K, committed 448K, reserved 1048576K
}
Event: 2.128 GC heap before
{Heap before GC invocations=1 (full 0):
 garbage-first heap   total 524288K, used 47341K [0x0000000602800000, 0x0000000800000000)
  region size 4096K, 13 young (53248K), 1 survivors (4096K)
 Metaspace       used 14456K, committed 14784K, reserved 1114112K
  class space    used 2013K, committed 2176K, reserved 1048576K
}
Event: 2.132 GC heap after
{Heap after GC invocations=2 (full 0):
 garbage-first heap   total 524288K, used 8497K [0x0000000602800000, 0x0000000800000000)
  region size 4096K, 2 young (8192K), 2 survivors (8192K)
 Metaspace       used 14456K, committed 14784K, reserved 1114112K
  class space    used 2013K, committed 2176K, reserved 1048576K
}
Event: 28.848 GC heap before
{Heap before GC invocations=2 (full 0):
 garbage-first heap   total 524288K, used 37169K [0x0000000602800000, 0x0000000800000000)
  region size 4096K, 11 young (45056K), 2 survivors (8192K)
 Metaspace       used 21171K, committed 21504K, reserved 1114112K
  class space    used 2901K, committed 3072K, reserved 1048576K
}
Event: 28.854 GC heap after
{Heap after GC invocations=3 (full 0):
 garbage-first heap   total 524288K, used 11833K [0x0000000602800000, 0x0000000800000000)
  region size 4096K, 1 young (4096K), 1 survivors (4096K)
 Metaspace       used 21171K, committed 21504K, reserved 1114112K
  class space    used 2901K, committed 3072K, reserved 1048576K
}

Dll operation events (20 events):
Event: 0.356 Loaded shared library C:\Users\adria\.openjfx\cache\21+31\amd64\api-ms-win-crt-math-l1-1-0.dll
Event: 0.358 Loaded shared library C:\Users\adria\.openjfx\cache\21+31\amd64\api-ms-win-crt-multibyte-l1-1-0.dll
Event: 0.360 Loaded shared library C:\Users\adria\.openjfx\cache\21+31\amd64\api-ms-win-crt-private-l1-1-0.dll
Event: 0.362 Loaded shared library C:\Users\adria\.openjfx\cache\21+31\amd64\api-ms-win-crt-process-l1-1-0.dll
Event: 0.365 Loaded shared library C:\Users\adria\.openjfx\cache\21+31\amd64\api-ms-win-crt-runtime-l1-1-0.dll
Event: 0.368 Loaded shared library C:\Users\adria\.openjfx\cache\21+31\amd64\api-ms-win-crt-stdio-l1-1-0.dll
Event: 0.370 Loaded shared library C:\Users\adria\.openjfx\cache\21+31\amd64\api-ms-win-crt-string-l1-1-0.dll
Event: 0.373 Loaded shared library C:\Users\adria\.openjfx\cache\21+31\amd64\api-ms-win-crt-time-l1-1-0.dll
Event: 0.375 Loaded shared library C:\Users\adria\.openjfx\cache\21+31\amd64\api-ms-win-crt-utility-l1-1-0.dll
Event: 0.385 Loaded shared library C:\Users\adria\.openjfx\cache\21+31\amd64\ucrtbase.dll
Event: 0.388 Loaded shared library C:\Users\adria\.openjfx\cache\21+31\amd64\vcruntime140.dll
Event: 0.390 Loaded shared library C:\Users\adria\.openjfx\cache\21+31\amd64\vcruntime140_1.dll
Event: 0.397 Loaded shared library C:\Users\adria\.openjfx\cache\21+31\amd64\msvcp140.dll
Event: 0.399 Loaded shared library C:\Users\adria\.openjfx\cache\21+31\amd64\msvcp140_1.dll
Event: 0.402 Loaded shared library C:\Users\adria\.openjfx\cache\21+31\amd64\msvcp140_2.dll
Event: 0.426 Loaded shared library C:\Users\adria\.openjfx\cache\21+31\amd64\prism_d3d.dll
Event: 0.459 Loaded shared library C:\Users\adria\.openjfx\cache\21+31\amd64\glass.dll
Event: 0.535 Loaded shared library C:\Program Files\Java\jdk-21\bin\jimage.dll
Event: 0.632 Loaded shared library C:\Users\adria\.openjfx\cache\21+31\amd64\javafx_font.dll
Event: 28.908 Loaded shared library C:\Program Files\Java\jdk-21\bin\sunmscapi.dll

Deoptimization events (20 events):
Event: 43.081 Thread 0x000001ac79b9bd20 DEOPT PACKING pc=0x000001ac610695bc sp=0x00000052b86fb060
Event: 43.081 Thread 0x000001ac79b9bd20 DEOPT UNPACKING pc=0x000001ac608746a2 sp=0x00000052b86fafd8 mode 2
Event: 43.086 Thread 0x000001ac79b9bd20 Uncommon trap: trap_request=0xffffff45 fr.pc=0x000001ac60ff96e4 relative=0x0000000000000624
Event: 43.086 Thread 0x000001ac79b9bd20 Uncommon trap: reason=unstable_if action=reinterpret pc=0x000001ac60ff96e4 method=javafx.scene.Node.updateBounds()V @ 47 c2
Event: 43.086 Thread 0x000001ac79b9bd20 DEOPT PACKING pc=0x000001ac60ff96e4 sp=0x00000052b86fb6e0
Event: 43.086 Thread 0x000001ac79b9bd20 DEOPT UNPACKING pc=0x000001ac608746a2 sp=0x00000052b86fb690 mode 2
Event: 43.206 Thread 0x000001ac79b9bd20 Uncommon trap: trap_request=0xffffff45 fr.pc=0x000001ac60df4698 relative=0x0000000000000078
Event: 43.206 Thread 0x000001ac79b9bd20 Uncommon trap: reason=unstable_if action=reinterpret pc=0x000001ac60df4698 method=java.util.stream.StreamOpFlag.fromCharacteristics(Ljava/util/Spliterator;)I @ 10 c2
Event: 43.206 Thread 0x000001ac79b9bd20 DEOPT PACKING pc=0x000001ac60df4698 sp=0x00000052b86f9220
Event: 43.206 Thread 0x000001ac79b9bd20 DEOPT UNPACKING pc=0x000001ac608746a2 sp=0x00000052b86f91b8 mode 2
Event: 43.227 Thread 0x000001ac79b9bd20 DEOPT PACKING pc=0x000001ac59839315 sp=0x00000052b86f89e0
Event: 43.227 Thread 0x000001ac79b9bd20 DEOPT UNPACKING pc=0x000001ac60874e42 sp=0x00000052b86f7e68 mode 0
Event: 43.238 Thread 0x000001ac79b9bd20 DEOPT PACKING pc=0x000001ac59839315 sp=0x00000052b86f89e0
Event: 43.238 Thread 0x000001ac79b9bd20 DEOPT UNPACKING pc=0x000001ac60874e42 sp=0x00000052b86f7e68 mode 0
Event: 43.242 Thread 0x000001ac79b9bd20 DEOPT PACKING pc=0x000001ac59839315 sp=0x00000052b86f89d0
Event: 43.242 Thread 0x000001ac79b9bd20 DEOPT UNPACKING pc=0x000001ac60874e42 sp=0x00000052b86f7e58 mode 0
Event: 43.264 Thread 0x000001ac7a18f500 Uncommon trap: trap_request=0xffffff45 fr.pc=0x000001ac60f29ee0 relative=0x0000000000003100
Event: 43.264 Thread 0x000001ac7a18f500 Uncommon trap: reason=unstable_if action=reinterpret pc=0x000001ac60f29ee0 method=com.sun.marlin.Renderer._endRendering(IILcom/sun/marlin/MarlinAlphaConsumer;)V @ 1116 c2
Event: 43.264 Thread 0x000001ac7a18f500 DEOPT PACKING pc=0x000001ac60f29ee0 sp=0x00000052b84fd8a0
Event: 43.264 Thread 0x000001ac7a18f500 DEOPT UNPACKING pc=0x000001ac608746a2 sp=0x00000052b84fd6b8 mode 2

Classes loaded (20 events):
Event: 43.146 Loading class sun/util/logging/resources/logging_pt
Event: 43.146 Loading class sun/util/logging/resources/logging_pt done
Event: 43.146 Loading class sun/util/logging/resources/logging_pt
Event: 43.146 Loading class sun/util/logging/resources/logging_pt done
Event: 43.146 Loading class sun/util/logging/resources/logging_pt_BR
Event: 43.146 Loading class sun/util/logging/resources/logging_pt_BR done
Event: 43.146 Loading class sun/util/logging/resources/logging_pt_BR
Event: 43.146 Loading class sun/util/logging/resources/logging_pt_BR done
Event: 43.146 Loading class java/util/Formatter$DateTime
Event: 43.146 Loading class java/util/Formatter$DateTime done
Event: 43.146 Loading class java/util/Formatter$FixedString
Event: 43.146 Loading class java/util/Formatter$FixedString done
Event: 43.147 Loading class java/time/ZonedDateTime$1
Event: 43.147 Loading class java/time/ZonedDateTime$1 done
Event: 43.156 Loading class java/time/format/FormatStyle
Event: 43.156 Loading class java/time/format/FormatStyle done
Event: 43.206 Loading class java/util/BitSet$1BitSetSpliterator
Event: 43.206 Loading class java/util/BitSet$1BitSetSpliterator done
Event: 170.561 Loading class jdk/internal/misc/Signal$1
Event: 170.561 Loading class jdk/internal/misc/Signal$1 done

Classes unloaded (0 events):
No events

Classes redefined (0 events):
No events

Internal exceptions (20 events):
Event: 28.831 Thread 0x000001ac79b9bd20 Exception <a 'sun/nio/fs/WindowsException'{0x000000062055f468}> (0x000000062055f468) 
thrown [s\open\src\hotspot\share\prims\jni.cpp, line 520]
Event: 28.862 Thread 0x000001ac79b9bd20 Exception <a 'sun/nio/fs/WindowsException'{0x000000062244a7a8}> (0x000000062244a7a8) 
thrown [s\open\src\hotspot\share\prims\jni.cpp, line 520]
Event: 28.865 Thread 0x000001ac79b9bd20 Exception <a 'sun/nio/fs/WindowsException'{0x000000062245b208}> (0x000000062245b208) 
thrown [s\open\src\hotspot\share\prims\jni.cpp, line 520]
Event: 28.885 Thread 0x000001ac79b9bd20 Exception <a 'java/lang/NoSuchMethodError'{0x00000006224f6678}: 'java.lang.Object java.lang.invoke.DirectMethodHandle$Holder.invokeStaticInit(java.lang.Object, int, int, int, int)'> (0x00000006224f6678) 
thrown [s\open\src\hotspot\share\interpreter\linkResolver.cpp, line 773]
Event: 28.896 Thread 0x000001ac79b9bd20 Exception <a 'java/lang/NoSuchMethodError'{0x00000006226be438}: 'java.lang.Object java.lang.invoke.DirectMethodHandle$Holder.invokeStaticInit(java.lang.Object, java.lang.Object, int, int, int, int)'> (0x00000006226be438) 
thrown [s\open\src\hotspot\share\interpreter\linkResolver.cpp, line 773]
Event: 29.025 Thread 0x000001ac79b9bd20 Exception <a 'java/lang/NoSuchMethodError'{0x0000000606173640}: 'void java.lang.invoke.DirectMethodHandle$Holder.invokeInterface(java.lang.Object, java.lang.Object, java.lang.Object, java.lang.Object)'> (0x0000000606173640) 
thrown [s\open\src\hotspot\share\interpreter\linkResolver.cpp, line 773]
Event: 29.059 Thread 0x000001ac79b9bd20 Exception <a 'java/io/IOException'{0x00000006062f30b8}> (0x00000006062f30b8) 
thrown [s\open\src\hotspot\share\prims\jni.cpp, line 520]
Event: 29.059 Thread 0x000001ac79b9bd20 Exception <a 'java/lang/NoSuchMethodError'{0x00000006062f6d00}: 'void java.lang.invoke.DirectMethodHandle$Holder.invokeInterface(java.lang.Object, java.lang.Object)'> (0x00000006062f6d00) 
thrown [s\open\src\hotspot\share\interpreter\linkResolver.cpp, line 773]
Event: 29.084 Thread 0x000001ac79b9bd20 Exception <a 'java/io/IOException'{0x000000060635c560}> (0x000000060635c560) 
thrown [s\open\src\hotspot\share\prims\jni.cpp, line 520]
Event: 40.614 Thread 0x000001ac79b9bd20 Exception <a 'java/io/IOException'{0x0000000605bbd568}> (0x0000000605bbd568) 
thrown [s\open\src\hotspot\share\prims\jni.cpp, line 520]
Event: 40.615 Thread 0x000001ac79b9bd20 Exception <a 'java/io/IOException'{0x0000000605bc1828}> (0x0000000605bc1828) 
thrown [s\open\src\hotspot\share\prims\jni.cpp, line 520]
Event: 40.666 Thread 0x000001ac79b9bd20 Exception <a 'java/io/IOException'{0x000000060575dd88}> (0x000000060575dd88) 
thrown [s\open\src\hotspot\share\prims\jni.cpp, line 520]
Event: 40.727 Thread 0x000001ac79b9bd20 Exception <a 'java/lang/NoSuchMethodError'{0x0000000605313cf0}: 'int java.lang.invoke.DirectMethodHandle$Holder.invokeVirtual(java.lang.Object, java.lang.Object)'> (0x0000000605313cf0) 
thrown [s\open\src\hotspot\share\interpreter\linkResolver.cpp, line 773]
Event: 40.728 Thread 0x000001ac79b9bd20 Exception <a 'java/lang/NoSuchMethodError'{0x0000000605321d60}: 'double java.lang.invoke.DirectMethodHandle$Holder.invokeVirtual(java.lang.Object, java.lang.Object)'> (0x0000000605321d60) 
thrown [s\open\src\hotspot\share\interpreter\linkResolver.cpp, line 773]
Event: 40.729 Thread 0x000001ac79b9bd20 Exception <a 'java/lang/NoSuchMethodError'{0x0000000605325cf8}: 'double java.lang.invoke.DelegatingMethodHandle$Holder.reinvoke_L(java.lang.Object, java.lang.Object)'> (0x0000000605325cf8) 
thrown [s\open\src\hotspot\share\interpreter\linkResolver.cpp, line 773]
Event: 41.967 Thread 0x000001ac79b9bd20 Exception <a 'java/lang/NoSuchMethodError'{0x0000000604b3a9b8}: 'void java.lang.invoke.DirectMethodHandle$Holder.invokeVirtual(java.lang.Object, java.lang.Object, int)'> (0x0000000604b3a9b8) 
thrown [s\open\src\hotspot\share\interpreter\linkResolver.cpp, line 773]
Event: 43.146 Thread 0x000001ac79b9bd20 Exception <a 'java/lang/ClassNotFoundException'{0x00000006044796f8}: sun/util/logging/resources/spi/loggingProvider> (0x00000006044796f8) 
thrown [s\open\src\hotspot\share\classfile\systemDictionary.cpp, line 312]
Event: 43.180 Thread 0x000001ac79b9bd20 Exception <a 'java/lang/ClassNotFoundException'{0x00000006046f33f0}: com/sun/javafx/scene/control/skin/resources/controls-nt> (0x00000006046f33f0) 
thrown [s\open\src\hotspot\share\prims\jni.cpp, line 539]
Event: 43.180 Thread 0x000001ac79b9bd20 Exception <a 'java/lang/ClassNotFoundException'{0x00000006046fbfc8}: com/sun/javafx/scene/control/skin/resources/controls-nt_pt> (0x00000006046fbfc8) 
thrown [s\open\src\hotspot\share\prims\jni.cpp, line 539]
Event: 43.181 Thread 0x000001ac79b9bd20 Exception <a 'java/lang/ClassNotFoundException'{0x00000006046fd7c0}: com/sun/javafx/scene/control/skin/resources/controls-nt_pt_BR> (0x00000006046fd7c0) 
thrown [s\open\src\hotspot\share\prims\jni.cpp, line 539]

ZGC Phase Switch (0 events):
No events

VM Operations (20 events):
Event: 40.860 Executing VM operation: HandshakeAllThreads (Deoptimize) done
Event: 41.861 Executing VM operation: Cleanup
Event: 41.861 Executing VM operation: Cleanup done
Event: 41.969 Executing VM operation: HandshakeAllThreads (Deoptimize)
Event: 41.969 Executing VM operation: HandshakeAllThreads (Deoptimize) done
Event: 41.970 Executing VM operation: HandshakeAllThreads (Deoptimize)
Event: 41.970 Executing VM operation: HandshakeAllThreads (Deoptimize) done
Event: 42.970 Executing VM operation: Cleanup
Event: 42.970 Executing VM operation: Cleanup done
Event: 44.970 Executing VM operation: Cleanup
Event: 44.970 Executing VM operation: Cleanup done
Event: 49.974 Executing VM operation: Cleanup
Event: 49.974 Executing VM operation: Cleanup done
Event: 60.127 Executing VM operation: HandshakeAllThreads (HandshakeForDeflation)
Event: 60.127 Executing VM operation: HandshakeAllThreads (HandshakeForDeflation) done
Event: 60.127 Executing VM operation: RendezvousGCThreads
Event: 60.127 Executing VM operation: RendezvousGCThreads done
Event: 119.679 Executing VM operation: Cleanup
Event: 119.679 Executing VM operation: Cleanup done
Event: 170.562 Executing VM operation: Exit

Events (20 events):
Event: 24.236 Thread 0x000001ac4126edb0 Thread exited: 0x000001ac4126edb0
Event: 28.706 Thread 0x000001ac41014b20 Thread added: 0x000001ac41014b20
Event: 28.729 Thread 0x000001ac4126cba0 Thread added: 0x000001ac4126cba0
Event: 28.945 Thread 0x000001ac4126be00 Thread added: 0x000001ac4126be00
Event: 29.528 Thread 0x000001ac4126be00 Thread exited: 0x000001ac4126be00
Event: 29.945 Thread 0x000001ac4126cba0 Thread exited: 0x000001ac4126cba0
Event: 40.667 Thread 0x000001ac4126b060 Thread added: 0x000001ac4126b060
Event: 40.794 Thread 0x000001ac4126fb50 Thread added: 0x000001ac4126fb50
Event: 41.032 Thread 0x000001ac4126fb50 Thread exited: 0x000001ac4126fb50
Event: 41.603 Thread 0x000001ac4126b060 Thread exited: 0x000001ac4126b060
Event: 43.086 Thread 0x000001ac41270fc0 Thread added: 0x000001ac41270fc0
Event: 43.237 Thread 0x000001ac412708f0 Thread added: 0x000001ac412708f0
Event: 48.268 Thread 0x000001ac412708f0 Thread exited: 0x000001ac412708f0
Event: 48.707 Thread 0x000001ac41270fc0 Thread exited: 0x000001ac41270fc0
Event: 170.561 Thread 0x000001ac410151b0 Thread added: 0x000001ac410151b0
Event: 170.561 Thread 0x000001ac41011d30 Thread added: 0x000001ac41011d30
Event: 170.561 Thread 0x000001ac410123c0 Thread added: 0x000001ac410123c0
Event: 170.562 Thread 0x000001ac410123c0 Thread exited: 0x000001ac410123c0
Event: 170.562 Thread 0x000001ac41011d30 Thread exited: 0x000001ac41011d30
Event: 170.562 Thread 0x000001ac79121570 Thread exited: 0x000001ac79121570


Dynamic libraries:
0x00007ff6e3b20000 - 0x00007ff6e3b30000 	C:\Program Files\Java\jdk-21\bin\java.exe
0x00007fff8a0f0000 - 0x00007fff8a307000 	C:\WINDOWS\SYSTEM32\ntdll.dll
0x00007fff897f0000 - 0x00007fff898b4000 	C:\WINDOWS\System32\KERNEL32.DLL
0x00007fff87580000 - 0x00007fff8792c000 	C:\WINDOWS\System32\KERNELBASE.dll
0x00007fff87ce0000 - 0x00007fff87df1000 	C:\WINDOWS\System32\ucrtbase.dll
0x00007fff43320000 - 0x00007fff43339000 	C:\Program Files\Java\jdk-21\bin\jli.dll
0x00007fff43340000 - 0x00007fff4335b000 	C:\Program Files\Java\jdk-21\bin\VCRUNTIME140.dll
0x00007fff882b0000 - 0x00007fff88362000 	C:\WINDOWS\System32\ADVAPI32.dll
0x00007fff888c0000 - 0x00007fff88967000 	C:\WINDOWS\System32\msvcrt.dll
0x00007fff8a000000 - 0x00007fff8a0aa000 	C:\WINDOWS\System32\sechost.dll
0x00007fff87cb0000 - 0x00007fff87cd8000 	C:\WINDOWS\System32\bcrypt.dll
0x00007fff89e30000 - 0x00007fff89f45000 	C:\WINDOWS\System32\RPCRT4.dll
0x00007fff885b0000 - 0x00007fff8875e000 	C:\WINDOWS\System32\USER32.dll
0x00007fff87e00000 - 0x00007fff87e26000 	C:\WINDOWS\System32\win32u.dll
0x00007fff6b820000 - 0x00007fff6bab3000 	C:\WINDOWS\WinSxS\amd64_microsoft.windows.common-controls_6595b64144ccf1df_6.0.22621.3672_none_2713b9d173822955\COMCTL32.dll
0x00007fff89f50000 - 0x00007fff89f79000 	C:\WINDOWS\System32\GDI32.dll
0x00007fff87b20000 - 0x00007fff87c39000 	C:\WINDOWS\System32\gdi32full.dll
0x00007fff87420000 - 0x00007fff874ba000 	C:\WINDOWS\System32\msvcp_win.dll
0x00007fff7f2c0000 - 0x00007fff7f2ca000 	C:\WINDOWS\SYSTEM32\VERSION.dll
0x00007fff88860000 - 0x00007fff88891000 	C:\WINDOWS\System32\IMM32.DLL
0x00007fff5b240000 - 0x00007fff5b24c000 	C:\Program Files\Java\jdk-21\bin\vcruntime140_1.dll
0x00007fff41ab0000 - 0x00007fff41b3e000 	C:\Program Files\Java\jdk-21\bin\msvcp140.dll
0x00007ffee8040000 - 0x00007ffee8d57000 	C:\Program Files\Java\jdk-21\bin\server\jvm.dll
0x00007fff887e0000 - 0x00007fff88851000 	C:\WINDOWS\System32\WS2_32.dll
0x00007fff86510000 - 0x00007fff8655d000 	C:\WINDOWS\SYSTEM32\POWRPROF.dll
0x00007fff817a0000 - 0x00007fff817d4000 	C:\WINDOWS\SYSTEM32\WINMM.dll
0x00007fff86470000 - 0x00007fff86483000 	C:\WINDOWS\SYSTEM32\UMPDC.dll
0x00007fff864f0000 - 0x00007fff86508000 	C:\WINDOWS\SYSTEM32\kernel.appcore.dll
0x00007fff5ae20000 - 0x00007fff5ae2a000 	C:\Program Files\Java\jdk-21\bin\jimage.dll
0x00007fff848a0000 - 0x00007fff84ad2000 	C:\WINDOWS\SYSTEM32\DBGHELP.DLL
0x00007fff88c00000 - 0x00007fff88f88000 	C:\WINDOWS\System32\combase.dll
0x00007fff88970000 - 0x00007fff88a47000 	C:\WINDOWS\System32\OLEAUT32.dll
0x00007fff7ed60000 - 0x00007fff7ed92000 	C:\WINDOWS\SYSTEM32\dbgcore.DLL
0x00007fff87aa0000 - 0x00007fff87b1b000 	C:\WINDOWS\System32\bcryptPrimitives.dll
0x00007fff823e0000 - 0x00007fff823ef000 	C:\Program Files\Java\jdk-21\bin\instrument.dll
0x00007fff432c0000 - 0x00007fff432df000 	C:\Program Files\Java\jdk-21\bin\java.dll
0x00007fff88f90000 - 0x00007fff897ec000 	C:\WINDOWS\System32\SHELL32.dll
0x00007fff85370000 - 0x00007fff85c67000 	C:\WINDOWS\SYSTEM32\windows.storage.dll
0x00007fff85230000 - 0x00007fff8536f000 	C:\WINDOWS\SYSTEM32\wintypes.dll
0x00007fff89930000 - 0x00007fff89a24000 	C:\WINDOWS\System32\SHCORE.dll
0x00007fff89b90000 - 0x00007fff89bee000 	C:\WINDOWS\System32\shlwapi.dll
0x00007fff87350000 - 0x00007fff87371000 	C:\WINDOWS\SYSTEM32\profapi.dll
0x00007fff419d0000 - 0x00007fff41aa7000 	C:\Program Files\Java\jdk-21\bin\jsvml.dll
0x00007fff5a9f0000 - 0x00007fff5aa00000 	C:\Program Files\Java\jdk-21\bin\net.dll
0x00007fff82700000 - 0x00007fff82836000 	C:\WINDOWS\SYSTEM32\WINHTTP.dll
0x00007fff869b0000 - 0x00007fff86a19000 	C:\WINDOWS\system32\mswsock.dll
0x00007fff419b0000 - 0x00007fff419c6000 	C:\Program Files\Java\jdk-21\bin\nio.dll
0x00007fff41990000 - 0x00007fff419a8000 	C:\Program Files\Java\jdk-21\bin\zip.dll
0x00007fff73640000 - 0x00007fff7365a000 	C:\Program Files\JetBrains\IntelliJ IDEA 2023.3.5\bin\breakgen64.dll
0x000001ac7acf0000 - 0x000001ac7acf3000 	C:\Users\adria\.openjfx\cache\21+31\amd64\api-ms-win-core-console-l1-1-0.dll
0x000001ac7ad00000 - 0x000001ac7ad03000 	C:\Users\adria\.openjfx\cache\21+31\amd64\api-ms-win-core-console-l1-2-0.dll
0x000001ac7ad10000 - 0x000001ac7ad13000 	C:\Users\adria\.openjfx\cache\21+31\amd64\api-ms-win-core-datetime-l1-1-0.dll
0x000001ac7ad20000 - 0x000001ac7ad23000 	C:\Users\adria\.openjfx\cache\21+31\amd64\api-ms-win-core-debug-l1-1-0.dll
0x000001ac7ad30000 - 0x000001ac7ad33000 	C:\Users\adria\.openjfx\cache\21+31\amd64\api-ms-win-core-errorhandling-l1-1-0.dll
0x000001ac7ad40000 - 0x000001ac7ad44000 	C:\Users\adria\.openjfx\cache\21+31\amd64\api-ms-win-core-file-l1-1-0.dll
0x000001ac7ad50000 - 0x000001ac7ad53000 	C:\Users\adria\.openjfx\cache\21+31\amd64\api-ms-win-core-file-l1-2-0.dll
0x000001ac7ad60000 - 0x000001ac7ad63000 	C:\Users\adria\.openjfx\cache\21+31\amd64\api-ms-win-core-file-l2-1-0.dll
0x000001ac7ad70000 - 0x000001ac7ad73000 	C:\Users\adria\.openjfx\cache\21+31\amd64\api-ms-win-core-handle-l1-1-0.dll
0x000001ac7aea0000 - 0x000001ac7aea3000 	C:\Users\adria\.openjfx\cache\21+31\amd64\api-ms-win-core-heap-l1-1-0.dll
0x000001ac7aeb0000 - 0x000001ac7aeb3000 	C:\Users\adria\.openjfx\cache\21+31\amd64\api-ms-win-core-interlocked-l1-1-0.dll
0x000001ac7aec0000 - 0x000001ac7aec3000 	C:\Users\adria\.openjfx\cache\21+31\amd64\api-ms-win-core-libraryloader-l1-1-0.dll
0x000001ac7aed0000 - 0x000001ac7aed3000 	C:\Users\adria\.openjfx\cache\21+31\amd64\api-ms-win-core-localization-l1-2-0.dll
0x000001ac7aee0000 - 0x000001ac7aee3000 	C:\Users\adria\.openjfx\cache\21+31\amd64\api-ms-win-core-memory-l1-1-0.dll
0x000001ac7ad80000 - 0x000001ac7ad83000 	C:\Users\adria\.openjfx\cache\21+31\amd64\api-ms-win-core-namedpipe-l1-1-0.dll
0x000001ac7aef0000 - 0x000001ac7aef3000 	C:\Users\adria\.openjfx\cache\21+31\amd64\api-ms-win-core-processenvironment-l1-1-0.dll
0x000001ac7af00000 - 0x000001ac7af03000 	C:\Users\adria\.openjfx\cache\21+31\amd64\api-ms-win-core-processthreads-l1-1-0.dll
0x000001ac7af10000 - 0x000001ac7af13000 	C:\Users\adria\.openjfx\cache\21+31\amd64\api-ms-win-core-processthreads-l1-1-1.dll
0x000001ac7af20000 - 0x000001ac7af23000 	C:\Users\adria\.openjfx\cache\21+31\amd64\api-ms-win-core-profile-l1-1-0.dll
0x000001ac7af30000 - 0x000001ac7af33000 	C:\Users\adria\.openjfx\cache\21+31\amd64\api-ms-win-core-rtlsupport-l1-1-0.dll
0x000001ac7af40000 - 0x000001ac7af43000 	C:\Users\adria\.openjfx\cache\21+31\amd64\api-ms-win-core-string-l1-1-0.dll
0x000001ac7af50000 - 0x000001ac7af53000 	C:\Users\adria\.openjfx\cache\21+31\amd64\api-ms-win-core-synch-l1-1-0.dll
0x000001ac7ad90000 - 0x000001ac7ad93000 	C:\Users\adria\.openjfx\cache\21+31\amd64\api-ms-win-core-synch-l1-2-0.dll
0x000001ac7ada0000 - 0x000001ac7ada3000 	C:\Users\adria\.openjfx\cache\21+31\amd64\api-ms-win-core-sysinfo-l1-1-0.dll
0x000001ac7adb0000 - 0x000001ac7adb3000 	C:\Users\adria\.openjfx\cache\21+31\amd64\api-ms-win-core-timezone-l1-1-0.dll
0x000001ac7adc0000 - 0x000001ac7adc3000 	C:\Users\adria\.openjfx\cache\21+31\amd64\api-ms-win-core-util-l1-1-0.dll
0x000001ac7add0000 - 0x000001ac7add3000 	C:\Users\adria\.openjfx\cache\21+31\amd64\api-ms-win-crt-conio-l1-1-0.dll
0x000001ac7ade0000 - 0x000001ac7ade4000 	C:\Users\adria\.openjfx\cache\21+31\amd64\api-ms-win-crt-convert-l1-1-0.dll
0x000001ac7adf0000 - 0x000001ac7adf3000 	C:\Users\adria\.openjfx\cache\21+31\amd64\api-ms-win-crt-environment-l1-1-0.dll
0x000001ac7ae00000 - 0x000001ac7ae03000 	C:\Users\adria\.openjfx\cache\21+31\amd64\api-ms-win-crt-filesystem-l1-1-0.dll
0x000001ac7ae10000 - 0x000001ac7ae13000 	C:\Users\adria\.openjfx\cache\21+31\amd64\api-ms-win-crt-heap-l1-1-0.dll
0x000001ac7ae20000 - 0x000001ac7ae23000 	C:\Users\adria\.openjfx\cache\21+31\amd64\api-ms-win-crt-locale-l1-1-0.dll
0x000001ac7ae30000 - 0x000001ac7ae35000 	C:\Users\adria\.openjfx\cache\21+31\amd64\api-ms-win-crt-math-l1-1-0.dll
0x000001ac7ae40000 - 0x000001ac7ae45000 	C:\Users\adria\.openjfx\cache\21+31\amd64\api-ms-win-crt-multibyte-l1-1-0.dll
0x000001ac7ae50000 - 0x000001ac7ae60000 	C:\Users\adria\.openjfx\cache\21+31\amd64\api-ms-win-crt-private-l1-1-0.dll
0x000001ac7ae60000 - 0x000001ac7ae63000 	C:\Users\adria\.openjfx\cache\21+31\amd64\api-ms-win-crt-process-l1-1-0.dll
0x000001ac7ae70000 - 0x000001ac7ae74000 	C:\Users\adria\.openjfx\cache\21+31\amd64\api-ms-win-crt-runtime-l1-1-0.dll
0x000001ac7ae80000 - 0x000001ac7ae84000 	C:\Users\adria\.openjfx\cache\21+31\amd64\api-ms-win-crt-stdio-l1-1-0.dll
0x000001ac7ae90000 - 0x000001ac7ae94000 	C:\Users\adria\.openjfx\cache\21+31\amd64\api-ms-win-crt-string-l1-1-0.dll
0x000001ac7af60000 - 0x000001ac7af63000 	C:\Users\adria\.openjfx\cache\21+31\amd64\api-ms-win-crt-time-l1-1-0.dll
0x000001ac7af70000 - 0x000001ac7af73000 	C:\Users\adria\.openjfx\cache\21+31\amd64\api-ms-win-crt-utility-l1-1-0.dll
0x00007fff14910000 - 0x00007fff14a0c000 	C:\Users\adria\.openjfx\cache\21+31\amd64\ucrtbase.dll
0x00007fff73620000 - 0x00007fff7363b000 	C:\Users\adria\.openjfx\cache\21+31\amd64\vcruntime140.dll
0x00007fff73790000 - 0x00007fff7379c000 	C:\Users\adria\.openjfx\cache\21+31\amd64\vcruntime140_1.dll
0x00007ffefa9e0000 - 0x00007ffefaa6e000 	C:\Users\adria\.openjfx\cache\21+31\amd64\msvcp140.dll
0x00007fff89bf0000 - 0x00007fff89d95000 	C:\WINDOWS\System32\ole32.dll
0x00007fff6d340000 - 0x00007fff6d349000 	C:\Users\adria\.openjfx\cache\21+31\amd64\msvcp140_1.dll
0x00007fff5d930000 - 0x00007fff5d95f000 	C:\Users\adria\.openjfx\cache\21+31\amd64\msvcp140_2.dll
0x00007fff42180000 - 0x00007fff421af000 	C:\Users\adria\.openjfx\cache\21+31\amd64\prism_d3d.dll
0x00007fff56810000 - 0x00007fff569b8000 	C:\WINDOWS\system32\d3d9.dll
0x00007fff84be0000 - 0x00007fff84c0b000 	C:\WINDOWS\SYSTEM32\dwmapi.dll
0x00007fff84750000 - 0x00007fff84789000 	C:\WINDOWS\SYSTEM32\dxcore.dll
0x00007fff84540000 - 0x00007fff845ea000 	C:\WINDOWS\system32\uxtheme.dll
0x00007ffef8e50000 - 0x00007ffef8fad000 	C:\WINDOWS\System32\DriverStore\FileRepository\iigd_dch.inf_amd64_2b7bcff446ea567f\igdumdim64.dll
0x00007ffed2330000 - 0x00007ffed5c02000 	C:\WINDOWS\System32\DriverStore\FileRepository\iigd_dch.inf_amd64_2b7bcff446ea567f\igd9dxva64.dll
0x00007fff87e30000 - 0x00007fff882a4000 	C:\WINDOWS\System32\SETUPAPI.dll
0x00007fff87100000 - 0x00007fff8714e000 	C:\WINDOWS\SYSTEM32\cfgmgr32.dll
0x00007fff6b4f0000 - 0x00007fff6b695000 	C:\WINDOWS\System32\DriverStore\FileRepository\iigd_dch.inf_amd64_2b7bcff446ea567f\igdgmm64.dll
0x00007fff79760000 - 0x00007fff797a9000 	C:\WINDOWS\SYSTEM32\directxdatabasehelper.dll
0x00007fff21e80000 - 0x00007fff21ec2000 	C:\Users\adria\.openjfx\cache\21+31\amd64\glass.dll
0x00007fff88b00000 - 0x00007fff88bf6000 	C:\WINDOWS\System32\COMDLG32.dll
0x00007fff89a30000 - 0x00007fff89b83000 	C:\WINDOWS\System32\MSCTF.dll
0x00007fff59de0000 - 0x00007fff59e06000 	C:\WINDOWS\System32\DriverStore\FileRepository\iigd_dch.inf_amd64_2b7bcff446ea567f\igdinfo64.dll
0x00007fff67d50000 - 0x00007fff6a806000 	C:\WINDOWS\System32\DriverStore\FileRepository\iigd_dch.inf_amd64_2b7bcff446ea567f\igc64.dll
0x00007fff50520000 - 0x00007fff50534000 	C:\Users\adria\.openjfx\cache\21+31\amd64\javafx_font.dll
0x00007fff7fee0000 - 0x00007fff80153000 	C:\WINDOWS\SYSTEM32\dwrite.dll
0x00007fff88a50000 - 0x00007fff88b00000 	C:\WINDOWS\System32\clbcatq.dll
0x00007fff842e0000 - 0x00007fff84490000 	C:\WINDOWS\SYSTEM32\WindowsCodecs.dll
0x00007fff6fe40000 - 0x00007fff6fe9e000 	C:\WINDOWS\system32\dataexchange.dll
0x00007fff80e00000 - 0x00007fff8108a000 	C:\WINDOWS\system32\twinapi.appcore.dll
0x00007fff41b40000 - 0x00007fff41b72000 	C:\Program Files\Common Files\Microsoft Shared\Ink\rtscom.dll
0x00007fff63d50000 - 0x00007fff63e9d000 	C:\WINDOWS\SYSTEM32\textinputframework.dll
0x00007fff814b0000 - 0x00007fff815e3000 	C:\WINDOWS\SYSTEM32\CoreMessaging.dll
0x00007fff788a0000 - 0x00007fff78c0d000 	C:\WINDOWS\SYSTEM32\CoreUIComponents.dll
0x00007fff86c30000 - 0x00007fff86c3c000 	C:\WINDOWS\SYSTEM32\CRYPTBASE.DLL
0x00007fff5e250000 - 0x00007fff5e278000 	C:\WINDOWS\SYSTEM32\edputil.dll
0x00007fff85f90000 - 0x00007fff86088000 	C:\WINDOWS\SYSTEM32\DNSAPI.dll
0x00007fff85f10000 - 0x00007fff85f3d000 	C:\WINDOWS\SYSTEM32\IPHLPAPI.DLL
0x00007fff888b0000 - 0x00007fff888b9000 	C:\WINDOWS\System32\NSI.dll

dbghelp: loaded successfully - version: 4.0.5 - missing functions: none
symbol engine: initialized successfully - sym options: 0x614 - pdb path: .;C:\Program Files\Java\jdk-21\bin;C:\WINDOWS\SYSTEM32;C:\WINDOWS\WinSxS\amd64_microsoft.windows.common-controls_6595b64144ccf1df_6.0.22621.3672_none_2713b9d173822955;C:\Program Files\Java\jdk-21\bin\server;C:\Program Files\JetBrains\IntelliJ IDEA 2023.3.5\bin;C:\Users\adria\.openjfx\cache\21+31\amd64;C:\WINDOWS\System32\DriverStore\FileRepository\iigd_dch.inf_amd64_2b7bcff446ea567f;C:\Program Files\Common Files\Microsoft Shared\Ink

VM Arguments:
jvm_args: -javaagent:C:\Program Files\JetBrains\IntelliJ IDEA 2023.3.5\lib\idea_rt.jar=52946:C:\Program Files\JetBrains\IntelliJ IDEA 2023.3.5\bin -Dfile.encoding=UTF-8 -Dsun.stdout.encoding=UTF-8 -Dsun.stderr.encoding=UTF-8 --module-path=C:\Users\adria\.m2\repository\org\openjfx\javafx-controls\21\javafx-controls-21-win.jar;C:\Program Files\Java\javalibs\javafx-sdk-21.0.2\lib\javafx.controls.jar;C:\Users\adria\.m2\repository\org\openjfx\javafx-fxml\21\javafx-fxml-21-win.jar;C:\Program Files\Java\javalibs\javafx-sdk-21.0.2\lib\javafx.fxml.jar;C:\Users\adria\.m2\repository\com\dlsc\formsfx\formsfx-core\11.6.0\formsfx-core-11.6.0.jar;C:\Users\adria\.m2\repository\net\synedra\validatorfx\0.4.0\validatorfx-0.4.0.jar;C:\Users\adria\.m2\repository\org\openjfx\javafx-graphics\21\javafx-graphics-21-win.jar;C:\Program Files\Java\javalibs\javafx-sdk-21.0.2\lib\javafx.graphics.jar;C:\Users\adria\Documents\GitHub\EasyScheduleDesk\target\classes;C:\Program Files\Java\javalibs\javafx-sdk-21.0.2\lib\javafx.media.jar;C:\Users\adria\.m2\repository\org\openjfx\javafx-base\21\javafx-base-21-win.jar;C:\Program Files\Java\javalibs\javafx-sdk-21.0.2\lib\javafx.base.jar;C:\Users\adria\.m2\repository\org\kordamp\ikonli\ikonli-core\12.3.1\ikonli-core-12.3.1.jar;C:\Users\adria\.m2\repository\org\kordamp\ikonli\ikonli-javafx\12.3.1\ikonli-javafx-12.3.1.jar;C:\Users\adria\.m2\repository\org\controlsfx\controlsfx\11.1.2\controlsfx-11.1.2.jar -Djdk.module.main=main.java.easyschedule 
java_command: main.java.easyschedule/App.App --module-path C:\Program Files\Java\javalibs\javafx-sdk-21.0.2\lib --add-modules=javafx.controls
java_class_path (initial): C:\Users\adria\.m2\repository\org\openjfx\javafx-controls\21\javafx-controls-21.jar;C:\Users\adria\.m2\repository\org\openjfx\javafx-graphics\21\javafx-graphics-21.jar;C:\Users\adria\.m2\repository\org\openjfx\javafx-base\21\javafx-base-21.jar;C:\Users\adria\.m2\repository\org\openjfx\javafx-fxml\21\javafx-fxml-21.jar;C:\Program Files\Java\javalibs\javafx-sdk-21.0.2\lib\javafx-swt.jar;C:\Program Files\Java\javalibs\javafx-sdk-21.0.2\lib\javafx.web.jar;C:\Program Files\Java\javalibs\javafx-sdk-21.0.2\lib\javafx.swing.jar;C:\Program Files\Java\javalibs\mysql-connector-j-8.4.0\mysql-connector-j-8.4.0.jar
Launcher Type: SUN_STANDARD

[Global flags]
     intx CICompilerCount                          = 4                                         {product} {ergonomic}
     uint ConcGCThreads                            = 2                                         {product} {ergonomic}
     uint G1ConcRefinementThreads                  = 8                                         {product} {ergonomic}
   size_t G1HeapRegionSize                         = 4194304                                   {product} {ergonomic}
    uintx GCDrainStackTargetSize                   = 64                                        {product} {ergonomic}
   size_t InitialHeapSize                          = 536870912                                 {product} {ergonomic}
   size_t MarkStackSize                            = 4194304                                   {product} {ergonomic}
   size_t MaxHeapSize                              = 8547991552                                {product} {ergonomic}
   size_t MaxNewSize                               = 5125439488                                {product} {ergonomic}
   size_t MinHeapDeltaBytes                        = 4194304                                   {product} {ergonomic}
   size_t MinHeapSize                              = 8388608                                   {product} {ergonomic}
    uintx NonNMethodCodeHeapSize                   = 5839372                                {pd product} {ergonomic}
    uintx NonProfiledCodeHeapSize                  = 122909434                              {pd product} {ergonomic}
    uintx ProfiledCodeHeapSize                     = 122909434                              {pd product} {ergonomic}
    uintx ReservedCodeCacheSize                    = 251658240                              {pd product} {ergonomic}
     bool SegmentedCodeCache                       = true                                      {product} {ergonomic}
   size_t SoftMaxHeapSize                          = 8547991552                             {manageable} {ergonomic}
     bool UseCompressedOops                        = true                           {product lp64_product} {ergonomic}
     bool UseG1GC                                  = true                                      {product} {ergonomic}
     bool UseLargePagesIndividualAllocation        = false                                  {pd product} {ergonomic}

Logging:
Log output configuration:
 #0: stdout all=off uptime,level,tags foldmultilines=false
 #1: stderr all=off uptime,level,tags foldmultilines=false

Environment Variables:
PATH=C:\Program Files\Common Files\Oracle\Java\javapath;C:\ProgramData\Oracle\Java\javapath;C:\Windows\system32;C:\Windows;C:\Windows\System32\Wbem;C:\Windows\System32\WindowsPowerShell\v1.0\;C:\Windows\System32\OpenSSH\;C:\Program Files (x86)\NVIDIA Corporation\PhysX\Common;C:\Program Files\NVIDIA Corporation\NVIDIA NvDLISR;C:\WINDOWS\system32;C:\WINDOWS;C:\WINDOWS\System32\Wbem;C:\WINDOWS\System32\WindowsPowerShell\v1.0\;C:\WINDOWS\System32\OpenSSH\;C:\MinGW\bin;C:\Program Files\dotnet\;C:\Program Files\Git\cmd;C:\Program Files\MySQL\MySQL Shell 8.0\bin\;C:\Users\adria\AppData\Local\Microsoft\WindowsApps;C:\Users\adria\AppData\Local\Programs\Microsoft VS Code\bin;C:\Users\adria\AppData\Local\GitHubDesktop\bin;C:\Program Files\Java\jdk-21\bin;C:\Program Files\JetBrains\IntelliJ IDEA 2023.3.5\bin;;C:\Program Files\Java\javalibs\javafx-sdk-21.0.2\bin;
USERNAME=adria
OS=Windows_NT
PROCESSOR_IDENTIFIER=Intel64 Family 6 Model 165 Stepping 2, GenuineIntel
TMP=C:\Users\adria\AppData\Local\Temp
TEMP=C:\Users\adria\AppData\Local\Temp




Periodic native trim disabled

---------------  S Y S T E M  ---------------

OS:
 Windows 11 , 64 bit Build 22621 (10.0.22621.3672)
OS uptime: 5 days 5:56 hours

CPU: total 8 (initial active 8) (4 cores per cpu, 2 threads per core) family 6 model 165 stepping 2 microcode 0xea, cx8, cmov, fxsr, ht, mmx, 3dnowpref, sse, sse2, sse3, ssse3, sse4.1, sse4.2, popcnt, lzcnt, tsc, tscinvbit, avx, avx2, aes, erms, clmul, bmi1, bmi2, adx, fma, vzeroupper, clflush, clflushopt, rdtscp, f16c, pku
Processor Information for all 8 processors :
  Max Mhz: 2496, Current Mhz: 2496, Mhz Limit: 2496

Memory: 4k page, system-wide physical 32599M (18897M free)
TotalPageFile size 37463M (AvailPageFile size 22746M)
current process WorkingSet (physical memory assigned to process): 200M, peak: 239M
current process commit charge ("private bytes"): 246M, peak: 690M

vm_info: Java HotSpot(TM) 64-Bit Server VM (21.0.2+13-LTS-58) for windows-amd64 JRE (21.0.2+13-LTS-58), built on 2024-01-05T18:32:24Z by "mach5one" with MS VC++ 17.1 (VS2022)

END.
