#
# A fatal error has been detected by the Java Runtime Environment:
#
#  EXCEPTION_ACCESS_VIOLATION (0xc0000005) at pc=0x00007fff21ea6587, pid=14612, tid=15832
#
# JRE version: Java(TM) SE Runtime Environment (21.0.2+13) (build 21.0.2+13-LTS-58)
# Java VM: Java HotSpot(TM) 64-Bit Server VM (21.0.2+13-LTS-58, mixed mode, sharing, tiered, compressed oops, compressed class ptrs, g1 gc, windows-amd64)
# Problematic frame:
# C  [glass.dll+0x26587]
#
# No core dump will be written. Minidumps are not enabled by default on client versions of Windows
#
# If you would like to submit a bug report, please visit:
#   https://bugreport.java.com/bugreport/crash.jsp
#

---------------  S U M M A R Y ------------

Command Line: -javaagent:C:\Program Files\JetBrains\IntelliJ IDEA 2023.3.5\lib\idea_rt.jar=52974:C:\Program Files\JetBrains\IntelliJ IDEA 2023.3.5\bin -Dfile.encoding=UTF-8 -Dsun.stdout.encoding=UTF-8 -Dsun.stderr.encoding=UTF-8 --module-path=C:\Users\adria\.m2\repository\org\openjfx\javafx-controls\21\javafx-controls-21-win.jar;C:\Program Files\Java\javalibs\javafx-sdk-21.0.2\lib\javafx.controls.jar;C:\Users\adria\.m2\repository\org\openjfx\javafx-fxml\21\javafx-fxml-21-win.jar;C:\Program Files\Java\javalibs\javafx-sdk-21.0.2\lib\javafx.fxml.jar;C:\Users\adria\.m2\repository\com\dlsc\formsfx\formsfx-core\11.6.0\formsfx-core-11.6.0.jar;C:\Users\adria\.m2\repository\net\synedra\validatorfx\0.4.0\validatorfx-0.4.0.jar;C:\Users\adria\.m2\repository\org\openjfx\javafx-graphics\21\javafx-graphics-21-win.jar;C:\Program Files\Java\javalibs\javafx-sdk-21.0.2\lib\javafx.graphics.jar;C:\Users\adria\Documents\GitHub\EasyScheduleDesk\target\classes;C:\Program Files\Java\javalibs\javafx-sdk-21.0.2\lib\javafx.media.jar;C:\Users\adria\.m2\repository\org\openjfx\javafx-base\21\javafx-base-21-win.jar;C:\Program Files\Java\javalibs\javafx-sdk-21.0.2\lib\javafx.base.jar;C:\Users\adria\.m2\repository\org\kordamp\ikonli\ikonli-core\12.3.1\ikonli-core-12.3.1.jar;C:\Users\adria\.m2\repository\org\kordamp\ikonli\ikonli-javafx\12.3.1\ikonli-javafx-12.3.1.jar;C:\Users\adria\.m2\repository\org\controlsfx\controlsfx\11.1.2\controlsfx-11.1.2.jar -Djdk.module.main=main.java.easyschedule main.java.easyschedule/App.App --module-path C:\Program Files\Java\javalibs\javafx-sdk-21.0.2\lib --add-modules=javafx.controls

Host: Intel(R) Core(TM) i5-10300H CPU @ 2.50GHz, 8 cores, 31G,  Windows 11 , 64 bit Build 22621 (10.0.22621.3672)
Time: Tue Jun 18 15:00:45 2024 Hora Padrão Brasil Central elapsed time: 47.328802 seconds (0d 0h 0m 47s)

---------------  T H R E A D  ---------------

Current thread (0x000001d5e080e3e0):  VMThread "VM Thread"          [id=15832, stack(0x0000008617300000,0x0000008617400000) (1024K)]

Stack: [0x0000008617300000,0x0000008617400000],  sp=0x00000086173fee20,  free space=1019k
Native frames: (J=compiled Java code, j=interpreted, Vv=VM code, C=native code)
C  [glass.dll+0x26587]


siginfo: EXCEPTION_ACCESS_VIOLATION (0xc0000005), reading address 0x0000000000000000


Registers:
RAX=0x0000000000000000, RBX=0x000001d5e081b592, RCX=0x000001d5e080e3e0, RDX=0x00000086173fee20
RSP=0x00000086173fee20, RBP=0x000001d626bc2058, RSI=0x00000086173fef28, RDI=0x000001d626bc2030
R8 =0x0000000000010002, R9 =0x000001d626bc2030, R10=0x85f13e9656da4870, R11=0x00000086173fedb0
R12=0x00007fff21ea3ed0, R13=0x00007ffee8ca4720, R14=0x00004450bb71ab52, R15=0x000001d626bc2030
RIP=0x00007fff21ea6587, EFLAGS=0x0000000000010206


Register to memory mapping:

RAX=0x0 is null
RBX=0x000001d5e081b592 is a global jni handle
RCX=0x000001d5e080e3e0 points into unknown readable memory: 0x00007ffee8ab6038 | 38 60 ab e8 fe 7f 00 00
RDX=0x00000086173fee20 points into unknown readable memory: 0x0000000000000000 | 00 00 00 00 00 00 00 00
RSP=0x00000086173fee20 points into unknown readable memory: 0x0000000000000000 | 00 00 00 00 00 00 00 00
RBP=0x000001d626bc2058 points into unknown readable memory: 0x00004450bb71ab52 | 52 ab 71 bb 50 44 00 00
RSI=0x00000086173fef28 points into unknown readable memory: 0x00000086173fef10 | 10 ef 3f 17 86 00 00 00
RDI=0x000001d626bc2030 points into unknown readable memory: 0xfffcc3f85cd1ab53 | 53 ab d1 5c f8 c3 fc ff
R8 =0x0000000000010002 is an unknown value
R9 =0x000001d626bc2030 points into unknown readable memory: 0xfffcc3f85cd1ab53 | 53 ab d1 5c f8 c3 fc ff
R10=0x85f13e9656da4870 is an unknown value
R11=0x00000086173fedb0 points into unknown readable memory: 0x000001d626bc2030 | 30 20 bc 26 d6 01 00 00
R12=0x00007fff21ea3ed0 glass.dll
R13=0x00007ffee8ca4720 jvm.dll
R14=0x00004450bb71ab52 is an unknown value
R15=0x000001d626bc2030 points into unknown readable memory: 0xfffcc3f85cd1ab53 | 53 ab d1 5c f8 c3 fc ff

Top of Stack: (sp=0x00000086173fee20)
0x00000086173fee20:   0000000000000000 00000086173fef28
0x00000086173fee30:   00007ffee8ca4720 00007fff21ea3ed0
0x00000086173fee40:   000001d626bc2038 00007fff87d33a93
0x00000086173fee50:   000001d626bc2030 000001d600000000
0x00000086173fee60:   000001d626bc2058 00000086173fef28
0x00000086173fee70:   fffffffffffffffe 0000000000000000
0x00000086173fee80:   0000000000000001 00007fff21e80000
0x00000086173fee90:   00000086173fef18 00007fff87d0042e
0x00000086173feea0:   0000000000000000 00000086173fef28
0x00000086173feeb0:   00000086173ff210 0000000000000001
0x00000086173feec0:   0000000000000001 00007fff87cfdddd
0x00000086173feed0:   0000000000000000 00007fff21ea36c9
0x00000086173feee0:   0000000000000000 00000086173fef18
0x00000086173feef0:   fffffffffffffffe 0000008600000000
0x00000086173fef00:   0000000000000001 00007fff21ea3d5d
0x00000086173fef10:   00007fff21eba008 00007fff00000002
0x00000086173fef20:   0000000000000002 00000086173fef10
0x00000086173fef30:   0000000000000000 00007fff8a118ae3
0x00000086173fef40:   0000000000000000 00007fff21ea3e82
0x00000086173fef50:   0000000000000001 0000000000000000
0x00000086173fef60:   0000000000000001 0000000000000000
0x00000086173fef70:   0000000000000001 00007fff86c32223
0x00000086173fef80:   00007fff00000001 0000000000000000
0x00000086173fef90:   00007fff21e80000 000000007ffe0384
0x00000086173fefa0:   0000000000000000 00007fff8a118b7f
0x00000086173fefb0:   00007fff21e80000 0000000000000000
0x00000086173fefc0:   0000000000000001 000000007ffe0385
0x00000086173fefd0:   00007fff8a227940 00007fff68e68c20
0x00000086173fefe0:   00005c142762fb00 00007fff67d50000
0x00000086173feff0:   00007fff21ea3ed0 0000000000000000
0x00000086173ff000:   0000000000000000 000000861674c000
0x00000086173ff010:   000001d626bf5cc0 00007fff8a141586 

Instructions: (pc=0x00007fff21ea6587)
0x00007fff21ea6487:   8b 4d 58 e8 8d cf ff ff 48 8b 4d 60 e8 84 cf ff
0x00007fff21ea6497:   ff 48 8b 95 80 00 00 00 48 8b 8d 18 01 00 00 e8
0x00007fff21ea64a7:   76 c4 ff ff 33 d2 33 c9 e8 cc e1 ff ff 90 48 89
0x00007fff21ea64b7:   54 24 10 55 48 83 ec 20 48 8b ea 48 b8 00 00 00
0x00007fff21ea64c7:   00 00 00 00 00 48 83 c4 20 5d c3 cc 40 55 48 8b
0x00007fff21ea64d7:   ea 48 8b 01 33 c9 81 38 05 00 00 c0 0f 94 c1 8b
0x00007fff21ea64e7:   c1 5d c3 cc 40 55 48 83 ec 20 48 8b ea 8a 4d 40
0x00007fff21ea64f7:   48 83 c4 20 5d e9 73 d3 ff ff cc 40 55 48 83 ec
0x00007fff21ea6507:   20 48 8b ea 8a 4d 20 e8 61 d3 ff ff 90 48 83 c4
0x00007fff21ea6517:   20 5d c3 cc 40 55 48 83 ec 20 48 8b ea 48 83 c4
0x00007fff21ea6527:   20 5d e9 c2 d1 ff ff cc 40 55 48 83 ec 30 48 8b
0x00007fff21ea6537:   ea 48 8b 01 8b 10 48 89 4c 24 28 89 54 24 20 4c
0x00007fff21ea6547:   8d 0d 63 d6 ff ff 4c 8b 45 70 8b 55 68 48 8b 4d
0x00007fff21ea6557:   60 e8 03 d1 ff ff 90 48 83 c4 30 5d c3 cc cc cc
0x00007fff21ea6567:   cc cc cc cc cc cc cc cc cc 40 53 48 83 ec 20 48
0x00007fff21ea6577:   8b 1d 8b 34 01 00 48 85 db 74 16 e8 89 8f ff ff
0x00007fff21ea6587:   4c 8b 00 48 8b d3 48 8b c8 41 ff 90 b0 00 00 00
0x00007fff21ea6597:   90 48 83 c4 20 5b c3 cc cc 40 53 48 83 ec 20 48
0x00007fff21ea65a7:   8b 1d fb 35 01 00 48 85 db 74 57 b8 ff ff ff ff
0x00007fff21ea65b7:   f0 0f c1 43 10 83 f8 01 75 3d 48 85 db 74 38 48
0x00007fff21ea65c7:   8b 0b 48 85 c9 74 0d ff 15 d4 0c 00 00 48 c7 03
0x00007fff21ea65d7:   00 00 00 00 48 8b 4b 08 48 85 c9 74 0d e8 33 ce
0x00007fff21ea65e7:   ff ff 48 c7 43 08 00 00 00 00 ba 18 00 00 00 48
0x00007fff21ea65f7:   8b cb e8 1e ce ff ff 48 c7 05 9f 35 01 00 00 00
0x00007fff21ea6607:   00 00 48 83 c4 20 5b c3 cc 40 53 48 83 ec 20 48
0x00007fff21ea6617:   8b 1d 6b 35 01 00 48 85 db 74 57 b8 ff ff ff ff
0x00007fff21ea6627:   f0 0f c1 43 10 83 f8 01 75 3d 48 85 db 74 38 48
0x00007fff21ea6637:   8b 0b 48 85 c9 74 0d ff 15 64 0c 00 00 48 c7 03
0x00007fff21ea6647:   00 00 00 00 48 8b 4b 08 48 85 c9 74 0d e8 c3 cd
0x00007fff21ea6657:   ff ff 48 c7 43 08 00 00 00 00 ba 18 00 00 00 48
0x00007fff21ea6667:   8b cb e8 ae cd ff ff 48 c7 05 0f 35 01 00 00 00
0x00007fff21ea6677:   00 00 48 83 c4 20 5b c3 cc 40 53 48 83 ec 20 48 


Stack slot to memory mapping:

stack at sp + 0 slots: 0x0 is null
stack at sp + 1 slots: 0x00000086173fef28 points into unknown readable memory: 0x00000086173fef10 | 10 ef 3f 17 86 00 00 00
stack at sp + 2 slots: 0x00007ffee8ca4720 jvm.dll
stack at sp + 3 slots: 0x00007fff21ea3ed0 glass.dll
stack at sp + 4 slots: 0x000001d626bc2038 points into unknown readable memory: 0x00004450bb71ab52 | 52 ab 71 bb 50 44 00 00
stack at sp + 5 slots: 0x00007fff87d33a93 ucrtbase.dll
stack at sp + 6 slots: 0x000001d626bc2030 points into unknown readable memory: 0xfffcc3f85cd1ab53 | 53 ab d1 5c f8 c3 fc ff
stack at sp + 7 slots: 0x000001d600000000 is an unknown value

VM_Operation (0x0000008617eff350): Exit, mode: safepoint, requested by thread 0x000001d627f53a90


---------------  P R O C E S S  ---------------

Threads class SMR info:
_java_thread_list=0x000001d6266ca860, length=21, elements={
0x000001d5bab518e0, 0x000001d5e082dd90, 0x000001d626000080, 0x000001d626001190,
0x000001d626003d00, 0x000001d626004760, 0x000001d6260052f0, 0x000001d6260156e0,
0x000001d626037400, 0x000001d5e07f8d20, 0x000001d626dee170, 0x000001d626a5dec0,
0x000001d627bbb3e0, 0x000001d626ba9c20, 0x000001d626c9d620, 0x000001d62772fc10,
0x000001d627730280, 0x000001d627f53400, 0x000001d627f54120, 0x000001d627f55b60,
0x000001d627f53a90
}

Java Threads: ( => current thread )
  0x000001d5bab518e0 JavaThread "main"                              [_thread_blocked, id=21944, stack(0x0000008616c00000,0x0000008616d00000) (1024K)]
  0x000001d5e082dd90 JavaThread "Reference Handler"          daemon [_thread_blocked, id=1300, stack(0x0000008617400000,0x0000008617500000) (1024K)]
  0x000001d626000080 JavaThread "Finalizer"                  daemon [_thread_blocked, id=17472, stack(0x0000008617500000,0x0000008617600000) (1024K)]
  0x000001d626001190 JavaThread "Signal Dispatcher"          daemon [_thread_blocked, id=3444, stack(0x0000008617600000,0x0000008617700000) (1024K)]
  0x000001d626003d00 JavaThread "Attach Listener"            daemon [_thread_blocked, id=17612, stack(0x0000008617700000,0x0000008617800000) (1024K)]
  0x000001d626004760 JavaThread "Service Thread"             daemon [_thread_blocked, id=12052, stack(0x0000008617800000,0x0000008617900000) (1024K)]
  0x000001d6260052f0 JavaThread "Monitor Deflation Thread"   daemon [_thread_blocked, id=10056, stack(0x0000008617900000,0x0000008617a00000) (1024K)]
  0x000001d6260156e0 JavaThread "C2 CompilerThread0"         daemon [_thread_blocked, id=11904, stack(0x0000008617a00000,0x0000008617b00000) (1024K)]
  0x000001d626037400 JavaThread "C1 CompilerThread0"         daemon [_thread_blocked, id=14976, stack(0x0000008617b00000,0x0000008617c00000) (1024K)]
  0x000001d5e07f8d20 JavaThread "Common-Cleaner"             daemon [_thread_blocked, id=11556, stack(0x0000008617c00000,0x0000008617d00000) (1024K)]
  0x000001d626dee170 JavaThread "Monitor Ctrl-Break"         daemon [_thread_in_native, id=10204, stack(0x0000008617f00000,0x0000008618000000) (1024K)]
  0x000001d626a5dec0 JavaThread "Notification Thread"        daemon [_thread_blocked, id=23020, stack(0x0000008618000000,0x0000008618100000) (1024K)]
  0x000001d627bbb3e0 JavaThread "QuantumRenderer-0"          daemon [_thread_blocked, id=12624, stack(0x0000008618100000,0x0000008618200000) (1024K)]
  0x000001d626ba9c20 JavaThread "InvokeLaterDispatcher"      daemon [_thread_blocked, id=16784, stack(0x0000008618200000,0x0000008618300000) (1024K)]
  0x000001d626c9d620 JavaThread "JavaFX Application Thread"         [_thread_in_native, id=12092, stack(0x0000008618300000,0x0000008618400000) (1024K)]
  0x000001d62772fc10 JavaThread "JavaFX-Launcher"                   [_thread_blocked, id=21708, stack(0x0000008618f00000,0x0000008619000000) (1024K)]
  0x000001d627730280 JavaThread "Thread-2"                   daemon [_thread_in_native, id=18156, stack(0x0000008618e00000,0x0000008618f00000) (1024K)]
  0x000001d627f53400 JavaThread "Prism Font Disposer"        daemon [_thread_blocked, id=348, stack(0x0000008619300000,0x0000008619400000) (1024K)]
  0x000001d627f54120 JavaThread "Cleaner-0"                  daemon [_thread_blocked, id=23348, stack(0x0000008619400000,0x0000008619500000) (1024K)]
  0x000001d627f55b60 JavaThread "mysql-cj-abandoned-connection-cleanup" daemon [_thread_blocked, id=21876, stack(0x0000008617d00000,0x0000008617e00000) (1024K)]
  0x000001d627f53a90 JavaThread "SIGINT handler"             daemon [_thread_blocked, id=13964, stack(0x0000008617e00000,0x0000008617f00000) (1024K)]
Total: 21

Other Threads:
=>0x000001d5e080e3e0 VMThread "VM Thread"                           [id=15832, stack(0x0000008617300000,0x0000008617400000) (1024K)]
  0x000001d5bcde21d0 WorkerThread "GC Thread#0"                     [id=16116, stack(0x0000008616d00000,0x0000008616e00000) (1024K)]
  0x000001d6268c0ac0 WorkerThread "GC Thread#1"                     [id=23056, stack(0x0000008618700000,0x0000008618800000) (1024K)]
  0x000001d6268dde20 WorkerThread "GC Thread#2"                     [id=22812, stack(0x0000008618800000,0x0000008618900000) (1024K)]
  0x000001d6270d7c30 WorkerThread "GC Thread#3"                     [id=11444, stack(0x0000008618900000,0x0000008618a00000) (1024K)]
  0x000001d6270d83e0 WorkerThread "GC Thread#4"                     [id=21340, stack(0x0000008618a00000,0x0000008618b00000) (1024K)]
  0x000001d6270d8780 WorkerThread "GC Thread#5"                     [id=18384, stack(0x0000008618b00000,0x0000008618c00000) (1024K)]
  0x000001d6268e2130 WorkerThread "GC Thread#6"                     [id=21424, stack(0x0000008618c00000,0x0000008618d00000) (1024K)]
  0x000001d6268e24d0 WorkerThread "GC Thread#7"                     [id=12112, stack(0x0000008618d00000,0x0000008618e00000) (1024K)]
  0x000001d5bcdf3220 ConcurrentGCThread "G1 Main Marker"            terminated
  0x000001d5bcdf44c0 WorkerThread "G1 Conc#0"                       [id=1784, stack(0x0000008616f00000,0x0000008617000000) (1024K)]
  0x000001d627f30aa0 WorkerThread "G1 Conc#1"                       [id=10900, stack(0x0000008619500000,0x0000008619600000) (1024K)]
  0x000001d5e06b8360 ConcurrentGCThread "G1 Refine#0"               terminated
  0x000001d5e06b8ed0 ConcurrentGCThread "G1 Service"                terminated
Total: 14

Threads with active compile tasks:
Total: 0

VM state: at safepoint (shutting down)

VM Mutex/Monitor currently owned by a thread:  ([mutex/lock_event])
[0x00007ffee8c7cd68] Threads_lock - owner thread: 0x000001d5e080e3e0
[0x00007ffee8c7ce68] Heap_lock - owner thread: 0x000001d627f53a90

Heap address: 0x0000000602800000, size: 8152 MB, Compressed Oops mode: Zero based, Oop shift amount: 3

CDS archive(s) mapped at: [0x000001d5e1000000-0x000001d5e1c90000-0x000001d5e1c90000), size 13172736, SharedBaseAddress: 0x000001d5e1000000, ArchiveRelocationMode: 1.
Compressed class space mapped at: 0x000001d5e2000000-0x000001d622000000, reserved size: 1073741824
Narrow klass base: 0x000001d5e1000000, Narrow klass shift: 0, Narrow klass range: 0x100000000

GC Precious Log:
 CardTable entry size: 512
 Card Set container configuration: InlinePtr #cards 4 size 8 Array Of Cards #cards 32 size 80 Howl #buckets 8 coarsen threshold 7372 Howl Bitmap #cards 1024 size 144 coarsen threshold 921 Card regions per heap region 1 cards per card region 8192
 CPUs: 8 total, 8 available
 Memory: 32599M
 Large Page Support: Disabled
 NUMA Support: Disabled
 Compressed Oops: Enabled (Zero based)
 Heap Region Size: 4M
 Heap Min Capacity: 8M
 Heap Initial Capacity: 512M
 Heap Max Capacity: 8152M
 Pre-touch: Disabled
 Parallel Workers: 8
 Concurrent Workers: 2
 Concurrent Refinement Workers: 8
 Periodic GC: Disabled

Heap:
 garbage-first heap   total 69632K, used 48412K [0x0000000602800000, 0x0000000800000000)
  region size 4096K, 11 young (45056K), 1 survivors (4096K)
 Metaspace       used 27716K, committed 28096K, reserved 1114112K
  class space    used 3854K, committed 4032K, reserved 1048576K

Heap Regions: E=young(eden), S=young(survivor), O=old, HS=humongous(starts), HC=humongous(continues), CS=collection set, F=free, TAMS=top-at-mark-start, PB=parsable bottom
|   0|0x0000000602800000, 0x0000000602c00000, 0x0000000602c00000|100%| O|  |TAMS 0x0000000602800000| PB 0x0000000602800000| Untracked 
|   1|0x0000000602c00000, 0x0000000603000000, 0x0000000603000000|100%| O|  |TAMS 0x0000000602c00000| PB 0x0000000602c00000| Untracked 
|   2|0x0000000603000000, 0x000000060304dd00, 0x0000000603400000|  7%| O|Cm|TAMS 0x0000000603000000| PB 0x0000000603000000| Complete 
|   3|0x0000000603400000, 0x0000000603400000, 0x0000000603800000|  0%| F|  |TAMS 0x0000000603400000| PB 0x0000000603400000| Untracked 
|   4|0x0000000603800000, 0x0000000603800000, 0x0000000603c00000|  0%| F|  |TAMS 0x0000000603800000| PB 0x0000000603800000| Untracked 
|   5|0x0000000603c00000, 0x0000000603c00000, 0x0000000604000000|  0%| F|  |TAMS 0x0000000603c00000| PB 0x0000000603c00000| Untracked 
|   6|0x0000000604000000, 0x000000060412c0c0, 0x0000000604400000| 29%| E|  |TAMS 0x0000000604000000| PB 0x0000000604000000| Complete 
|   7|0x0000000604400000, 0x0000000604800000, 0x0000000604800000|100%| E|CS|TAMS 0x0000000604400000| PB 0x0000000604400000| Complete 
|   8|0x0000000604800000, 0x0000000604c00000, 0x0000000604c00000|100%| E|CS|TAMS 0x0000000604800000| PB 0x0000000604800000| Complete 
|   9|0x0000000604c00000, 0x0000000605000000, 0x0000000605000000|100%| E|CS|TAMS 0x0000000604c00000| PB 0x0000000604c00000| Complete 
|  10|0x0000000605000000, 0x0000000605400000, 0x0000000605400000|100%| E|CS|TAMS 0x0000000605000000| PB 0x0000000605000000| Complete 
|  11|0x0000000605400000, 0x0000000605800000, 0x0000000605800000|100%| E|CS|TAMS 0x0000000605400000| PB 0x0000000605400000| Complete 
|  12|0x0000000605800000, 0x0000000605c00000, 0x0000000605c00000|100%| E|CS|TAMS 0x0000000605800000| PB 0x0000000605800000| Complete 
|  13|0x0000000605c00000, 0x0000000606000000, 0x0000000606000000|100%| E|CS|TAMS 0x0000000605c00000| PB 0x0000000605c00000| Complete 
|  14|0x0000000606000000, 0x0000000606400000, 0x0000000606400000|100%| E|CS|TAMS 0x0000000606000000| PB 0x0000000606000000| Complete 
| 122|0x0000000621000000, 0x00000006212f9610, 0x0000000621400000| 74%| S|CS|TAMS 0x0000000621000000| PB 0x0000000621000000| Complete 
| 127|0x0000000622400000, 0x0000000622800000, 0x0000000622800000|100%| E|CS|TAMS 0x0000000622400000| PB 0x0000000622400000| Complete 

Card table byte_map: [0x000001d5d54c0000,0x000001d5d64b0000] _byte_map_base: 0x000001d5d24ac000

Marking Bits: (CMBitMap*) 0x000001d5bcde28d0
 Bits: [0x000001d5d64b0000, 0x000001d5de410000)

Polling page: 0x000001d5baca0000

Metaspace:

Usage:
  Non-class:     23.30 MB used.
      Class:      3.76 MB used.
       Both:     27.07 MB used.

Virtual space:
  Non-class space:       64.00 MB reserved,      23.50 MB ( 37%) committed,  1 nodes.
      Class space:        1.00 GB reserved,       3.94 MB ( <1%) committed,  1 nodes.
             Both:        1.06 GB reserved,      27.44 MB (  3%) committed. 

Chunk freelists:
   Non-Class:  8.36 MB
       Class:  12.08 MB
        Both:  20.44 MB

MaxMetaspaceSize: unlimited
CompressedClassSpaceSize: 1.00 GB
Initial GC threshold: 21.00 MB
Current GC threshold: 35.12 MB
CDS: on
 - commit_granule_bytes: 65536.
 - commit_granule_words: 8192.
 - virtual_space_node_default_size: 8388608.
 - enlarge_chunks_in_place: 1.
 - use_allocation_guard: 0.


Internal statistics:

num_allocs_failed_limit: 5.
num_arena_births: 422.
num_arena_deaths: 0.
num_vsnodes_births: 2.
num_vsnodes_deaths: 0.
num_space_committed: 439.
num_space_uncommitted: 0.
num_chunks_returned_to_freelist: 5.
num_chunks_taken_from_freelist: 1245.
num_chunk_merges: 5.
num_chunk_splits: 849.
num_chunks_enlarged: 612.
num_inconsistent_stats: 0.

CodeHeap 'non-profiled nmethods': size=120000Kb used=2183Kb max_used=2183Kb free=117816Kb
 bounds [0x000001d5ccc70000, 0x000001d5ccee0000, 0x000001d5d41a0000]
CodeHeap 'profiled nmethods': size=120000Kb used=9122Kb max_used=9122Kb free=110877Kb
 bounds [0x000001d5c51a0000, 0x000001d5c5a90000, 0x000001d5cc6d0000]
CodeHeap 'non-nmethods': size=5760Kb used=1924Kb max_used=2000Kb free=3835Kb
 bounds [0x000001d5cc6d0000, 0x000001d5cc940000, 0x000001d5ccc70000]
 total_blobs=5473 nmethods=4565 adapters=810
 compilation: enabled
              stopped_count=0, restarted_count=0
 full_count=0

Compilation events (20 events):
Event: 12.740 Thread 0x000001d626037400 nmethod 4562 0x000001d5c5a80b90 code [0x000001d5c5a811a0, 0x000001d5c5a84b80]
Event: 12.740 Thread 0x000001d626037400 4560       3       com.sun.marlin.ArrayCacheIntClean$Reference::doSetRef (14 bytes)
Event: 12.740 Thread 0x000001d626037400 nmethod 4560 0x000001d5c5a85f90 code [0x000001d5c5a86120, 0x000001d5c5a86290]
Event: 12.740 Thread 0x000001d626037400 4561       3       com.sun.marlin.ArrayCacheIntClean$Reference::putArray (45 bytes)
Event: 12.740 Thread 0x000001d626037400 nmethod 4561 0x000001d5c5a86310 code [0x000001d5c5a86520, 0x000001d5c5a86a18]
Event: 12.740 Thread 0x000001d626037400 4559       3       com.sun.javafx.sg.prism.NGNode::computeBounds (19 bytes)
Event: 12.740 Thread 0x000001d626037400 nmethod 4559 0x000001d5c5a86c90 code [0x000001d5c5a86e60, 0x000001d5c5a87128]
Event: 12.740 Thread 0x000001d626037400 4556       3       com.sun.scenario.effect.impl.prism.PrEffectHelper::getGraphicsClipNoClone (40 bytes)
Event: 12.740 Thread 0x000001d626037400 nmethod 4556 0x000001d5c5a87210 code [0x000001d5c5a87400, 0x000001d5c5a87920]
Event: 12.757 Thread 0x000001d626037400 4563       3       javafx.application.Platform::isSupported (5 bytes)
Event: 12.757 Thread 0x000001d626037400 nmethod 4563 0x000001d5c5a87b10 code [0x000001d5c5a87cc0, 0x000001d5c5a87dd8]
Event: 12.757 Thread 0x000001d626037400 4564   !   3       com.sun.javafx.application.PlatformImpl::isSupported (41 bytes)
Event: 12.757 Thread 0x000001d626037400 nmethod 4564 0x000001d5c5a87e90 code [0x000001d5c5a88060, 0x000001d5c5a88310]
Event: 12.816 Thread 0x000001d627de4e60 nmethod 4546% 0x000001d5cce88610 code [0x000001d5cce88980, 0x000001d5cce8d8a8]
Event: 17.442 Thread 0x000001d626037400 4565       1       javafx.scene.Node$FocusPropertyBase::set (6 bytes)
Event: 17.442 Thread 0x000001d626037400 nmethod 4565 0x000001d5cce91690 code [0x000001d5cce91820, 0x000001d5cce918f0]
Event: 42.836 Thread 0x000001d626037400 4566       3       jdk.internal.loader.URLClassPath$JarLoader::findResource (18 bytes)
Event: 42.836 Thread 0x000001d626037400 nmethod 4566 0x000001d5c5a88410 code [0x000001d5c5a885c0, 0x000001d5c5a887b8]
Event: 46.826 Thread 0x000001d626037400 4567       1       java.util.logging.LogManager$LoggerContext::getOwner (5 bytes)
Event: 46.827 Thread 0x000001d626037400 nmethod 4567 0x000001d5cce91990 code [0x000001d5cce91b20, 0x000001d5cce91bf0]

GC Heap History (6 events):
Event: 0.491 GC heap before
{Heap before GC invocations=0 (full 0):
 garbage-first heap   total 524288K, used 24576K [0x0000000602800000, 0x0000000800000000)
  region size 4096K, 6 young (24576K), 0 survivors (0K)
 Metaspace       used 3594K, committed 3776K, reserved 1114112K
  class space    used 374K, committed 448K, reserved 1048576K
}
Event: 0.493 GC heap after
{Heap after GC invocations=1 (full 0):
 garbage-first heap   total 524288K, used 2214K [0x0000000602800000, 0x0000000800000000)
  region size 4096K, 1 young (4096K), 1 survivors (4096K)
 Metaspace       used 3594K, committed 3776K, reserved 1114112K
  class space    used 374K, committed 448K, reserved 1048576K
}
Event: 1.950 GC heap before
{Heap before GC invocations=1 (full 0):
 garbage-first heap   total 524288K, used 51366K [0x0000000602800000, 0x0000000800000000)
  region size 4096K, 13 young (53248K), 1 survivors (4096K)
 Metaspace       used 14435K, committed 14784K, reserved 1114112K
  class space    used 2020K, committed 2176K, reserved 1048576K
}
Event: 1.954 GC heap after
{Heap after GC invocations=2 (full 0):
 garbage-first heap   total 524288K, used 8502K [0x0000000602800000, 0x0000000800000000)
  region size 4096K, 2 young (8192K), 2 survivors (8192K)
 Metaspace       used 14435K, committed 14784K, reserved 1114112K
  class space    used 2020K, committed 2176K, reserved 1048576K
}
Event: 7.974 GC heap before
{Heap before GC invocations=2 (full 0):
 garbage-first heap   total 524288K, used 24886K [0x0000000602800000, 0x0000000800000000)
  region size 4096K, 7 young (28672K), 2 survivors (8192K)
 Metaspace       used 21205K, committed 21504K, reserved 1114112K
  class space    used 2906K, committed 3072K, reserved 1048576K
}
Event: 7.978 GC heap after
{Heap after GC invocations=3 (full 0):
 garbage-first heap   total 524288K, used 11548K [0x0000000602800000, 0x0000000800000000)
  region size 4096K, 1 young (4096K), 1 survivors (4096K)
 Metaspace       used 21205K, committed 21504K, reserved 1114112K
  class space    used 2906K, committed 3072K, reserved 1048576K
}

Dll operation events (20 events):
Event: 0.361 Loaded shared library C:\Users\adria\.openjfx\cache\21+31\amd64\api-ms-win-crt-math-l1-1-0.dll
Event: 0.364 Loaded shared library C:\Users\adria\.openjfx\cache\21+31\amd64\api-ms-win-crt-multibyte-l1-1-0.dll
Event: 0.367 Loaded shared library C:\Users\adria\.openjfx\cache\21+31\amd64\api-ms-win-crt-private-l1-1-0.dll
Event: 0.370 Loaded shared library C:\Users\adria\.openjfx\cache\21+31\amd64\api-ms-win-crt-process-l1-1-0.dll
Event: 0.372 Loaded shared library C:\Users\adria\.openjfx\cache\21+31\amd64\api-ms-win-crt-runtime-l1-1-0.dll
Event: 0.374 Loaded shared library C:\Users\adria\.openjfx\cache\21+31\amd64\api-ms-win-crt-stdio-l1-1-0.dll
Event: 0.376 Loaded shared library C:\Users\adria\.openjfx\cache\21+31\amd64\api-ms-win-crt-string-l1-1-0.dll
Event: 0.378 Loaded shared library C:\Users\adria\.openjfx\cache\21+31\amd64\api-ms-win-crt-time-l1-1-0.dll
Event: 0.381 Loaded shared library C:\Users\adria\.openjfx\cache\21+31\amd64\api-ms-win-crt-utility-l1-1-0.dll
Event: 0.392 Loaded shared library C:\Users\adria\.openjfx\cache\21+31\amd64\ucrtbase.dll
Event: 0.395 Loaded shared library C:\Users\adria\.openjfx\cache\21+31\amd64\vcruntime140.dll
Event: 0.398 Loaded shared library C:\Users\adria\.openjfx\cache\21+31\amd64\vcruntime140_1.dll
Event: 0.404 Loaded shared library C:\Users\adria\.openjfx\cache\21+31\amd64\msvcp140.dll
Event: 0.406 Loaded shared library C:\Users\adria\.openjfx\cache\21+31\amd64\msvcp140_1.dll
Event: 0.410 Loaded shared library C:\Users\adria\.openjfx\cache\21+31\amd64\msvcp140_2.dll
Event: 0.435 Loaded shared library C:\Users\adria\.openjfx\cache\21+31\amd64\prism_d3d.dll
Event: 0.469 Loaded shared library C:\Users\adria\.openjfx\cache\21+31\amd64\glass.dll
Event: 0.543 Loaded shared library C:\Program Files\Java\jdk-21\bin\jimage.dll
Event: 0.635 Loaded shared library C:\Users\adria\.openjfx\cache\21+31\amd64\javafx_font.dll
Event: 7.901 Loaded shared library C:\Program Files\Java\jdk-21\bin\sunmscapi.dll

Deoptimization events (20 events):
Event: 12.649 Thread 0x000001d626c9d620 DEOPT PACKING pc=0x000001d5cce40ecc sp=0x00000086183f8360
Event: 12.649 Thread 0x000001d626c9d620 DEOPT UNPACKING pc=0x000001d5cc7246a2 sp=0x00000086183f82e0 mode 2
Event: 12.649 Thread 0x000001d626c9d620 Uncommon trap: trap_request=0xffffffbe fr.pc=0x000001d5cce40ecc relative=0x0000000000000fac
Event: 12.649 Thread 0x000001d626c9d620 Uncommon trap: reason=profile_predicate action=maybe_recompile pc=0x000001d5cce40ecc method=com.sun.javafx.css.BitSet.addAll(Ljava/util/Collection;)Z @ 122 c2
Event: 12.649 Thread 0x000001d626c9d620 DEOPT PACKING pc=0x000001d5cce40ecc sp=0x00000086183f8360
Event: 12.649 Thread 0x000001d626c9d620 DEOPT UNPACKING pc=0x000001d5cc7246a2 sp=0x00000086183f82e0 mode 2
Event: 12.649 Thread 0x000001d626c9d620 Uncommon trap: trap_request=0xffffffbe fr.pc=0x000001d5cce40ecc relative=0x0000000000000fac
Event: 12.649 Thread 0x000001d626c9d620 Uncommon trap: reason=profile_predicate action=maybe_recompile pc=0x000001d5cce40ecc method=com.sun.javafx.css.BitSet.addAll(Ljava/util/Collection;)Z @ 122 c2
Event: 12.649 Thread 0x000001d626c9d620 DEOPT PACKING pc=0x000001d5cce40ecc sp=0x00000086183f8360
Event: 12.649 Thread 0x000001d626c9d620 DEOPT UNPACKING pc=0x000001d5cc7246a2 sp=0x00000086183f82e0 mode 2
Event: 12.649 Thread 0x000001d626c9d620 Uncommon trap: trap_request=0xffffffbe fr.pc=0x000001d5cce40ecc relative=0x0000000000000fac
Event: 12.649 Thread 0x000001d626c9d620 Uncommon trap: reason=profile_predicate action=maybe_recompile pc=0x000001d5cce40ecc method=com.sun.javafx.css.BitSet.addAll(Ljava/util/Collection;)Z @ 122 c2
Event: 12.649 Thread 0x000001d626c9d620 DEOPT PACKING pc=0x000001d5cce40ecc sp=0x00000086183f8360
Event: 12.649 Thread 0x000001d626c9d620 DEOPT UNPACKING pc=0x000001d5cc7246a2 sp=0x00000086183f82e0 mode 2
Event: 12.666 Thread 0x000001d626c9d620 Uncommon trap: trap_request=0xffffff45 fr.pc=0x000001d5cccb6b18 relative=0x0000000000000078
Event: 12.666 Thread 0x000001d626c9d620 Uncommon trap: reason=unstable_if action=reinterpret pc=0x000001d5cccb6b18 method=java.util.stream.StreamOpFlag.fromCharacteristics(Ljava/util/Spliterator;)I @ 10 c2
Event: 12.667 Thread 0x000001d626c9d620 DEOPT PACKING pc=0x000001d5cccb6b18 sp=0x00000086183f8c70
Event: 12.667 Thread 0x000001d626c9d620 DEOPT UNPACKING pc=0x000001d5cc7246a2 sp=0x00000086183f8c08 mode 2
Event: 12.709 Thread 0x000001d626c9d620 DEOPT PACKING pc=0x000001d5c583e595 sp=0x00000086183f8810
Event: 12.709 Thread 0x000001d626c9d620 DEOPT UNPACKING pc=0x000001d5cc724e42 sp=0x00000086183f7c98 mode 0

Classes loaded (20 events):
Event: 12.596 Loading class java/util/Formatter$DateTime
Event: 12.596 Loading class java/util/Formatter$DateTime done
Event: 12.596 Loading class java/util/Formatter$FixedString
Event: 12.596 Loading class java/util/Formatter$FixedString done
Event: 12.596 Loading class java/time/ZonedDateTime$1
Event: 12.596 Loading class java/time/ZonedDateTime$1 done
Event: 12.597 Loading class sun/util/resources/LocaleData$CommonResourceBundleProvider
Event: 12.597 Loading class sun/util/resources/LocaleData$LocaleDataResourceBundleProvider
Event: 12.597 Loading class java/util/spi/ResourceBundleProvider
Event: 12.597 Loading class java/util/spi/ResourceBundleProvider done
Event: 12.597 Loading class sun/util/resources/LocaleData$LocaleDataResourceBundleProvider done
Event: 12.597 Loading class sun/util/resources/LocaleData$CommonResourceBundleProvider done
Event: 12.597 Loading class sun/util/resources/Bundles$2
Event: 12.597 Loading class sun/util/resources/Bundles$2 done
Event: 12.608 Loading class java/time/format/FormatStyle
Event: 12.608 Loading class java/time/format/FormatStyle done
Event: 12.666 Loading class java/util/BitSet$1BitSetSpliterator
Event: 12.666 Loading class java/util/BitSet$1BitSetSpliterator done
Event: 46.826 Loading class jdk/internal/misc/Signal$1
Event: 46.826 Loading class jdk/internal/misc/Signal$1 done

Classes unloaded (0 events):
No events

Classes redefined (0 events):
No events

Internal exceptions (20 events):
Event: 7.856 Thread 0x000001d626c9d620 Exception <a 'sun/nio/fs/WindowsException'{0x0000000621fd92a0}> (0x0000000621fd92a0) 
thrown [s\open\src\hotspot\share\prims\jni.cpp, line 520]
Event: 7.895 Thread 0x000001d626c9d620 Exception <a 'sun/nio/fs/WindowsException'{0x0000000621a44f28}> (0x0000000621a44f28) 
thrown [s\open\src\hotspot\share\prims\jni.cpp, line 520]
Event: 7.921 Thread 0x000001d626c9d620 Exception <a 'sun/nio/fs/WindowsException'{0x0000000621b49538}> (0x0000000621b49538) 
thrown [s\open\src\hotspot\share\prims\jni.cpp, line 520]
Event: 7.924 Thread 0x000001d626c9d620 Exception <a 'sun/nio/fs/WindowsException'{0x0000000621b5b288}> (0x0000000621b5b288) 
thrown [s\open\src\hotspot\share\prims\jni.cpp, line 520]
Event: 7.942 Thread 0x000001d626c9d620 Exception <a 'java/lang/NoSuchMethodError'{0x0000000621bf6818}: 'java.lang.Object java.lang.invoke.DirectMethodHandle$Holder.invokeStaticInit(java.lang.Object, int, int, int, int)'> (0x0000000621bf6818) 
thrown [s\open\src\hotspot\share\interpreter\linkResolver.cpp, line 773]
Event: 7.953 Thread 0x000001d626c9d620 Exception <a 'java/lang/NoSuchMethodError'{0x000000062149b300}: 'java.lang.Object java.lang.invoke.DirectMethodHandle$Holder.invokeStaticInit(java.lang.Object, java.lang.Object, int, int, int, int)'> (0x000000062149b300) 
thrown [s\open\src\hotspot\share\interpreter\linkResolver.cpp, line 773]
Event: 8.079 Thread 0x000001d626c9d620 Exception <a 'java/lang/NoSuchMethodError'{0x000000062275c180}: 'void java.lang.invoke.DirectMethodHandle$Holder.invokeInterface(java.lang.Object, java.lang.Object, java.lang.Object, java.lang.Object)'> (0x000000062275c180) 
thrown [s\open\src\hotspot\share\interpreter\linkResolver.cpp, line 773]
Event: 8.133 Thread 0x000001d626c9d620 Exception <a 'java/io/IOException'{0x000000060613d858}> (0x000000060613d858) 
thrown [s\open\src\hotspot\share\prims\jni.cpp, line 520]
Event: 8.134 Thread 0x000001d626c9d620 Exception <a 'java/lang/NoSuchMethodError'{0x00000006061414b0}: 'void java.lang.invoke.DirectMethodHandle$Holder.invokeInterface(java.lang.Object, java.lang.Object)'> (0x00000006061414b0) 
thrown [s\open\src\hotspot\share\interpreter\linkResolver.cpp, line 773]
Event: 8.135 Thread 0x000001d626c9d620 Exception <a 'java/io/IOException'{0x00000006061483c0}> (0x00000006061483c0) 
thrown [s\open\src\hotspot\share\prims\jni.cpp, line 520]
Event: 8.184 Thread 0x000001d626c9d620 Exception <a 'java/io/IOException'{0x0000000605cf4b70}> (0x0000000605cf4b70) 
thrown [s\open\src\hotspot\share\prims\jni.cpp, line 520]
Event: 8.243 Thread 0x000001d626c9d620 Exception <a 'java/lang/NoSuchMethodError'{0x0000000605981a68}: 'int java.lang.invoke.DirectMethodHandle$Holder.invokeVirtual(java.lang.Object, java.lang.Object)'> (0x0000000605981a68) 
thrown [s\open\src\hotspot\share\interpreter\linkResolver.cpp, line 773]
Event: 8.243 Thread 0x000001d626c9d620 Exception <a 'java/lang/NoSuchMethodError'{0x000000060598fb40}: 'double java.lang.invoke.DirectMethodHandle$Holder.invokeVirtual(java.lang.Object, java.lang.Object)'> (0x000000060598fb40) 
thrown [s\open\src\hotspot\share\interpreter\linkResolver.cpp, line 773]
Event: 8.243 Thread 0x000001d626c9d620 Exception <a 'java/lang/NoSuchMethodError'{0x0000000605993ad8}: 'double java.lang.invoke.DelegatingMethodHandle$Holder.reinvoke_L(java.lang.Object, java.lang.Object)'> (0x0000000605993ad8) 
thrown [s\open\src\hotspot\share\interpreter\linkResolver.cpp, line 773]
Event: 8.460 Thread 0x000001d627bbb3e0 Exception <a 'java/lang/NoSuchMethodError'{0x0000000605d7f4c0}: 'java.lang.Object java.lang.invoke.DirectMethodHandle$Holder.invokeStaticInit(java.lang.Object, int)'> (0x0000000605d7f4c0) 
thrown [s\open\src\hotspot\share\interpreter\linkResolver.cpp, line 773]
Event: 11.608 Thread 0x000001d626c9d620 Exception <a 'java/lang/NoSuchMethodError'{0x0000000604c6e6f0}: 'void java.lang.invoke.DirectMethodHandle$Holder.invokeVirtual(java.lang.Object, java.lang.Object, int)'> (0x0000000604c6e6f0) 
thrown [s\open\src\hotspot\share\interpreter\linkResolver.cpp, line 773]
Event: 12.595 Thread 0x000001d626c9d620 Exception <a 'java/lang/ClassNotFoundException'{0x0000000604e9d978}: sun/util/logging/resources/spi/loggingProvider> (0x0000000604e9d978) 
thrown [s\open\src\hotspot\share\classfile\systemDictionary.cpp, line 312]
Event: 12.637 Thread 0x000001d626c9d620 Exception <a 'java/lang/ClassNotFoundException'{0x00000006049265d0}: com/sun/javafx/scene/control/skin/resources/controls-nt> (0x00000006049265d0) 
thrown [s\open\src\hotspot\share\prims\jni.cpp, line 539]
Event: 12.638 Thread 0x000001d626c9d620 Exception <a 'java/lang/ClassNotFoundException'{0x000000060492f1a8}: com/sun/javafx/scene/control/skin/resources/controls-nt_pt> (0x000000060492f1a8) 
thrown [s\open\src\hotspot\share\prims\jni.cpp, line 539]
Event: 12.638 Thread 0x000001d626c9d620 Exception <a 'java/lang/ClassNotFoundException'{0x00000006049309a0}: com/sun/javafx/scene/control/skin/resources/controls-nt_pt_BR> (0x00000006049309a0) 
thrown [s\open\src\hotspot\share\prims\jni.cpp, line 539]

ZGC Phase Switch (0 events):
No events

VM Operations (20 events):
Event: 8.282 Executing VM operation: ICBufferFull done
Event: 8.455 Executing VM operation: HandshakeAllThreads (Deoptimize)
Event: 8.455 Executing VM operation: HandshakeAllThreads (Deoptimize) done
Event: 8.476 Executing VM operation: ICBufferFull
Event: 8.476 Executing VM operation: ICBufferFull done
Event: 9.476 Executing VM operation: Cleanup
Event: 9.477 Executing VM operation: Cleanup done
Event: 11.478 Executing VM operation: Cleanup
Event: 11.478 Executing VM operation: Cleanup done
Event: 11.609 Executing VM operation: HandshakeAllThreads (Deoptimize)
Event: 11.609 Executing VM operation: HandshakeAllThreads (Deoptimize) done
Event: 11.610 Executing VM operation: HandshakeAllThreads (Deoptimize)
Event: 11.610 Executing VM operation: HandshakeAllThreads (Deoptimize) done
Event: 12.610 Executing VM operation: Cleanup
Event: 12.610 Executing VM operation: Cleanup done
Event: 12.646 Executing VM operation: HandshakeAllThreads (Deoptimize)
Event: 12.646 Executing VM operation: HandshakeAllThreads (Deoptimize) done
Event: 13.646 Executing VM operation: Cleanup
Event: 13.646 Executing VM operation: Cleanup done
Event: 46.828 Executing VM operation: Exit

Events (20 events):
Event: 0.526 Thread 0x000001d62772fc10 Thread added: 0x000001d62772fc10
Event: 0.526 Thread 0x000001d627730280 Thread added: 0x000001d627730280
Event: 0.829 Thread 0x000001d627f53400 Thread added: 0x000001d627f53400
Event: 0.927 Thread 0x000001d627f54120 Thread added: 0x000001d627f54120
Event: 1.391 Thread 0x000001d6262c4360 Thread exited: 0x000001d6262c4360
Event: 1.391 Thread 0x000001d6262431f0 Thread exited: 0x000001d6262431f0
Event: 1.908 Thread 0x000001d627de4790 Thread added: 0x000001d627de4790
Event: 2.213 Thread 0x000001d627de4790 Thread exited: 0x000001d627de4790
Event: 7.790 Thread 0x000001d627f55b60 Thread added: 0x000001d627f55b60
Event: 7.829 Thread 0x000001d627de69a0 Thread added: 0x000001d627de69a0
Event: 8.006 Thread 0x000001d627de39f0 Thread added: 0x000001d627de39f0
Event: 10.494 Thread 0x000001d627de39f0 Thread exited: 0x000001d627de39f0
Event: 10.494 Thread 0x000001d627de69a0 Thread exited: 0x000001d627de69a0
Event: 12.562 Thread 0x000001d627de4e60 Thread added: 0x000001d627de4e60
Event: 17.442 Thread 0x000001d627de4e60 Thread exited: 0x000001d627de4e60
Event: 46.826 Thread 0x000001d627f53a90 Thread added: 0x000001d627f53a90
Event: 46.827 Thread 0x000001d627f56880 Thread added: 0x000001d627f56880
Event: 46.827 Thread 0x000001d627f561f0 Thread added: 0x000001d627f561f0
Event: 46.827 Thread 0x000001d627f561f0 Thread exited: 0x000001d627f561f0
Event: 46.827 Thread 0x000001d627f56880 Thread exited: 0x000001d627f56880


Dynamic libraries:
0x00007ff6e3b20000 - 0x00007ff6e3b30000 	C:\Program Files\Java\jdk-21\bin\java.exe
0x00007fff8a0f0000 - 0x00007fff8a307000 	C:\WINDOWS\SYSTEM32\ntdll.dll
0x00007fff897f0000 - 0x00007fff898b4000 	C:\WINDOWS\System32\KERNEL32.DLL
0x00007fff87580000 - 0x00007fff8792c000 	C:\WINDOWS\System32\KERNELBASE.dll
0x00007fff87ce0000 - 0x00007fff87df1000 	C:\WINDOWS\System32\ucrtbase.dll
0x00007fff43320000 - 0x00007fff43339000 	C:\Program Files\Java\jdk-21\bin\jli.dll
0x00007fff43340000 - 0x00007fff4335b000 	C:\Program Files\Java\jdk-21\bin\VCRUNTIME140.dll
0x00007fff882b0000 - 0x00007fff88362000 	C:\WINDOWS\System32\ADVAPI32.dll
0x00007fff888c0000 - 0x00007fff88967000 	C:\WINDOWS\System32\msvcrt.dll
0x00007fff8a000000 - 0x00007fff8a0aa000 	C:\WINDOWS\System32\sechost.dll
0x00007fff87cb0000 - 0x00007fff87cd8000 	C:\WINDOWS\System32\bcrypt.dll
0x00007fff89e30000 - 0x00007fff89f45000 	C:\WINDOWS\System32\RPCRT4.dll
0x00007fff885b0000 - 0x00007fff8875e000 	C:\WINDOWS\System32\USER32.dll
0x00007fff87e00000 - 0x00007fff87e26000 	C:\WINDOWS\System32\win32u.dll
0x00007fff6b820000 - 0x00007fff6bab3000 	C:\WINDOWS\WinSxS\amd64_microsoft.windows.common-controls_6595b64144ccf1df_6.0.22621.3672_none_2713b9d173822955\COMCTL32.dll
0x00007fff89f50000 - 0x00007fff89f79000 	C:\WINDOWS\System32\GDI32.dll
0x00007fff87b20000 - 0x00007fff87c39000 	C:\WINDOWS\System32\gdi32full.dll
0x00007fff87420000 - 0x00007fff874ba000 	C:\WINDOWS\System32\msvcp_win.dll
0x00007fff7f2c0000 - 0x00007fff7f2ca000 	C:\WINDOWS\SYSTEM32\VERSION.dll
0x00007fff88860000 - 0x00007fff88891000 	C:\WINDOWS\System32\IMM32.DLL
0x00007fff5b240000 - 0x00007fff5b24c000 	C:\Program Files\Java\jdk-21\bin\vcruntime140_1.dll
0x00007fff41ab0000 - 0x00007fff41b3e000 	C:\Program Files\Java\jdk-21\bin\msvcp140.dll
0x00007ffee8040000 - 0x00007ffee8d57000 	C:\Program Files\Java\jdk-21\bin\server\jvm.dll
0x00007fff887e0000 - 0x00007fff88851000 	C:\WINDOWS\System32\WS2_32.dll
0x00007fff86510000 - 0x00007fff8655d000 	C:\WINDOWS\SYSTEM32\POWRPROF.dll
0x00007fff817a0000 - 0x00007fff817d4000 	C:\WINDOWS\SYSTEM32\WINMM.dll
0x00007fff86470000 - 0x00007fff86483000 	C:\WINDOWS\SYSTEM32\UMPDC.dll
0x00007fff864f0000 - 0x00007fff86508000 	C:\WINDOWS\SYSTEM32\kernel.appcore.dll
0x00007fff5ae20000 - 0x00007fff5ae2a000 	C:\Program Files\Java\jdk-21\bin\jimage.dll
0x00007fff848a0000 - 0x00007fff84ad2000 	C:\WINDOWS\SYSTEM32\DBGHELP.DLL
0x00007fff88c00000 - 0x00007fff88f88000 	C:\WINDOWS\System32\combase.dll
0x00007fff88970000 - 0x00007fff88a47000 	C:\WINDOWS\System32\OLEAUT32.dll
0x00007fff7ed60000 - 0x00007fff7ed92000 	C:\WINDOWS\SYSTEM32\dbgcore.DLL
0x00007fff87aa0000 - 0x00007fff87b1b000 	C:\WINDOWS\System32\bcryptPrimitives.dll
0x00007fff823e0000 - 0x00007fff823ef000 	C:\Program Files\Java\jdk-21\bin\instrument.dll
0x00007fff432c0000 - 0x00007fff432df000 	C:\Program Files\Java\jdk-21\bin\java.dll
0x00007fff88f90000 - 0x00007fff897ec000 	C:\WINDOWS\System32\SHELL32.dll
0x00007fff85370000 - 0x00007fff85c67000 	C:\WINDOWS\SYSTEM32\windows.storage.dll
0x00007fff85230000 - 0x00007fff8536f000 	C:\WINDOWS\SYSTEM32\wintypes.dll
0x00007fff89930000 - 0x00007fff89a24000 	C:\WINDOWS\System32\SHCORE.dll
0x00007fff89b90000 - 0x00007fff89bee000 	C:\WINDOWS\System32\shlwapi.dll
0x00007fff87350000 - 0x00007fff87371000 	C:\WINDOWS\SYSTEM32\profapi.dll
0x00007fff419d0000 - 0x00007fff41aa7000 	C:\Program Files\Java\jdk-21\bin\jsvml.dll
0x00007fff5a9f0000 - 0x00007fff5aa00000 	C:\Program Files\Java\jdk-21\bin\net.dll
0x00007fff82700000 - 0x00007fff82836000 	C:\WINDOWS\SYSTEM32\WINHTTP.dll
0x00007fff869b0000 - 0x00007fff86a19000 	C:\WINDOWS\system32\mswsock.dll
0x00007fff419b0000 - 0x00007fff419c6000 	C:\Program Files\Java\jdk-21\bin\nio.dll
0x00007fff41990000 - 0x00007fff419a8000 	C:\Program Files\Java\jdk-21\bin\zip.dll
0x00007fff73640000 - 0x00007fff7365a000 	C:\Program Files\JetBrains\IntelliJ IDEA 2023.3.5\bin\breakgen64.dll
0x000001d5bacf0000 - 0x000001d5bacf3000 	C:\Users\adria\.openjfx\cache\21+31\amd64\api-ms-win-core-console-l1-1-0.dll
0x000001d5bad00000 - 0x000001d5bad03000 	C:\Users\adria\.openjfx\cache\21+31\amd64\api-ms-win-core-console-l1-2-0.dll
0x000001d5bad10000 - 0x000001d5bad13000 	C:\Users\adria\.openjfx\cache\21+31\amd64\api-ms-win-core-datetime-l1-1-0.dll
0x000001d5bad20000 - 0x000001d5bad23000 	C:\Users\adria\.openjfx\cache\21+31\amd64\api-ms-win-core-debug-l1-1-0.dll
0x000001d5bad30000 - 0x000001d5bad33000 	C:\Users\adria\.openjfx\cache\21+31\amd64\api-ms-win-core-errorhandling-l1-1-0.dll
0x000001d5bad40000 - 0x000001d5bad44000 	C:\Users\adria\.openjfx\cache\21+31\amd64\api-ms-win-core-file-l1-1-0.dll
0x000001d5bccc0000 - 0x000001d5bccc3000 	C:\Users\adria\.openjfx\cache\21+31\amd64\api-ms-win-core-file-l1-2-0.dll
0x000001d5bccd0000 - 0x000001d5bccd3000 	C:\Users\adria\.openjfx\cache\21+31\amd64\api-ms-win-core-file-l2-1-0.dll
0x000001d5bcce0000 - 0x000001d5bcce3000 	C:\Users\adria\.openjfx\cache\21+31\amd64\api-ms-win-core-handle-l1-1-0.dll
0x000001d5bccf0000 - 0x000001d5bccf3000 	C:\Users\adria\.openjfx\cache\21+31\amd64\api-ms-win-core-heap-l1-1-0.dll
0x000001d5e0fb0000 - 0x000001d5e0fb3000 	C:\Users\adria\.openjfx\cache\21+31\amd64\api-ms-win-core-interlocked-l1-1-0.dll
0x000001d5e0fc0000 - 0x000001d5e0fc3000 	C:\Users\adria\.openjfx\cache\21+31\amd64\api-ms-win-core-libraryloader-l1-1-0.dll
0x000001d5e0fd0000 - 0x000001d5e0fd3000 	C:\Users\adria\.openjfx\cache\21+31\amd64\api-ms-win-core-localization-l1-2-0.dll
0x000001d5e0fe0000 - 0x000001d5e0fe3000 	C:\Users\adria\.openjfx\cache\21+31\amd64\api-ms-win-core-memory-l1-1-0.dll
0x000001d5e0ff0000 - 0x000001d5e0ff3000 	C:\Users\adria\.openjfx\cache\21+31\amd64\api-ms-win-core-namedpipe-l1-1-0.dll
0x000001d628cb0000 - 0x000001d628cb3000 	C:\Users\adria\.openjfx\cache\21+31\amd64\api-ms-win-core-processenvironment-l1-1-0.dll
0x000001d628cc0000 - 0x000001d628cc3000 	C:\Users\adria\.openjfx\cache\21+31\amd64\api-ms-win-core-processthreads-l1-1-0.dll
0x000001d628cd0000 - 0x000001d628cd3000 	C:\Users\adria\.openjfx\cache\21+31\amd64\api-ms-win-core-processthreads-l1-1-1.dll
0x000001d628ce0000 - 0x000001d628ce3000 	C:\Users\adria\.openjfx\cache\21+31\amd64\api-ms-win-core-profile-l1-1-0.dll
0x000001d628cf0000 - 0x000001d628cf3000 	C:\Users\adria\.openjfx\cache\21+31\amd64\api-ms-win-core-rtlsupport-l1-1-0.dll
0x000001d628d00000 - 0x000001d628d03000 	C:\Users\adria\.openjfx\cache\21+31\amd64\api-ms-win-core-string-l1-1-0.dll
0x000001d628d10000 - 0x000001d628d13000 	C:\Users\adria\.openjfx\cache\21+31\amd64\api-ms-win-core-synch-l1-1-0.dll
0x000001d628d20000 - 0x000001d628d23000 	C:\Users\adria\.openjfx\cache\21+31\amd64\api-ms-win-core-synch-l1-2-0.dll
0x000001d628d30000 - 0x000001d628d33000 	C:\Users\adria\.openjfx\cache\21+31\amd64\api-ms-win-core-sysinfo-l1-1-0.dll
0x000001d628d40000 - 0x000001d628d43000 	C:\Users\adria\.openjfx\cache\21+31\amd64\api-ms-win-core-timezone-l1-1-0.dll
0x000001d628ba0000 - 0x000001d628ba3000 	C:\Users\adria\.openjfx\cache\21+31\amd64\api-ms-win-core-util-l1-1-0.dll
0x000001d628bb0000 - 0x000001d628bb3000 	C:\Users\adria\.openjfx\cache\21+31\amd64\api-ms-win-crt-conio-l1-1-0.dll
0x000001d628bc0000 - 0x000001d628bc4000 	C:\Users\adria\.openjfx\cache\21+31\amd64\api-ms-win-crt-convert-l1-1-0.dll
0x000001d628bd0000 - 0x000001d628bd3000 	C:\Users\adria\.openjfx\cache\21+31\amd64\api-ms-win-crt-environment-l1-1-0.dll
0x000001d628be0000 - 0x000001d628be3000 	C:\Users\adria\.openjfx\cache\21+31\amd64\api-ms-win-crt-filesystem-l1-1-0.dll
0x000001d628bf0000 - 0x000001d628bf3000 	C:\Users\adria\.openjfx\cache\21+31\amd64\api-ms-win-crt-heap-l1-1-0.dll
0x000001d628c00000 - 0x000001d628c03000 	C:\Users\adria\.openjfx\cache\21+31\amd64\api-ms-win-crt-locale-l1-1-0.dll
0x000001d628c10000 - 0x000001d628c15000 	C:\Users\adria\.openjfx\cache\21+31\amd64\api-ms-win-crt-math-l1-1-0.dll
0x000001d628c20000 - 0x000001d628c25000 	C:\Users\adria\.openjfx\cache\21+31\amd64\api-ms-win-crt-multibyte-l1-1-0.dll
0x000001d628c30000 - 0x000001d628c40000 	C:\Users\adria\.openjfx\cache\21+31\amd64\api-ms-win-crt-private-l1-1-0.dll
0x000001d628c40000 - 0x000001d628c43000 	C:\Users\adria\.openjfx\cache\21+31\amd64\api-ms-win-crt-process-l1-1-0.dll
0x000001d628c50000 - 0x000001d628c54000 	C:\Users\adria\.openjfx\cache\21+31\amd64\api-ms-win-crt-runtime-l1-1-0.dll
0x000001d628c60000 - 0x000001d628c64000 	C:\Users\adria\.openjfx\cache\21+31\amd64\api-ms-win-crt-stdio-l1-1-0.dll
0x000001d628c70000 - 0x000001d628c74000 	C:\Users\adria\.openjfx\cache\21+31\amd64\api-ms-win-crt-string-l1-1-0.dll
0x000001d628c80000 - 0x000001d628c83000 	C:\Users\adria\.openjfx\cache\21+31\amd64\api-ms-win-crt-time-l1-1-0.dll
0x000001d628c90000 - 0x000001d628c93000 	C:\Users\adria\.openjfx\cache\21+31\amd64\api-ms-win-crt-utility-l1-1-0.dll
0x00007fff14910000 - 0x00007fff14a0c000 	C:\Users\adria\.openjfx\cache\21+31\amd64\ucrtbase.dll
0x00007fff73620000 - 0x00007fff7363b000 	C:\Users\adria\.openjfx\cache\21+31\amd64\vcruntime140.dll
0x00007fff73790000 - 0x00007fff7379c000 	C:\Users\adria\.openjfx\cache\21+31\amd64\vcruntime140_1.dll
0x00007ffefa9e0000 - 0x00007ffefaa6e000 	C:\Users\adria\.openjfx\cache\21+31\amd64\msvcp140.dll
0x00007fff89bf0000 - 0x00007fff89d95000 	C:\WINDOWS\System32\ole32.dll
0x00007fff6d340000 - 0x00007fff6d349000 	C:\Users\adria\.openjfx\cache\21+31\amd64\msvcp140_1.dll
0x00007fff5d930000 - 0x00007fff5d95f000 	C:\Users\adria\.openjfx\cache\21+31\amd64\msvcp140_2.dll
0x00007fff42180000 - 0x00007fff421af000 	C:\Users\adria\.openjfx\cache\21+31\amd64\prism_d3d.dll
0x00007fff56810000 - 0x00007fff569b8000 	C:\WINDOWS\system32\d3d9.dll
0x00007fff84be0000 - 0x00007fff84c0b000 	C:\WINDOWS\SYSTEM32\dwmapi.dll
0x00007fff84750000 - 0x00007fff84789000 	C:\WINDOWS\SYSTEM32\dxcore.dll
0x00007fff84540000 - 0x00007fff845ea000 	C:\WINDOWS\system32\uxtheme.dll
0x00007ffef8e50000 - 0x00007ffef8fad000 	C:\WINDOWS\System32\DriverStore\FileRepository\iigd_dch.inf_amd64_2b7bcff446ea567f\igdumdim64.dll
0x00007ffed2330000 - 0x00007ffed5c02000 	C:\WINDOWS\System32\DriverStore\FileRepository\iigd_dch.inf_amd64_2b7bcff446ea567f\igd9dxva64.dll
0x00007fff87e30000 - 0x00007fff882a4000 	C:\WINDOWS\System32\SETUPAPI.dll
0x00007fff87100000 - 0x00007fff8714e000 	C:\WINDOWS\SYSTEM32\cfgmgr32.dll
0x00007fff6b4f0000 - 0x00007fff6b695000 	C:\WINDOWS\System32\DriverStore\FileRepository\iigd_dch.inf_amd64_2b7bcff446ea567f\igdgmm64.dll
0x00007fff79760000 - 0x00007fff797a9000 	C:\WINDOWS\SYSTEM32\directxdatabasehelper.dll
0x00007fff21e80000 - 0x00007fff21ec2000 	C:\Users\adria\.openjfx\cache\21+31\amd64\glass.dll
0x00007fff88b00000 - 0x00007fff88bf6000 	C:\WINDOWS\System32\COMDLG32.dll
0x00007fff89a30000 - 0x00007fff89b83000 	C:\WINDOWS\System32\MSCTF.dll
0x00007fff59de0000 - 0x00007fff59e06000 	C:\WINDOWS\System32\DriverStore\FileRepository\iigd_dch.inf_amd64_2b7bcff446ea567f\igdinfo64.dll
0x00007fff67d50000 - 0x00007fff6a806000 	C:\WINDOWS\System32\DriverStore\FileRepository\iigd_dch.inf_amd64_2b7bcff446ea567f\igc64.dll
0x00007fff50520000 - 0x00007fff50534000 	C:\Users\adria\.openjfx\cache\21+31\amd64\javafx_font.dll
0x00007fff7fee0000 - 0x00007fff80153000 	C:\WINDOWS\SYSTEM32\dwrite.dll
0x00007fff88a50000 - 0x00007fff88b00000 	C:\WINDOWS\System32\clbcatq.dll
0x00007fff842e0000 - 0x00007fff84490000 	C:\WINDOWS\SYSTEM32\WindowsCodecs.dll
0x00007fff6fe40000 - 0x00007fff6fe9e000 	C:\WINDOWS\system32\dataexchange.dll
0x00007fff80e00000 - 0x00007fff8108a000 	C:\WINDOWS\system32\twinapi.appcore.dll
0x00007fff41b40000 - 0x00007fff41b72000 	C:\Program Files\Common Files\Microsoft Shared\Ink\rtscom.dll
0x00007fff63d50000 - 0x00007fff63e9d000 	C:\WINDOWS\SYSTEM32\textinputframework.dll
0x00007fff814b0000 - 0x00007fff815e3000 	C:\WINDOWS\SYSTEM32\CoreMessaging.dll
0x00007fff788a0000 - 0x00007fff78c0d000 	C:\WINDOWS\SYSTEM32\CoreUIComponents.dll
0x00007fff86c30000 - 0x00007fff86c3c000 	C:\WINDOWS\SYSTEM32\CRYPTBASE.DLL
0x00007fff85f90000 - 0x00007fff86088000 	C:\WINDOWS\SYSTEM32\DNSAPI.dll
0x00007fff85f10000 - 0x00007fff85f3d000 	C:\WINDOWS\SYSTEM32\IPHLPAPI.DLL
0x00007fff888b0000 - 0x00007fff888b9000 	C:\WINDOWS\System32\NSI.dll
0x00007fff7f2d0000 - 0x00007fff7f2da000 	C:\Windows\System32\rasadhlp.dll

dbghelp: loaded successfully - version: 4.0.5 - missing functions: none
symbol engine: initialized successfully - sym options: 0x614 - pdb path: .;C:\Program Files\Java\jdk-21\bin;C:\WINDOWS\SYSTEM32;C:\WINDOWS\WinSxS\amd64_microsoft.windows.common-controls_6595b64144ccf1df_6.0.22621.3672_none_2713b9d173822955;C:\Program Files\Java\jdk-21\bin\server;C:\Program Files\JetBrains\IntelliJ IDEA 2023.3.5\bin;C:\Users\adria\.openjfx\cache\21+31\amd64;C:\WINDOWS\System32\DriverStore\FileRepository\iigd_dch.inf_amd64_2b7bcff446ea567f;C:\Program Files\Common Files\Microsoft Shared\Ink

VM Arguments:
jvm_args: -javaagent:C:\Program Files\JetBrains\IntelliJ IDEA 2023.3.5\lib\idea_rt.jar=52974:C:\Program Files\JetBrains\IntelliJ IDEA 2023.3.5\bin -Dfile.encoding=UTF-8 -Dsun.stdout.encoding=UTF-8 -Dsun.stderr.encoding=UTF-8 --module-path=C:\Users\adria\.m2\repository\org\openjfx\javafx-controls\21\javafx-controls-21-win.jar;C:\Program Files\Java\javalibs\javafx-sdk-21.0.2\lib\javafx.controls.jar;C:\Users\adria\.m2\repository\org\openjfx\javafx-fxml\21\javafx-fxml-21-win.jar;C:\Program Files\Java\javalibs\javafx-sdk-21.0.2\lib\javafx.fxml.jar;C:\Users\adria\.m2\repository\com\dlsc\formsfx\formsfx-core\11.6.0\formsfx-core-11.6.0.jar;C:\Users\adria\.m2\repository\net\synedra\validatorfx\0.4.0\validatorfx-0.4.0.jar;C:\Users\adria\.m2\repository\org\openjfx\javafx-graphics\21\javafx-graphics-21-win.jar;C:\Program Files\Java\javalibs\javafx-sdk-21.0.2\lib\javafx.graphics.jar;C:\Users\adria\Documents\GitHub\EasyScheduleDesk\target\classes;C:\Program Files\Java\javalibs\javafx-sdk-21.0.2\lib\javafx.media.jar;C:\Users\adria\.m2\repository\org\openjfx\javafx-base\21\javafx-base-21-win.jar;C:\Program Files\Java\javalibs\javafx-sdk-21.0.2\lib\javafx.base.jar;C:\Users\adria\.m2\repository\org\kordamp\ikonli\ikonli-core\12.3.1\ikonli-core-12.3.1.jar;C:\Users\adria\.m2\repository\org\kordamp\ikonli\ikonli-javafx\12.3.1\ikonli-javafx-12.3.1.jar;C:\Users\adria\.m2\repository\org\controlsfx\controlsfx\11.1.2\controlsfx-11.1.2.jar -Djdk.module.main=main.java.easyschedule 
java_command: main.java.easyschedule/App.App --module-path C:\Program Files\Java\javalibs\javafx-sdk-21.0.2\lib --add-modules=javafx.controls
java_class_path (initial): C:\Users\adria\.m2\repository\org\openjfx\javafx-controls\21\javafx-controls-21.jar;C:\Users\adria\.m2\repository\org\openjfx\javafx-graphics\21\javafx-graphics-21.jar;C:\Users\adria\.m2\repository\org\openjfx\javafx-base\21\javafx-base-21.jar;C:\Users\adria\.m2\repository\org\openjfx\javafx-fxml\21\javafx-fxml-21.jar;C:\Program Files\Java\javalibs\javafx-sdk-21.0.2\lib\javafx-swt.jar;C:\Program Files\Java\javalibs\javafx-sdk-21.0.2\lib\javafx.web.jar;C:\Program Files\Java\javalibs\javafx-sdk-21.0.2\lib\javafx.swing.jar;C:\Program Files\Java\javalibs\mysql-connector-j-8.4.0\mysql-connector-j-8.4.0.jar
Launcher Type: SUN_STANDARD

[Global flags]
     intx CICompilerCount                          = 4                                         {product} {ergonomic}
     uint ConcGCThreads                            = 2                                         {product} {ergonomic}
     uint G1ConcRefinementThreads                  = 8                                         {product} {ergonomic}
   size_t G1HeapRegionSize                         = 4194304                                   {product} {ergonomic}
    uintx GCDrainStackTargetSize                   = 64                                        {product} {ergonomic}
   size_t InitialHeapSize                          = 536870912                                 {product} {ergonomic}
   size_t MarkStackSize                            = 4194304                                   {product} {ergonomic}
   size_t MaxHeapSize                              = 8547991552                                {product} {ergonomic}
   size_t MaxNewSize                               = 5125439488                                {product} {ergonomic}
   size_t MinHeapDeltaBytes                        = 4194304                                   {product} {ergonomic}
   size_t MinHeapSize                              = 8388608                                   {product} {ergonomic}
    uintx NonNMethodCodeHeapSize                   = 5839372                                {pd product} {ergonomic}
    uintx NonProfiledCodeHeapSize                  = 122909434                              {pd product} {ergonomic}
    uintx ProfiledCodeHeapSize                     = 122909434                              {pd product} {ergonomic}
    uintx ReservedCodeCacheSize                    = 251658240                              {pd product} {ergonomic}
     bool SegmentedCodeCache                       = true                                      {product} {ergonomic}
   size_t SoftMaxHeapSize                          = 8547991552                             {manageable} {ergonomic}
     bool UseCompressedOops                        = true                           {product lp64_product} {ergonomic}
     bool UseG1GC                                  = true                                      {product} {ergonomic}
     bool UseLargePagesIndividualAllocation        = false                                  {pd product} {ergonomic}

Logging:
Log output configuration:
 #0: stdout all=off uptime,level,tags foldmultilines=false
 #1: stderr all=off uptime,level,tags foldmultilines=false

Environment Variables:
PATH=C:\Program Files\Common Files\Oracle\Java\javapath;C:\ProgramData\Oracle\Java\javapath;C:\Windows\system32;C:\Windows;C:\Windows\System32\Wbem;C:\Windows\System32\WindowsPowerShell\v1.0\;C:\Windows\System32\OpenSSH\;C:\Program Files (x86)\NVIDIA Corporation\PhysX\Common;C:\Program Files\NVIDIA Corporation\NVIDIA NvDLISR;C:\WINDOWS\system32;C:\WINDOWS;C:\WINDOWS\System32\Wbem;C:\WINDOWS\System32\WindowsPowerShell\v1.0\;C:\WINDOWS\System32\OpenSSH\;C:\MinGW\bin;C:\Program Files\dotnet\;C:\Program Files\Git\cmd;C:\Program Files\MySQL\MySQL Shell 8.0\bin\;C:\Users\adria\AppData\Local\Microsoft\WindowsApps;C:\Users\adria\AppData\Local\Programs\Microsoft VS Code\bin;C:\Users\adria\AppData\Local\GitHubDesktop\bin;C:\Program Files\Java\jdk-21\bin;C:\Program Files\JetBrains\IntelliJ IDEA 2023.3.5\bin;;C:\Program Files\Java\javalibs\javafx-sdk-21.0.2\bin;
USERNAME=adria
OS=Windows_NT
PROCESSOR_IDENTIFIER=Intel64 Family 6 Model 165 Stepping 2, GenuineIntel
TMP=C:\Users\adria\AppData\Local\Temp
TEMP=C:\Users\adria\AppData\Local\Temp




Periodic native trim disabled

---------------  S Y S T E M  ---------------

OS:
 Windows 11 , 64 bit Build 22621 (10.0.22621.3672)
OS uptime: 5 days 5:57 hours

CPU: total 8 (initial active 8) (4 cores per cpu, 2 threads per core) family 6 model 165 stepping 2 microcode 0xea, cx8, cmov, fxsr, ht, mmx, 3dnowpref, sse, sse2, sse3, ssse3, sse4.1, sse4.2, popcnt, lzcnt, tsc, tscinvbit, avx, avx2, aes, erms, clmul, bmi1, bmi2, adx, fma, vzeroupper, clflush, clflushopt, rdtscp, f16c, pku
Processor Information for all 8 processors :
  Max Mhz: 2496, Current Mhz: 2496, Mhz Limit: 2496

Memory: 4k page, system-wide physical 32599M (18924M free)
TotalPageFile size 37463M (AvailPageFile size 22769M)
current process WorkingSet (physical memory assigned to process): 187M, peak: 206M
current process commit charge ("private bytes"): 239M, peak: 692M

vm_info: Java HotSpot(TM) 64-Bit Server VM (21.0.2+13-LTS-58) for windows-amd64 JRE (21.0.2+13-LTS-58), built on 2024-01-05T18:32:24Z by "mach5one" with MS VC++ 17.1 (VS2022)

END.
